#
# A fatal error has been detected by the Java Runtime Environment:
#
#  EXCEPTION_ACCESS_VIOLATION (0xc0000005) at pc=0x00007ffb19a84879, pid=17860, tid=17468
#
# JRE version: OpenJDK Runtime Environment (15.0.1+9) (build 15.0.1+9-18)
# Java VM: OpenJDK 64-Bit Server VM (15.0.1+9-18, mixed mode, sharing, tiered, compressed oops, g1 gc, windows-amd64)
# Problematic frame:
# C  [javafx_font.dll+0x4879]
#
# No core dump will be written. Minidumps are not enabled by default on client versions of Windows
#
# If you would like to submit a bug report, please visit:
#   https://bugreport.java.com/bugreport/crash.jsp
# The crash happened outside the Java Virtual Machine in native code.
# See problematic frame for where to report the bug.
#

---------------  S U M M A R Y ------------

Command Line: -Djava.awt.headless=true -Dorg.gradle.native=false -Dprism.order=sw -Dprism.text=t2k -Dtestfx.headless=true -Dtestfx.robot=glass -javaagent:build/tmp/expandedArchives/org.jacoco.agent-0.8.5.jar_6a2df60c47de373ea127d14406367999/jacocoagent.jar=destfile=build/jacoco/test.exec,append=true,inclnolocationclasses=false,dumponexit=true,output=file,jmx=false -Xmx512m -Dfile.encoding=utf-8 -Duser.country=US -Duser.language=en -Duser.variant -ea worker.org.gradle.process.internal.worker.GradleWorkerMain 'Gradle Test Executor 2'

Host: Intel(R) Core(TM) i7-8750H CPU @ 2.20GHz, 12 cores, 15G,  Windows 10 , 64 bit Build 18362 (10.0.18362.1110)
Time: Thu Dec 10 12:11:08 2020 FLE Standard Time elapsed time: 7.742482 seconds (0d 0h 0m 7s)

---------------  T H R E A D  ---------------

Current thread (0x000002e2ac8312f0):  JavaThread "QuantumRenderer-0" daemon [_thread_in_native, id=17468, stack(0x000000f33a900000,0x000000f33aa00000)]

Stack: [0x000000f33a900000,0x000000f33aa00000],  sp=0x000000f33a9fcea0,  free space=1011k
Native frames: (J=compiled Java code, j=interpreted, Vv=VM code, C=native code)
C  [javafx_font.dll+0x4879]

Java frames: (J=compiled Java code, j=interpreted, Vv=VM code)
j  com.sun.javafx.font.directwrite.OS.CreateBitmap(JIIII)J+0
j  com.sun.javafx.font.directwrite.IWICImagingFactory.CreateBitmap(IIII)Lcom/sun/javafx/font/directwrite/IWICBitmap;+14
j  com.sun.javafx.font.directwrite.DWGlyph.createBitmap(II)Lcom/sun/javafx/font/directwrite/IWICBitmap;+21
j  com.sun.javafx.font.directwrite.DWGlyph.getCachedBitmap()Lcom/sun/javafx/font/directwrite/IWICBitmap;+30
j  com.sun.javafx.font.directwrite.DWGlyph.getD2DMask(FFZ)[B+194
j  com.sun.javafx.font.directwrite.DWGlyph.getPixelData(I)[B+160
j  com.sun.prism.sw.SWGraphics.drawGlyph(Lcom/sun/javafx/font/FontStrike;Lcom/sun/javafx/scene/text/GlyphList;ILcom/sun/javafx/geom/transform/BaseTransform;ZFF)V+118
j  com.sun.prism.sw.SWGraphics.drawString(Lcom/sun/javafx/scene/text/GlyphList;Lcom/sun/javafx/font/FontStrike;FFLcom/sun/prism/paint/Color;II)V+661
j  com.sun.javafx.sg.prism.NGText.renderText(Lcom/sun/prism/Graphics;Lcom/sun/javafx/font/FontStrike;Lcom/sun/javafx/geom/BaseBounds;Lcom/sun/prism/paint/Color;I)V+330
j  com.sun.javafx.sg.prism.NGText.renderContent2D(Lcom/sun/prism/Graphics;Z)V+437
j  com.sun.javafx.sg.prism.NGShape.renderContent(Lcom/sun/prism/Graphics;)V+684
j  com.sun.javafx.sg.prism.NGNode.doRender(Lcom/sun/prism/Graphics;)V+659
j  com.sun.javafx.sg.prism.NGNode.render(Lcom/sun/prism/Graphics;)V+80
j  com.sun.javafx.sg.prism.NGGroup.renderContent(Lcom/sun/prism/Graphics;)V+264
j  com.sun.javafx.sg.prism.NGRegion.renderContent(Lcom/sun/prism/Graphics;)V+217
j  com.sun.javafx.sg.prism.NGNode.doRender(Lcom/sun/prism/Graphics;)V+659
j  com.sun.javafx.sg.prism.NGNode.render(Lcom/sun/prism/Graphics;)V+80
j  com.sun.javafx.sg.prism.NGGroup.renderContent(Lcom/sun/prism/Graphics;)V+264
j  com.sun.javafx.sg.prism.NGRegion.renderContent(Lcom/sun/prism/Graphics;)V+217
j  com.sun.javafx.sg.prism.NGNode.doRender(Lcom/sun/prism/Graphics;)V+659
j  com.sun.javafx.sg.prism.NGNode.render(Lcom/sun/prism/Graphics;)V+80
j  com.sun.javafx.sg.prism.NGGroup.renderContent(Lcom/sun/prism/Graphics;)V+264
j  com.sun.javafx.sg.prism.NGRegion.renderContent(Lcom/sun/prism/Graphics;)V+217
j  com.sun.javafx.sg.prism.NGNode.doRender(Lcom/sun/prism/Graphics;)V+659
j  com.sun.javafx.sg.prism.NGNode.render(Lcom/sun/prism/Graphics;)V+80
j  com.sun.javafx.sg.prism.NGGroup.renderContent(Lcom/sun/prism/Graphics;)V+264
j  com.sun.javafx.sg.prism.NGRegion.renderContent(Lcom/sun/prism/Graphics;)V+217
j  com.sun.javafx.sg.prism.NGNode.renderForClip(Lcom/sun/prism/Graphics;)V+33
j  com.sun.javafx.sg.prism.NGNode.renderRectClip(Lcom/sun/prism/Graphics;Lcom/sun/javafx/sg/prism/NGRectangle;)V+221
j  com.sun.javafx.sg.prism.NGNode.renderClip(Lcom/sun/prism/Graphics;)V+161
j  com.sun.javafx.sg.prism.CacheFilter.renderNodeToCache(Lcom/sun/scenario/effect/ImageData;Lcom/sun/javafx/geom/Rectangle;Lcom/sun/javafx/geom/transform/BaseTransform;Lcom/sun/javafx/geom/Rectangle;)V+276
j  com.sun.javafx.sg.prism.CacheFilter.render(Lcom/sun/prism/Graphics;)V+586
j  com.sun.javafx.sg.prism.NGNode.renderCached(Lcom/sun/prism/Graphics;)V+68
j  com.sun.javafx.sg.prism.NGNode.doRender(Lcom/sun/prism/Graphics;)V+514
j  com.sun.javafx.sg.prism.NGNode.render(Lcom/sun/prism/Graphics;)V+80
j  com.sun.javafx.sg.prism.NGGroup.renderContent(Lcom/sun/prism/Graphics;)V+264
j  com.sun.javafx.sg.prism.NGRegion.renderContent(Lcom/sun/prism/Graphics;)V+217
j  com.sun.javafx.sg.prism.NGNode.doRender(Lcom/sun/prism/Graphics;)V+659
j  com.sun.javafx.sg.prism.NGNode.render(Lcom/sun/prism/Graphics;)V+80
j  com.sun.javafx.tk.quantum.ViewPainter.doPaint(Lcom/sun/prism/Graphics;Lcom/sun/javafx/sg/prism/NodePath;)V+386
j  com.sun.javafx.tk.quantum.ViewPainter.paintImpl(Lcom/sun/prism/Graphics;)V+1628
j  com.sun.javafx.tk.quantum.UploadingPainter.run()V+1342
j  java.util.concurrent.Executors$RunnableAdapter.call()Ljava/lang/Object;+4 java.base@15.0.1
j  java.util.concurrent.FutureTask.runAndReset()Z+44 java.base@15.0.1
j  com.sun.javafx.tk.RenderJob.run()V+5
j  java.util.concurrent.ThreadPoolExecutor.runWorker(Ljava/util/concurrent/ThreadPoolExecutor$Worker;)V+92 java.base@15.0.1
j  java.util.concurrent.ThreadPoolExecutor$Worker.run()V+5 java.base@15.0.1
j  com.sun.javafx.tk.quantum.QuantumRenderer$PipelineRunnable.run()V+17
j  java.lang.Thread.run()V+11 java.base@15.0.1
v  ~StubRoutines::call_stub

siginfo: EXCEPTION_ACCESS_VIOLATION (0xc0000005), reading address 0x00007ffb27037678


Register to memory mapping:

RIP=0x00007ffb19a84879 javafx_font.dll
RAX=0x0000000000000001 is an unknown value
RBX=0x0 is NULL
RCX=0x000002e2b31c2420 points into unknown readable memory: 0x00007ffb270375f0 | f0 75 03 27 fb 7f 00 00
RDX=0x0000000000000100 is an unknown value
RSP=0x000000f33a9fcea0 is pointing into the stack for thread: 0x000002e2ac8312f0
RBP=0x000000f33a9fcf98 is pointing into the stack for thread: 0x000002e2ac8312f0
RSI=0x0000000000000148 is an unknown value
RDI=0x0000000000000100 is an unknown value
R8 =0x0000000000000100 is an unknown value
R9 =0x000000f33a9fced8 is pointing into the stack for thread: 0x000002e2ac8312f0
R10=0x00007ffb270375f0 is an unknown value
R11=0x000002e2b31c2420 points into unknown readable memory: 0x00007ffb270375f0 | f0 75 03 27 fb 7f 00 00
R12=0x0 is NULL
R13={method} {0x000002e2b0038d18} 'CreateBitmap' '(JIIII)J' in 'com/sun/javafx/font/directwrite/OS'
R14=0x000000f33a9fcfe0 is pointing into the stack for thread: 0x000002e2ac8312f0
R15=0x000002e2ac8312f0 is a thread


Registers:
RAX=0x0000000000000001, RBX=0x0000000000000000, RCX=0x000002e2b31c2420, RDX=0x0000000000000100
RSP=0x000000f33a9fcea0, RBP=0x000000f33a9fcf98, RSI=0x0000000000000148, RDI=0x0000000000000100
R8 =0x0000000000000100, R9 =0x000000f33a9fced8, R10=0x00007ffb270375f0, R11=0x000002e2b31c2420
R12=0x0000000000000000, R13=0x000002e2b0038d10, R14=0x000000f33a9fcfe0, R15=0x000002e2ac8312f0
RIP=0x00007ffb19a84879, EFLAGS=0x0000000000010206

Top of Stack: (sp=0x000000f33a9fcea0)
0x000000f33a9fcea0:   000002e2ac8312f0 0000000000000148
0x000000f33a9fceb0:   000002e2b0038d10 000002e2ac8312f0
0x000000f33a9fcec0:   0000000000000001 000000f33a9fced0
0x000000f33a9fced0:   0000000000000000 4bfe4e036fddc324
0x000000f33a9fcee0:   10c98d76773d85b1 0000817fac897009
0x000000f33a9fcef0:   0000000000001fdb 000002e29629f177
0x000000f33a9fcf00:   000002e2b0038d10 00007ffacb562984
0x000000f33a9fcf10:   0000000000001fdb 000002e29629ee5c
0x000000f33a9fcf20:   000002e200000100 0000000000000008
0x000000f33a9fcf30:   0000000000000001 00007ffacb55c1d7
0x000000f33a9fcf40:   3ff0000000000000 000002e29629ee16
0x000000f33a9fcf50:   000000f33a9fcf50 000002e2b0038d10
0x000000f33a9fcf60:   000000f33a9fcfe0 000002e2b00396c0
0x000000f33a9fcf70:   0000000000000000 00000000e1aee2a0
0x000000f33a9fcf80:   000002e2b0038d10 0000000000000000
0x000000f33a9fcf90:   000000f33a9fcfb8 000000f33a9fd030 

Instructions: (pc=0x00007ffb19a84879)
0x00007ffb19a84779:   eb 02 33 c0 48 8b 4c 24 40 48 33 cc e8 76 45 00
0x00007ffb19a84789:   00 48 83 c4 50 41 5f 41 5e 5f 5e 5b c3 cc cc cc
0x00007ffb19a84799:   cc cc cc cc cc cc cc 48 89 5c 24 08 57 48 83 ec
0x00007ffb19a847a9:   50 48 8b 05 4f b8 00 00 48 33 c4 48 89 44 24 48
0x00007ffb19a847b9:   8b 84 24 88 00 00 00 33 db ff c8 48 89 5c 24 30
0x00007ffb19a847c9:   41 8b f9 4d 8b d8 83 f8 0a 77 7b 48 8d 15 25 b8
0x00007ffb19a847d9:   ff ff 48 98 8b 8c 82 a4 48 00 00 48 03 ca ff e1
0x00007ffb19a847e9:   0f 10 05 d0 79 00 00 eb 58 0f 10 05 d7 79 00 00
0x00007ffb19a847f9:   eb 4f 0f 10 05 de 79 00 00 eb 46 0f 10 05 f5 79
0x00007ffb19a84809:   00 00 eb 3d 0f 10 05 dc 79 00 00 eb 34 0f 10 05
0x00007ffb19a84819:   f3 79 00 00 eb 2b 0f 10 05 fa 79 00 00 eb 22 0f
0x00007ffb19a84829:   10 05 01 7a 00 00 eb 19 0f 10 05 08 7a 00 00 eb
0x00007ffb19a84839:   10 0f 10 05 0f 7a 00 00 eb 07 0f 10 05 16 7a 00
0x00007ffb19a84849:   00 0f 11 44 24 38 4d 8b 10 48 8d 44 24 30 44 8b
0x00007ffb19a84859:   84 24 80 00 00 00 4c 8d 4c 24 38 48 89 44 24 28
0x00007ffb19a84869:   8b d7 8b 84 24 90 00 00 00 49 8b cb 89 44 24 20
0x00007ffb19a84879:   41 ff 92 88 00 00 00 85 c0 48 0f 49 5c 24 30 48
0x00007ffb19a84889:   8b c3 48 8b 4c 24 48 48 33 cc e8 68 44 00 00 48
0x00007ffb19a84899:   8b 5c 24 60 48 83 c4 50 5f c3 90 e9 47 00 00 f2
0x00007ffb19a848a9:   47 00 00 fb 47 00 00 04 48 00 00 0d 48 00 00 16
0x00007ffb19a848b9:   48 00 00 1f 48 00 00 28 48 00 00 31 48 00 00 3a
0x00007ffb19a848c9:   48 00 00 43 48 00 00 40 53 48 83 ec 20 49 8b 00
0x00007ffb19a848d9:   48 8d 54 24 40 33 db 49 8b c8 48 89 5c 24 40 ff
0x00007ffb19a848e9:   50 68 85 c0 48 0f 49 5c 24 40 48 8b c3 48 83 c4
0x00007ffb19a848f9:   20 5b c3 cc cc cc cc 48 89 5c 24 08 57 48 83 ec
0x00007ffb19a84909:   40 48 8b 44 24 70 33 ff 4d 8b 10 41 8b d1 48 89
0x00007ffb19a84919:   44 24 70 4c 8d 4c 24 70 48 8d 44 24 60 48 89 7c
0x00007ffb19a84929:   24 60 48 89 44 24 30 49 8b c8 8b 84 24 80 00 00
0x00007ffb19a84939:   00 44 8d 47 01 89 44 24 28 8b 44 24 78 89 44 24
0x00007ffb19a84949:   20 41 ff 52 48 48 8b 5c 24 50 85 c0 48 0f 49 7c
0x00007ffb19a84959:   24 60 48 8b c7 48 83 c4 40 5f c3 cc cc cc cc cc
0x00007ffb19a84969:   cc cc cc cc cc cc cc 48 89 5c 24 08 48 89 6c 24 


Stack slot to memory mapping:
stack at sp + 0 slots: 0x000002e2ac8312f0 is a thread
stack at sp + 1 slots: 0x0000000000000148 is an unknown value
stack at sp + 2 slots: {method} {0x000002e2b0038d18} 'CreateBitmap' '(JIIII)J' in 'com/sun/javafx/font/directwrite/OS'
stack at sp + 3 slots: 0x000002e2ac8312f0 is a thread
stack at sp + 4 slots: 0x0000000000000001 is an unknown value
stack at sp + 5 slots: 0x000000f33a9fced0 is pointing into the stack for thread: 0x000002e2ac8312f0
stack at sp + 6 slots: 0x0 is NULL
stack at sp + 7 slots: 0x4bfe4e036fddc324 is an unknown value


---------------  P R O C E S S  ---------------

Threads class SMR info:
_java_thread_list=0x000002e2ab046c10, length=23, elements={
0x000002e28e07e7b0, 0x000002e2a975bd90, 0x000002e2a975c870, 0x000002e2a9779330,
0x000002e2a977ac00, 0x000002e2a977dc70, 0x000002e2aa0807c0, 0x000002e2aa088d80,
0x000002e2aa089e20, 0x000002e2a973cac0, 0x000002e2aa627590, 0x000002e2acd60840,
0x000002e2abdb6af0, 0x000002e2ac066f40, 0x000002e2adcc6a70, 0x000002e2ac05e850,
0x000002e2ac8312f0, 0x000002e2ab6ac800, 0x000002e2ac999520, 0x000002e2acc1bbd0,
0x000002e2acc1b230, 0x000002e2acc1c0a0, 0x000002e2acf3e570
}

Java Threads: ( => current thread )
  0x000002e28e07e7b0 JavaThread "main" [_thread_blocked, id=4416, stack(0x000000f338800000,0x000000f338900000)]
  0x000002e2a975bd90 JavaThread "Reference Handler" daemon [_thread_blocked, id=19128, stack(0x000000f338f00000,0x000000f339000000)]
  0x000002e2a975c870 JavaThread "Finalizer" daemon [_thread_blocked, id=13512, stack(0x000000f339000000,0x000000f339100000)]
  0x000002e2a9779330 JavaThread "Signal Dispatcher" daemon [_thread_blocked, id=8576, stack(0x000000f339100000,0x000000f339200000)]
  0x000002e2a977ac00 JavaThread "Attach Listener" daemon [_thread_blocked, id=12456, stack(0x000000f339200000,0x000000f339300000)]
  0x000002e2a977dc70 JavaThread "Service Thread" daemon [_thread_blocked, id=1220, stack(0x000000f339300000,0x000000f339400000)]
  0x000002e2aa0807c0 JavaThread "C2 CompilerThread0" daemon [_thread_blocked, id=19676, stack(0x000000f339400000,0x000000f339500000)]
  0x000002e2aa088d80 JavaThread "C1 CompilerThread0" daemon [_thread_blocked, id=15572, stack(0x000000f339500000,0x000000f339600000)]
  0x000002e2aa089e20 JavaThread "Sweeper thread" daemon [_thread_blocked, id=15600, stack(0x000000f339600000,0x000000f339700000)]
  0x000002e2a973cac0 JavaThread "Common-Cleaner" daemon [_thread_blocked, id=20352, stack(0x000000f339700000,0x000000f339800000)]
  0x000002e2aa627590 JavaThread "Notification Thread" daemon [_thread_blocked, id=11608, stack(0x000000f339900000,0x000000f339a00000)]
  0x000002e2acd60840 JavaThread "Test worker" [_thread_blocked, id=18552, stack(0x000000f33a200000,0x000000f33a300000)]
  0x000002e2abdb6af0 JavaThread "/127.0.0.1:52683 to /127.0.0.1:52682 workers Thread 2" [_thread_blocked, id=5404, stack(0x000000f33a300000,0x000000f33a400000)]
  0x000002e2ac066f40 JavaThread "/127.0.0.1:52683 to /127.0.0.1:52682 workers Thread 3" [_thread_in_native, id=17984, stack(0x000000f33a400000,0x000000f33a500000)]
  0x000002e2adcc6a70 JavaThread "testfx-async-pool-thread-1" daemon [_thread_blocked, id=10236, stack(0x000000f33a700000,0x000000f33a800000)]
  0x000002e2ac05e850 JavaThread "JavaFX-Launcher" daemon [_thread_blocked, id=10932, stack(0x000000f33a800000,0x000000f33a900000)]
=>0x000002e2ac8312f0 JavaThread "QuantumRenderer-0" daemon [_thread_in_native, id=17468, stack(0x000000f33a900000,0x000000f33aa00000)]
  0x000002e2ab6ac800 JavaThread "JavaFX Application Thread" daemon [_thread_blocked, id=9220, stack(0x000000f33aa00000,0x000000f33ab00000)]
  0x000002e2ac999520 JavaThread "Timer-0" daemon [_thread_blocked, id=10564, stack(0x000000f33ab00000,0x000000f33ac00000)]
  0x000002e2acc1bbd0 JavaThread "testfx-async-pool-thread-2" daemon [_thread_blocked, id=10424, stack(0x000000f33ac00000,0x000000f33ad00000)]
  0x000002e2acc1b230 JavaThread "Prism Font Disposer" daemon [_thread_blocked, id=1040, stack(0x000000f33ad00000,0x000000f33ae00000)]
  0x000002e2acc1c0a0 JavaThread "Cleaner-0" daemon [_thread_blocked, id=19672, stack(0x000000f33b000000,0x000000f33b100000)]
  0x000002e2acf3e570 JavaThread "C2 CompilerThread1" daemon [_thread_blocked, id=19936, stack(0x000000f339800000,0x000000f339900000)]

Other Threads:
  0x000002e2a9759e60 VMThread "VM Thread" [stack: 0x000000f338e00000,0x000000f338f00000] [id=3508]
  0x000002e2aa617340 WatcherThread [stack: 0x000000f339a00000,0x000000f339b00000] [id=744]
  0x000002e28e0a72e0 GCTaskThread "GC Thread#0" [stack: 0x000000f338900000,0x000000f338a00000] [id=3876]
  0x000002e2aa204220 GCTaskThread "GC Thread#1" [stack: 0x000000f339b00000,0x000000f339c00000] [id=10172]
  0x000002e2aa203230 GCTaskThread "GC Thread#2" [stack: 0x000000f339c00000,0x000000f339d00000] [id=1668]
  0x000002e2aa203560 GCTaskThread "GC Thread#3" [stack: 0x000000f339d00000,0x000000f339e00000] [id=16268]
  0x000002e2aa205870 GCTaskThread "GC Thread#4" [stack: 0x000000f339e00000,0x000000f339f00000] [id=9548]
  0x000002e2aa203ef0 GCTaskThread "GC Thread#5" [stack: 0x000000f339f00000,0x000000f33a000000] [id=19580]
  0x000002e2aa205ba0 GCTaskThread "GC Thread#6" [stack: 0x000000f33a500000,0x000000f33a600000] [id=5656]
  0x000002e2aa204550 GCTaskThread "GC Thread#7" [stack: 0x000000f33a600000,0x000000f33a700000] [id=13068]
  0x000002e28e0ac340 ConcurrentGCThread "G1 Main Marker" [stack: 0x000000f338a00000,0x000000f338b00000] [id=21192]
  0x000002e28e0ace40 ConcurrentGCThread "G1 Conc#0" [stack: 0x000000f338b00000,0x000000f338c00000] [id=19840]
  0x000002e2aa206200 ConcurrentGCThread "G1 Conc#1" [stack: 0x000000f33ae00000,0x000000f33af00000] [id=17400]
  0x000002e2b06fd2e0 ConcurrentGCThread "G1 Conc#2" [stack: 0x000000f33af00000,0x000000f33b000000] [id=9484]
  0x000002e28e13cfe0 ConcurrentGCThread "G1 Refine#0" [stack: 0x000000f338c00000,0x000000f338d00000] [id=3136]
  0x000002e28e13daf0 ConcurrentGCThread "G1 Young RemSet Sampling" [stack: 0x000000f338d00000,0x000000f338e00000] [id=9856]

Threads with active compile tasks:

VM state: not at safepoint (normal execution)

VM Mutex/Monitor currently owned by a thread: None

Heap address: 0x00000000e0000000, size: 512 MB, Compressed Oops mode: 32-bit
CDS archive(s) mapped at: [0x0000000800000000-0x0000000800b50000-0x0000000800b50000), size 11862016, SharedBaseAddress: 0x0000000800000000, ArchiveRelocationMode: 0.
Compressed class space mapped at: 0x0000000800b50000-0x0000000840b50000, size: 1073741824
Narrow klass base: 0x0000000800000000, Narrow klass shift: 3, Narrow klass range: 0x100000000

GC Precious Log:
 CPUs: 12 total, 12 available
 Memory: 16229M
 Large Page Support: Disabled
 NUMA Support: Disabled
 Compressed Oops: Enabled (32-bit)
 Heap Region Size: 1M
 Heap Min Capacity: 8M
 Heap Initial Capacity: 254M
 Heap Max Capacity: 512M
 Pre-touch: Disabled
 Parallel Workers: 10
 Concurrent Workers: 3
 Concurrent Refinement Workers: 10
 Periodic GC: Disabled

Heap:
 garbage-first heap   total 68608K, used 33218K [0x00000000e0000000, 0x0000000100000000)
  region size 1024K, 4 young (4096K), 3 survivors (3072K)
 Metaspace       used 30453K, capacity 30832K, committed 30976K, reserved 1077248K
  class space    used 3942K, capacity 4063K, committed 4096K, reserved 1048576K

Heap Regions: E=young(eden), S=young(survivor), O=old, HS=humongous(starts), HC=humongous(continues), CS=collection set, F=free, OA=open archive, CA=closed archive, TAMS=top-at-mark-start (previous, next)
|   0|0x00000000e0000000, 0x00000000e0100000, 0x00000000e0100000|100%| O|  |TAMS 0x00000000e0100000, 0x00000000e0000000| Untracked 
|   1|0x00000000e0100000, 0x00000000e0200000, 0x00000000e0200000|100%| O|  |TAMS 0x00000000e0200000, 0x00000000e0100000| Untracked 
|   2|0x00000000e0200000, 0x00000000e0300000, 0x00000000e0300000|100%| O|  |TAMS 0x00000000e0300000, 0x00000000e0200000| Untracked 
|   3|0x00000000e0300000, 0x00000000e0400000, 0x00000000e0400000|100%| O|  |TAMS 0x00000000e0400000, 0x00000000e0300000| Untracked 
|   4|0x00000000e0400000, 0x00000000e0500000, 0x00000000e0500000|100%| O|  |TAMS 0x00000000e0500000, 0x00000000e0400000| Untracked 
|   5|0x00000000e0500000, 0x00000000e0503c00, 0x00000000e0600000|  1%| O|  |TAMS 0x00000000e0503c00, 0x00000000e0500000| Untracked 
|   6|0x00000000e0600000, 0x00000000e0700000, 0x00000000e0700000|100%|HS|  |TAMS 0x00000000e0700000, 0x00000000e0600000| Complete 
|   7|0x00000000e0700000, 0x00000000e0800000, 0x00000000e0800000|100%|HC|  |TAMS 0x00000000e0800000, 0x00000000e0700000| Complete 
|   8|0x00000000e0800000, 0x00000000e0900000, 0x00000000e0900000|100%|HC|  |TAMS 0x00000000e0900000, 0x00000000e0800000| Complete 
|   9|0x00000000e0900000, 0x00000000e0a00000, 0x00000000e0a00000|100%|HC|  |TAMS 0x00000000e0a00000, 0x00000000e0900000| Complete 
|  10|0x00000000e0a00000, 0x00000000e0a00000, 0x00000000e0b00000|  0%| F|  |TAMS 0x00000000e0a00000, 0x00000000e0a00000| Untracked 
|  11|0x00000000e0b00000, 0x00000000e0c00000, 0x00000000e0c00000|100%|HS|  |TAMS 0x00000000e0c00000, 0x00000000e0b00000| Complete 
|  12|0x00000000e0c00000, 0x00000000e0d00000, 0x00000000e0d00000|100%|HC|  |TAMS 0x00000000e0d00000, 0x00000000e0c00000| Complete 
|  13|0x00000000e0d00000, 0x00000000e0e00000, 0x00000000e0e00000|100%|HC|  |TAMS 0x00000000e0e00000, 0x00000000e0d00000| Complete 
|  14|0x00000000e0e00000, 0x00000000e0f00000, 0x00000000e0f00000|100%|HC|  |TAMS 0x00000000e0f00000, 0x00000000e0e00000| Complete 
|  15|0x00000000e0f00000, 0x00000000e1000000, 0x00000000e1000000|100%|HC|  |TAMS 0x00000000e1000000, 0x00000000e0f00000| Complete 
|  16|0x00000000e1000000, 0x00000000e1100000, 0x00000000e1100000|100%|HC|  |TAMS 0x00000000e1100000, 0x00000000e1000000| Complete 
|  17|0x00000000e1100000, 0x00000000e1200000, 0x00000000e1200000|100%|HC|  |TAMS 0x00000000e1200000, 0x00000000e1100000| Complete 
|  18|0x00000000e1200000, 0x00000000e1300000, 0x00000000e1300000|100%|HC|  |TAMS 0x00000000e1300000, 0x00000000e1200000| Complete 
|  19|0x00000000e1300000, 0x00000000e1400000, 0x00000000e1400000|100%|HC|  |TAMS 0x00000000e1400000, 0x00000000e1300000| Complete 
|  20|0x00000000e1400000, 0x00000000e1500000, 0x00000000e1500000|100%| O|  |TAMS 0x00000000e1500000, 0x00000000e1400000| Untracked 
|  21|0x00000000e1500000, 0x00000000e1600000, 0x00000000e1600000|100%| O|  |TAMS 0x00000000e1600000, 0x00000000e1500000| Untracked 
|  22|0x00000000e1600000, 0x00000000e1700000, 0x00000000e1700000|100%| O|  |TAMS 0x00000000e1700000, 0x00000000e1600000| Untracked 
|  23|0x00000000e1700000, 0x00000000e1800000, 0x00000000e1800000|100%| O|  |TAMS 0x00000000e1800000, 0x00000000e1700000| Untracked 
|  24|0x00000000e1800000, 0x00000000e18ca200, 0x00000000e1900000| 78%| O|  |TAMS 0x00000000e1813800, 0x00000000e1800000| Untracked 
|  25|0x00000000e1900000, 0x00000000e1900000, 0x00000000e1a00000|  0%| F|  |TAMS 0x00000000e1900000, 0x00000000e1900000| Untracked 
|  26|0x00000000e1a00000, 0x00000000e1b00000, 0x00000000e1b00000|100%| O|  |TAMS 0x00000000e1b00000, 0x00000000e1a00000| Untracked 
|  27|0x00000000e1b00000, 0x00000000e1c00000, 0x00000000e1c00000|100%| O|  |TAMS 0x00000000e1c00000, 0x00000000e1b00000| Untracked 
|  28|0x00000000e1c00000, 0x00000000e1d00000, 0x00000000e1d00000|100%|HS|  |TAMS 0x00000000e1d00000, 0x00000000e1c00000| Complete 
|  29|0x00000000e1d00000, 0x00000000e1e00000, 0x00000000e1e00000|100%|HC|  |TAMS 0x00000000e1e00000, 0x00000000e1d00000| Complete 
|  30|0x00000000e1e00000, 0x00000000e1f00000, 0x00000000e1f00000|100%|HS|  |TAMS 0x00000000e1e00000, 0x00000000e1e00000| Complete 
|  31|0x00000000e1f00000, 0x00000000e2000000, 0x00000000e2000000|100%|HC|  |TAMS 0x00000000e1f00000, 0x00000000e1f00000| Complete 
|  32|0x00000000e2000000, 0x00000000e2000000, 0x00000000e2100000|  0%| F|  |TAMS 0x00000000e2000000, 0x00000000e2000000| Untracked 
|  33|0x00000000e2100000, 0x00000000e2100000, 0x00000000e2200000|  0%| F|  |TAMS 0x00000000e2100000, 0x00000000e2100000| Untracked 
|  34|0x00000000e2200000, 0x00000000e2200000, 0x00000000e2300000|  0%| F|  |TAMS 0x00000000e2200000, 0x00000000e2200000| Untracked 
|  35|0x00000000e2300000, 0x00000000e2300000, 0x00000000e2400000|  0%| F|  |TAMS 0x00000000e2300000, 0x00000000e2300000| Untracked 
|  36|0x00000000e2400000, 0x00000000e2400000, 0x00000000e2500000|  0%| F|  |TAMS 0x00000000e2400000, 0x00000000e2400000| Untracked 
|  37|0x00000000e2500000, 0x00000000e2500000, 0x00000000e2600000|  0%| F|  |TAMS 0x00000000e2500000, 0x00000000e2500000| Untracked 
|  38|0x00000000e2600000, 0x00000000e2600000, 0x00000000e2700000|  0%| F|  |TAMS 0x00000000e2600000, 0x00000000e2600000| Untracked 
|  39|0x00000000e2700000, 0x00000000e2700000, 0x00000000e2800000|  0%| F|  |TAMS 0x00000000e2700000, 0x00000000e2700000| Untracked 
|  40|0x00000000e2800000, 0x00000000e2800000, 0x00000000e2900000|  0%| F|  |TAMS 0x00000000e2800000, 0x00000000e2800000| Untracked 
|  41|0x00000000e2900000, 0x00000000e2900000, 0x00000000e2a00000|  0%| F|  |TAMS 0x00000000e2900000, 0x00000000e2900000| Untracked 
|  42|0x00000000e2a00000, 0x00000000e2a00000, 0x00000000e2b00000|  0%| F|  |TAMS 0x00000000e2a00000, 0x00000000e2a00000| Untracked 
|  43|0x00000000e2b00000, 0x00000000e2b00000, 0x00000000e2c00000|  0%| F|  |TAMS 0x00000000e2b00000, 0x00000000e2b00000| Untracked 
|  44|0x00000000e2c00000, 0x00000000e2c00000, 0x00000000e2d00000|  0%| F|  |TAMS 0x00000000e2c00000, 0x00000000e2c00000| Untracked 
|  45|0x00000000e2d00000, 0x00000000e2d00000, 0x00000000e2e00000|  0%| F|  |TAMS 0x00000000e2d00000, 0x00000000e2d00000| Untracked 
|  46|0x00000000e2e00000, 0x00000000e2e00000, 0x00000000e2f00000|  0%| F|  |TAMS 0x00000000e2e00000, 0x00000000e2e00000| Untracked 
|  47|0x00000000e2f00000, 0x00000000e2f00000, 0x00000000e3000000|  0%| F|  |TAMS 0x00000000e2f00000, 0x00000000e2f00000| Untracked 
|  48|0x00000000e3000000, 0x00000000e3000000, 0x00000000e3100000|  0%| F|  |TAMS 0x00000000e3000000, 0x00000000e3000000| Untracked 
|  49|0x00000000e3100000, 0x00000000e3100000, 0x00000000e3200000|  0%| F|  |TAMS 0x00000000e3100000, 0x00000000e3100000| Untracked 
|  50|0x00000000e3200000, 0x00000000e3200000, 0x00000000e3300000|  0%| F|  |TAMS 0x00000000e3200000, 0x00000000e3200000| Untracked 
|  51|0x00000000e3300000, 0x00000000e33a2da0, 0x00000000e3400000| 63%| S|CS|TAMS 0x00000000e3300000, 0x00000000e3300000| Complete 
|  52|0x00000000e3400000, 0x00000000e3500000, 0x00000000e3500000|100%| S|CS|TAMS 0x00000000e3400000, 0x00000000e3400000| Complete 
|  53|0x00000000e3500000, 0x00000000e3600000, 0x00000000e3600000|100%| S|CS|TAMS 0x00000000e3500000, 0x00000000e3500000| Complete 
|  54|0x00000000e3600000, 0x00000000e3600000, 0x00000000e3700000|  0%| F|  |TAMS 0x00000000e3600000, 0x00000000e3600000| Untracked 
|  55|0x00000000e3700000, 0x00000000e3700000, 0x00000000e3800000|  0%| F|  |TAMS 0x00000000e3700000, 0x00000000e3700000| Untracked 
|  56|0x00000000e3800000, 0x00000000e3800000, 0x00000000e3900000|  0%| F|  |TAMS 0x00000000e3800000, 0x00000000e3800000| Untracked 
|  57|0x00000000e3900000, 0x00000000e3900000, 0x00000000e3a00000|  0%| F|  |TAMS 0x00000000e3900000, 0x00000000e3900000| Untracked 
| 163|0x00000000ea300000, 0x00000000ea300000, 0x00000000ea400000|  0%| F|  |TAMS 0x00000000ea300000, 0x00000000ea300000| Untracked 
| 164|0x00000000ea400000, 0x00000000ea400000, 0x00000000ea500000|  0%| F|  |TAMS 0x00000000ea400000, 0x00000000ea400000| Untracked 
| 165|0x00000000ea500000, 0x00000000ea500000, 0x00000000ea600000|  0%| F|  |TAMS 0x00000000ea500000, 0x00000000ea500000| Untracked 
| 166|0x00000000ea600000, 0x00000000ea600000, 0x00000000ea700000|  0%| F|  |TAMS 0x00000000ea600000, 0x00000000ea600000| Untracked 
| 167|0x00000000ea700000, 0x00000000ea700000, 0x00000000ea800000|  0%| F|  |TAMS 0x00000000ea700000, 0x00000000ea700000| Untracked 
| 168|0x00000000ea800000, 0x00000000ea800000, 0x00000000ea900000|  0%| F|  |TAMS 0x00000000ea800000, 0x00000000ea800000| Untracked 
| 252|0x00000000efc00000, 0x00000000efc00000, 0x00000000efd00000|  0%| F|  |TAMS 0x00000000efc00000, 0x00000000efc00000| Untracked 
| 253|0x00000000efd00000, 0x00000000efd3a528, 0x00000000efe00000| 22%| E|  |TAMS 0x00000000efd00000, 0x00000000efd00000| Complete 
| 511|0x00000000fff00000, 0x0000000100000000, 0x0000000100000000|100%| O|  |TAMS 0x0000000100000000, 0x00000000fff00000| Untracked 

Card table byte_map: [0x000002e2a58e0000,0x000002e2a59e0000] _byte_map_base: 0x000002e2a51e0000

Marking Bits (Prev, Next): (CMBitMap*) 0x000002e28e0a79e0, (CMBitMap*) 0x000002e28e0a7a20
 Prev Bits: [0x000002e2a5ae0000, 0x000002e2a62e0000)
 Next Bits: [0x000002e2a62e0000, 0x000002e2a6ae0000)

Polling page: 0x000002e28bd50000

Metaspace:

Usage:
  Non-class:     26.14 MB capacity,    25.89 MB (>99%) used,   217.98 KB ( <1%) free+waste,    39.75 KB ( <1%) overhead. 
      Class:      3.97 MB capacity,     3.85 MB ( 97%) used,   104.48 KB (  3%) free+waste,    15.88 KB ( <1%) overhead. 
       Both:     30.11 MB capacity,    29.74 MB ( 99%) used,   322.46 KB (  1%) free+waste,    55.63 KB ( <1%) overhead. 

Virtual space:
  Non-class space:       28.00 MB reserved,      26.25 MB ( 94%) committed 
      Class space:        1.00 GB reserved,       4.00 MB ( <1%) committed 
             Both:        1.03 GB reserved,      30.25 MB (  3%) committed 

Chunk freelists:
   Non-Class:  47.00 KB
       Class:  1.00 KB
        Both:  48.00 KB

MaxMetaspaceSize: 17179869184.00 GB
CompressedClassSpaceSize: 1.00 GB

CodeHeap 'non-profiled nmethods': size=120000Kb used=2817Kb max_used=2817Kb free=117182Kb
 bounds [0x000002e29dd60000, 0x000002e29e030000, 0x000002e2a5290000]
CodeHeap 'profiled nmethods': size=120000Kb used=10135Kb max_used=10135Kb free=109864Kb
 bounds [0x000002e296830000, 0x000002e297220000, 0x000002e29dd60000]
CodeHeap 'non-nmethods': size=5760Kb used=1428Kb max_used=1564Kb free=4331Kb
 bounds [0x000002e296290000, 0x000002e296500000, 0x000002e296830000]
 total_blobs=5669 nmethods=4919 adapters=662
 compilation: enabled
              stopped_count=0, restarted_count=0
 full_count=0

Compilation events (20 events):
Event: 7.649 Thread 0x000002e2aa088d80 nmethod 5510 0x000002e29720dc90 code [0x000002e29720de40, 0x000002e29720e008]
Event: 7.649 Thread 0x000002e2aa088d80 5511       3       java.io.FileInputStream::read (8 bytes)
Event: 7.649 Thread 0x000002e2aa088d80 nmethod 5511 0x000002e29720e110 code [0x000002e29720e2c0, 0x000002e29720e3e8]
Event: 7.649 Thread 0x000002e2aa088d80 5513       3       sun.security.provider.MD5::implCompress (1508 bytes)
Event: 7.651 Thread 0x000002e2acf3ea80 5515       4       org.jacoco.agent.rt.internal_43f5073.asm.commons.AnalyzerAdapter::visitIntInsn (14 bytes)
Event: 7.651 Thread 0x000002e2aa088d80 nmethod 5513 0x000002e29720e490 code [0x000002e29720e9e0, 0x000002e297211168]
Event: 7.651 Thread 0x000002e2aa088d80 5514       3       sun.security.provider.ByteArrayAccess::b2iLittle64 (614 bytes)
Event: 7.651 Thread 0x000002e2aa088d80 nmethod 5514 0x000002e297212c10 code [0x000002e297212de0, 0x000002e297213368]
Event: 7.652 Thread 0x000002e2acf3ea80 nmethod 5515 0x000002e29e015690 code [0x000002e29e015820, 0x000002e29e0158e8]
Event: 7.655 Thread 0x000002e2aa088d80 5516       3       com.sun.javafx.geom.Rectangle::$jacocoInit (53 bytes)
Event: 7.656 Thread 0x000002e2aa088d80 nmethod 5516 0x000002e297213610 code [0x000002e297213840, 0x000002e297214378]
Event: 7.656 Thread 0x000002e2acf3e570 5517       4       java.lang.invoke.MethodType::makeImpl (108 bytes)
Event: 7.657 Thread 0x000002e2acf3ea80 5518       4       com.sun.javafx.sg.prism.NGNode::$jacocoInit (54 bytes)
Event: 7.657 Thread 0x000002e2aa088d80 5519       3       javafx.scene.layout.Background::getFills (13 bytes)
Event: 7.657 Thread 0x000002e2aa088d80 nmethod 5519 0x000002e297214610 code [0x000002e2972147c0, 0x000002e297214928]
Event: 7.657 Thread 0x000002e2aa088d80 5520       3       com.sun.javafx.geom.transform.AffineBase::getMyx (14 bytes)
Event: 7.657 Thread 0x000002e2aa088d80 nmethod 5520 0x000002e297214a10 code [0x000002e297214bc0, 0x000002e297214d28]
Event: 7.657 Thread 0x000002e2aa088d80 5521       3       com.sun.javafx.geom.transform.AffineBase::getMxy (14 bytes)
Event: 7.657 Thread 0x000002e2aa088d80 nmethod 5521 0x000002e297214e10 code [0x000002e297214fc0, 0x000002e297215128]
Event: 7.657 Thread 0x000002e2acf3ea80 nmethod 5518 0x000002e29e015a10 code [0x000002e29e015b80, 0x000002e29e015bf8]

GC Heap History (20 events):
Event: 0.617 GC heap before
{Heap before GC invocations=0 (full 0):
 garbage-first heap   total 260096K, used 22528K [0x00000000e0000000, 0x0000000100000000)
  region size 1024K, 23 young (23552K), 0 survivors (0K)
 Metaspace       used 3387K, capacity 6140K, committed 6272K, reserved 1056768K
  class space    used 338K, capacity 596K, committed 640K, reserved 1048576K
}
Event: 0.620 GC heap after
{Heap after GC invocations=1 (full 0):
 garbage-first heap   total 260096K, used 5682K [0x00000000e0000000, 0x0000000100000000)
  region size 1024K, 3 young (3072K), 3 survivors (3072K)
 Metaspace       used 3387K, capacity 6140K, committed 6272K, reserved 1056768K
  class space    used 338K, capacity 596K, committed 640K, reserved 1048576K
}
Event: 0.977 GC heap before
{Heap before GC invocations=1 (full 0):
 garbage-first heap   total 260096K, used 35378K [0x00000000e0000000, 0x0000000100000000)
  region size 1024K, 32 young (32768K), 3 survivors (3072K)
 Metaspace       used 6903K, capacity 7754K, committed 8064K, reserved 1056768K
  class space    used 765K, capacity 808K, committed 896K, reserved 1048576K
}
Event: 0.980 GC heap after
{Heap after GC invocations=2 (full 0):
 garbage-first heap   total 260096K, used 6882K [0x00000000e0000000, 0x0000000100000000)
  region size 1024K, 2 young (2048K), 2 survivors (2048K)
 Metaspace       used 6903K, capacity 7754K, committed 8064K, reserved 1056768K
  class space    used 765K, capacity 808K, committed 896K, reserved 1048576K
}
Event: 2.237 GC heap before
{Heap before GC invocations=2 (full 0):
 garbage-first heap   total 260096K, used 164578K [0x00000000e0000000, 0x0000000100000000)
  region size 1024K, 152 young (155648K), 2 survivors (2048K)
 Metaspace       used 15165K, capacity 15475K, committed 15744K, reserved 1062912K
  class space    used 1736K, capacity 1822K, committed 1920K, reserved 1048576K
}
Event: 2.241 GC heap after
{Heap after GC invocations=3 (full 0):
 garbage-first heap   total 260096K, used 13757K [0x00000000e0000000, 0x0000000100000000)
  region size 1024K, 5 young (5120K), 5 survivors (5120K)
 Metaspace       used 15165K, capacity 15475K, committed 15744K, reserved 1062912K
  class space    used 1736K, capacity 1822K, committed 1920K, reserved 1048576K
}
Event: 2.908 GC heap before
{Heap before GC invocations=3 (full 0):
 garbage-first heap   total 260096K, used 100797K [0x00000000e0000000, 0x0000000100000000)
  region size 1024K, 90 young (92160K), 5 survivors (5120K)
 Metaspace       used 20835K, capacity 21153K, committed 21248K, reserved 1067008K
  class space    used 2596K, capacity 2731K, committed 2816K, reserved 1048576K
}
Event: 2.912 GC heap after
{Heap after GC invocations=4 (full 0):
 garbage-first heap   total 260096K, used 16399K [0x00000000e0000000, 0x0000000100000000)
  region size 1024K, 6 young (6144K), 6 survivors (6144K)
 Metaspace       used 20835K, capacity 21153K, committed 21248K, reserved 1067008K
  class space    used 2596K, capacity 2731K, committed 2816K, reserved 1048576K
}
Event: 3.669 GC heap before
{Heap before GC invocations=5 (full 0):
 garbage-first heap   total 65536K, used 59407K [0x00000000e0000000, 0x0000000100000000)
  region size 1024K, 38 young (38912K), 6 survivors (6144K)
 Metaspace       used 22825K, capacity 23195K, committed 23552K, reserved 1069056K
  class space    used 2842K, capacity 2963K, committed 3072K, reserved 1048576K
}
Event: 3.673 GC heap after
{Heap after GC invocations=6 (full 0):
 garbage-first heap   total 68608K, used 28020K [0x00000000e0000000, 0x0000000100000000)
  region size 1024K, 4 young (4096K), 4 survivors (4096K)
 Metaspace       used 22825K, capacity 23195K, committed 23552K, reserved 1069056K
  class space    used 2842K, capacity 2963K, committed 3072K, reserved 1048576K
}
Event: 3.873 GC heap before
{Heap before GC invocations=6 (full 0):
 garbage-first heap   total 68608K, used 51572K [0x00000000e0000000, 0x0000000100000000)
  region size 1024K, 27 young (27648K), 4 survivors (4096K)
 Metaspace       used 24585K, capacity 24982K, committed 25088K, reserved 1071104K
  class space    used 3155K, capacity 3257K, committed 3328K, reserved 1048576K
}
Event: 3.876 GC heap after
{Heap after GC invocations=7 (full 0):
 garbage-first heap   total 68608K, used 26459K [0x00000000e0000000, 0x0000000100000000)
  region size 1024K, 3 young (3072K), 3 survivors (3072K)
 Metaspace       used 24585K, capacity 24982K, committed 25088K, reserved 1071104K
  class space    used 3155K, capacity 3257K, committed 3328K, reserved 1048576K
}
Event: 4.080 GC heap before
{Heap before GC invocations=7 (full 0):
 garbage-first heap   total 68608K, used 52059K [0x00000000e0000000, 0x0000000100000000)
  region size 1024K, 28 young (28672K), 3 survivors (3072K)
 Metaspace       used 26293K, capacity 26621K, committed 26880K, reserved 1073152K
  class space    used 3417K, capacity 3521K, committed 3584K, reserved 1048576K
}
Event: 4.082 GC heap after
{Heap after GC invocations=8 (full 0):
 garbage-first heap   total 68608K, used 26666K [0x00000000e0000000, 0x0000000100000000)
  region size 1024K, 3 young (3072K), 3 survivors (3072K)
 Metaspace       used 26293K, capacity 26621K, committed 26880K, reserved 1073152K
  class space    used 3417K, capacity 3521K, committed 3584K, reserved 1048576K
}
Event: 7.001 GC heap before
{Heap before GC invocations=8 (full 0):
 garbage-first heap   total 68608K, used 55338K [0x00000000e0000000, 0x0000000100000000)
  region size 1024K, 30 young (30720K), 3 survivors (3072K)
 Metaspace       used 27992K, capacity 28401K, committed 28672K, reserved 1075200K
  class space    used 3623K, capacity 3766K, committed 3840K, reserved 1048576K
}
Event: 7.008 GC heap after
{Heap after GC invocations=9 (full 0):
 garbage-first heap   total 68608K, used 28554K [0x00000000e0000000, 0x0000000100000000)
  region size 1024K, 2 young (2048K), 2 survivors (2048K)
 Metaspace       used 27992K, capacity 28401K, committed 28672K, reserved 1075200K
  class space    used 3623K, capacity 3766K, committed 3840K, reserved 1048576K
}
Event: 7.513 GC heap before
{Heap before GC invocations=9 (full 0):
 garbage-first heap   total 68608K, used 54154K [0x00000000e0000000, 0x0000000100000000)
  region size 1024K, 27 young (27648K), 2 survivors (2048K)
 Metaspace       used 29584K, capacity 29988K, committed 30208K, reserved 1075200K
  class space    used 3843K, capacity 3995K, committed 4096K, reserved 1048576K
}
Event: 7.517 GC heap after
{Heap after GC invocations=10 (full 0):
 garbage-first heap   total 68608K, used 29545K [0x00000000e0000000, 0x0000000100000000)
  region size 1024K, 3 young (3072K), 3 survivors (3072K)
 Metaspace       used 29584K, capacity 29988K, committed 30208K, reserved 1075200K
  class space    used 3843K, capacity 3995K, committed 4096K, reserved 1048576K
}
Event: 7.652 GC heap before
{Heap before GC invocations=10 (full 0):
 garbage-first heap   total 68608K, used 42857K [0x00000000e0000000, 0x0000000100000000)
  region size 1024K, 15 young (15360K), 3 survivors (3072K)
 Metaspace       used 30443K, capacity 30832K, committed 30976K, reserved 1077248K
  class space    used 3940K, capacity 4063K, committed 4096K, reserved 1048576K
}
Event: 7.655 GC heap after
{Heap after GC invocations=11 (full 0):
 garbage-first heap   total 68608K, used 31170K [0x00000000e0000000, 0x0000000100000000)
  region size 1024K, 3 young (3072K), 3 survivors (3072K)
 Metaspace       used 30443K, capacity 30832K, committed 30976K, reserved 1077248K
  class space    used 3940K, capacity 4063K, committed 4096K, reserved 1048576K
}

Deoptimization events (20 events):
Event: 7.512 Thread 0x000002e2ab6ac800 DEOPT PACKING pc=0x000002e29dfe28dc sp=0x000000f33aafbb00
Event: 7.512 Thread 0x000002e2ab6ac800 DEOPT UNPACKING pc=0x000002e2962de42f sp=0x000000f33aafba80 mode 2
Event: 7.524 Thread 0x000002e2ab6ac800 DEOPT PACKING pc=0x000002e296eb945c sp=0x000000f33aaf5810
Event: 7.524 Thread 0x000002e2ab6ac800 DEOPT UNPACKING pc=0x000002e2962de23f sp=0x000000f33aaf4f20 mode 0
Event: 7.584 Thread 0x000002e2abdb6af0 DEOPT PACKING pc=0x000002e296c9fa56 sp=0x000000f33a3fe930
Event: 7.584 Thread 0x000002e2abdb6af0 DEOPT UNPACKING pc=0x000002e2962de23f sp=0x000000f33a3fdde8 mode 0
Event: 7.584 Thread 0x000002e2ab6ac800 DEOPT PACKING pc=0x000002e296ca0626 sp=0x000000f33aaf9620
Event: 7.584 Thread 0x000002e2ab6ac800 DEOPT UNPACKING pc=0x000002e2962de23f sp=0x000000f33aaf8b10 mode 0
Event: 7.584 Thread 0x000002e2ab6ac800 DEOPT PACKING pc=0x000002e296c85bf7 sp=0x000000f33aaf9420
Event: 7.584 Thread 0x000002e2ab6ac800 DEOPT UNPACKING pc=0x000002e2962de23f sp=0x000000f33aaf8998 mode 0
Event: 7.585 Thread 0x000002e2abdb6af0 DEOPT PACKING pc=0x000002e296c9fa56 sp=0x000000f33a3fe930
Event: 7.585 Thread 0x000002e2abdb6af0 DEOPT UNPACKING pc=0x000002e2962de23f sp=0x000000f33a3fdde8 mode 0
Event: 7.607 Thread 0x000002e2ab6ac800 DEOPT PACKING pc=0x000002e296eb945c sp=0x000000f33aaf95a0
Event: 7.607 Thread 0x000002e2ab6ac800 DEOPT UNPACKING pc=0x000002e2962de23f sp=0x000000f33aaf8cb0 mode 0
Event: 7.621 Thread 0x000002e2ab6ac800 DEOPT PACKING pc=0x000002e296eb945c sp=0x000000f33aaf5940
Event: 7.621 Thread 0x000002e2ab6ac800 DEOPT UNPACKING pc=0x000002e2962de23f sp=0x000000f33aaf5050 mode 0
Event: 7.657 Thread 0x000002e2ac8312f0 Uncommon trap: trap_request=0xffffffde fr.pc=0x000002e29ddc1d30 relative=0x0000000000001090
Event: 7.657 Thread 0x000002e2ac8312f0 Uncommon trap: reason=class_check action=maybe_recompile pc=0x000002e29ddc1d30 method=java.util.concurrent.ConcurrentHashMap.putVal(Ljava/lang/Object;Ljava/lang/Object;Z)Ljava/lang/Object; @ 242 c2
Event: 7.657 Thread 0x000002e2ac8312f0 DEOPT PACKING pc=0x000002e29ddc1d30 sp=0x000000f33a9fd020
Event: 7.657 Thread 0x000002e2ac8312f0 DEOPT UNPACKING pc=0x000002e2962de42f sp=0x000000f33a9fcf90 mode 2

Classes unloaded (0 events):
No events

Classes redefined (0 events):
No events

Internal exceptions (20 events):
Event: 1.095 Thread 0x000002e2acd60840 Exception <a 'java/lang/NoSuchMethodError'{0x00000000eedaf760}: 'java.lang.Object java.lang.invoke.DirectMethodHandle$Holder.newInvokeSpecial(java.lang.Object, java.lang.Object, java.lang.Object, java.lang.Object, java.lang.Object)'> (0x00000000eedaf760) 
thrown [./open/src/hotspot/share/interpreter/linkResolver.cpp, line 782]
Event: 1.114 Thread 0x000002e2acd60840 Exception <a 'java/lang/NoSuchMethodError'{0x00000000eeb1e178}: 'java.lang.Object java.lang.invoke.Invokers$Holder.invoke_MT(java.lang.Object, java.lang.Object, java.lang.Object, java.lang.Object, java.lang.Object)'> (0x00000000eeb1e178) 
thrown [./open/src/hotspot/share/interpreter/linkResolver.cpp, line 782]
Event: 1.185 Thread 0x000002e2acd60840 Exception <a 'java/lang/NoSuchMethodError'{0x00000000ee1f65f8}: 'void java.lang.invoke.DirectMethodHandle$Holder.invokeSpecial(java.lang.Object, java.lang.Object, java.lang.Object, java.lang.Object, java.lang.Object)'> (0x00000000ee1f65f8) 
thrown [./open/src/hotspot/share/interpreter/linkResolver.cpp, line 782]
Event: 1.189 Thread 0x000002e2acd60840 Exception <a 'java/lang/NoSuchMethodError'{0x00000000ee077638}: 'void java.lang.invoke.DirectMethodHandle$Holder.invokeStaticInit(java.lang.Object, java.lang.Object, java.lang.Object)'> (0x00000000ee077638) 
thrown [./open/src/hotspot/share/interpreter/linkResolver.cpp, line 782]
Event: 1.456 Thread 0x000002e2ac05e850 Exception <a 'java/lang/NoSuchMethodError'{0x00000000ec6906d8}: 'int java.lang.invoke.DirectMethodHandle$Holder.invokeStaticInit(java.lang.Object, java.lang.Object, java.lang.Object)'> (0x00000000ec6906d8) 
thrown [./open/src/hotspot/share/interpreter/linkResolver.cpp, line 782]
Event: 1.534 Thread 0x000002e2ab6ac800 Exception <a 'java/lang/NoSuchMethodError'{0x00000000ebb33e70}: 'void java.lang.invoke.DirectMethodHandle$Holder.invokeStaticInit(java.lang.Object)'> (0x00000000ebb33e70) 
thrown [./open/src/hotspot/share/interpreter/linkResolver.cpp, line 782]
Event: 1.940 Thread 0x000002e2ab6ac800 Exception <a 'java/lang/NoSuchMethodError'{0x00000000e909f3f8}: 'java.lang.Object java.lang.invoke.DirectMethodHandle$Holder.invokeStaticInit(java.lang.Object, java.lang.Object, java.lang.Object, java.lang.Object)'> (0x00000000e909f3f8) 
thrown [./open/src/hotspot/share/interpreter/linkResolver.cpp, line 782]
Event: 1.941 Thread 0x000002e2ab6ac800 Exception <a 'java/lang/NullPointerException'{0x00000000e90b3d28}> (0x00000000e90b3d28) 
thrown [./open/src/hotspot/share/interpreter/linkResolver.cpp, line 1374]
Event: 2.572 Thread 0x000002e2ab6ac800 Exception <a 'java/lang/NoSuchMethodError'{0x00000000ecc4f920}: 'java.lang.Object java.lang.invoke.DirectMethodHandle$Holder.invokeInterface(java.lang.Object, java.lang.Object, java.lang.Object)'> (0x00000000ecc4f920) 
thrown [./open/src/hotspot/share/interpreter/linkResolver.cpp, line 782]
Event: 2.573 Thread 0x000002e2ab6ac800 Exception <a 'java/lang/IncompatibleClassChangeError'{0x00000000ecc534a0}: Found class java.lang.Object, but interface was expected> (0x00000000ecc534a0) 
thrown [./open/src/hotspot/share/interpreter/linkResolver.cpp, line 848]
Event: 2.875 Thread 0x000002e2ab6ac800 Exception <a 'java/lang/NoSuchMethodError'{0x00000000eae28288}: 'java.lang.Object java.lang.invoke.DirectMethodHandle$Holder.newInvokeSpecial(java.lang.Object, java.lang.Object, int)'> (0x00000000eae28288) 
thrown [./open/src/hotspot/share/interpreter/linkResolver.cpp, line 782]
Event: 2.878 Thread 0x000002e2acd60840 Exception <a 'java/lang/NoSuchMethodError'{0x00000000eae82b00}: 'void java.lang.invoke.DirectMethodHandle$Holder.invokeVirtual(java.lang.Object, java.lang.Object)'> (0x00000000eae82b00) 
thrown [./open/src/hotspot/share/interpreter/linkResolver.cpp, line 782]
Event: 2.896 Thread 0x000002e2ac8312f0 Exception <a 'java/lang/NoSuchMethodError'{0x00000000eab5d080}: 'int java.lang.invoke.DirectMethodHandle$Holder.invokeStaticInit(java.lang.Object, java.lang.Object)'> (0x00000000eab5d080) 
thrown [./open/src/hotspot/share/interpreter/linkResolver.cpp, line 782]
Event: 2.962 Thread 0x000002e2acd60840 Exception <a 'java/lang/NoSuchMethodError'{0x00000000e336a728}: 'int java.lang.invoke.DirectMethodHandle$Holder.invokeStatic(java.lang.Object, java.lang.Object, java.lang.Object, java.lang.Object)'> (0x00000000e336a728) 
thrown [./open/src/hotspot/share/interpreter/linkResolver.cpp, line 782]
Event: 2.962 Thread 0x000002e2acd60840 Exception <a 'java/lang/NoSuchMethodError'{0x00000000e336e528}: 'java.lang.Object java.lang.invoke.Invokers$Holder.invokeExact_MT(java.lang.Object, java.lang.Object, java.lang.Object, java.lang.Object, java.lang.Object, java.lang.Object)'> (0x00000000e336e528) 
thrown [./open/src/hotspot/share/interpreter/linkResolver.cpp, line 782]
Event: 3.588 Thread 0x000002e2acd60840 Implicit null exception at 0x000002e29de220e0 to 0x000002e29de22278
Event: 7.597 Thread 0x000002e2ab6ac800 Exception <a 'java/lang/NoSuchMethodError'{0x00000000ea5670c0}: 'long java.lang.invoke.DirectMethodHandle$Holder.invokeStatic(java.lang.Object, java.lang.Object, java.lang.Object)'> (0x00000000ea5670c0) 
thrown [./open/src/hotspot/share/interpreter/linkResolver.cpp, line 782]
Event: 7.598 Thread 0x000002e2ab6ac800 Exception <a 'java/lang/NoSuchMethodError'{0x00000000ea56b268}: 'long java.lang.invoke.DirectMethodHandle$Holder.invokeStaticInit(java.lang.Object, java.lang.Object, java.lang.Object)'> (0x00000000ea56b268) 
thrown [./open/src/hotspot/share/interpreter/linkResolver.cpp, line 782]
Event: 7.600 Thread 0x000002e2ab6ac800 Exception <a 'java/lang/NoSuchMethodError'{0x00000000ea583d28}: 'java.lang.Object java.lang.invoke.DirectMethodHandle$Holder.newInvokeSpecial(java.lang.Object, java.lang.Object, long)'> (0x00000000ea583d28) 
thrown [./open/src/hotspot/share/interpreter/linkResolver.cpp, line 782]
Event: 7.600 Thread 0x000002e2ab6ac800 Exception <a 'java/lang/NoSuchMethodError'{0x00000000ea587fe8}: 'java.lang.Object java.lang.invoke.Invokers$Holder.linkToTargetMethod(java.lang.Object, long, java.lang.Object)'> (0x00000000ea587fe8) 
thrown [./open/src/hotspot/share/interpreter/linkResolver.cpp, line 782]

Events (20 events):
Event: 7.586 loading class sun/text/resources/BreakIteratorResources_en done
Event: 7.586 loading class sun/text/resources/BreakIteratorResources_en_US
Event: 7.586 loading class sun/text/resources/BreakIteratorResources_en_US done
Event: 7.586 loading class sun/text/RuleBasedBreakIterator
Event: 7.586 loading class sun/text/RuleBasedBreakIterator done
Event: 7.587 loading class sun/text/CompactByteArray
Event: 7.587 loading class sun/text/CompactByteArray done
Event: 7.587 loading class sun/text/SupplementaryCharacterData
Event: 7.587 loading class sun/text/SupplementaryCharacterData done
Event: 7.587 loading class java/text/BreakIterator$BreakIteratorCache
Event: 7.587 loading class java/text/BreakIterator$BreakIteratorCache done
Event: 7.650 Loaded shared library C:\Users\ylira\.openjfx\cache\11.0.2\decora_sse.dll
Event: 7.652 Executing VM operation: G1TryInitiateConcMark
Event: 7.655 Executing VM operation: G1TryInitiateConcMark done
Event: 7.663 Executing VM operation: G1Concurrent
Event: 7.665 Executing VM operation: G1Concurrent done
Event: 7.665 Executing VM operation: HandshakeAllThreads
Event: 7.665 Executing VM operation: HandshakeAllThreads done
Event: 7.670 Executing VM operation: G1Concurrent
Event: 7.671 Executing VM operation: G1Concurrent done


Dynamic libraries:
0x00007ff6cea40000 - 0x00007ff6cea4d000 	C:\Program Files\Java\jdk-15.0.1\bin\java.exe
0x00007ffb2f660000 - 0x00007ffb2f850000 	C:\WINDOWS\SYSTEM32\ntdll.dll
0x00007ffb2dce0000 - 0x00007ffb2dd92000 	C:\WINDOWS\System32\KERNEL32.DLL
0x00007ffb2c5d0000 - 0x00007ffb2c875000 	C:\WINDOWS\System32\KERNELBASE.dll
0x00007ffb2c900000 - 0x00007ffb2c9fa000 	C:\WINDOWS\System32\ucrtbase.dll
0x00007ffb1c6d0000 - 0x00007ffb1c6e8000 	C:\Program Files\Java\jdk-15.0.1\bin\jli.dll
0x00007ffb2a190000 - 0x00007ffb2a1a9000 	C:\Program Files\Java\jdk-15.0.1\bin\VCRUNTIME140.dll
0x00007ffb2dac0000 - 0x00007ffb2dc54000 	C:\WINDOWS\System32\USER32.dll
0x00007ffb2d190000 - 0x00007ffb2d1b1000 	C:\WINDOWS\System32\win32u.dll
0x00007ffb2f550000 - 0x00007ffb2f576000 	C:\WINDOWS\System32\GDI32.dll
0x00007ffb1d5a0000 - 0x00007ffb1d824000 	C:\WINDOWS\WinSxS\amd64_microsoft.windows.common-controls_6595b64144ccf1df_6.0.18362.1256_none_9e7e379be45e40e2\COMCTL32.dll
0x00007ffb2d360000 - 0x00007ffb2d4f6000 	C:\WINDOWS\System32\gdi32full.dll
0x00007ffb2e2a0000 - 0x00007ffb2e33e000 	C:\WINDOWS\System32\msvcrt.dll
0x00007ffb2d670000 - 0x00007ffb2d70e000 	C:\WINDOWS\System32\msvcp_win.dll
0x00007ffb2f0e0000 - 0x00007ffb2f416000 	C:\WINDOWS\System32\combase.dll
0x00007ffb2dda0000 - 0x00007ffb2dec0000 	C:\WINDOWS\System32\RPCRT4.dll
0x00007ffb2d500000 - 0x00007ffb2d581000 	C:\WINDOWS\System32\bcryptPrimitives.dll
0x00007ffb2f0b0000 - 0x00007ffb2f0de000 	C:\WINDOWS\System32\IMM32.DLL
0x00007ffb287d0000 - 0x00007ffb287dc000 	C:\Program Files\Java\jdk-15.0.1\bin\vcruntime140_1.dll
0x00007ffb15a60000 - 0x00007ffb15af1000 	C:\Program Files\Java\jdk-15.0.1\bin\msvcp140.dll
0x00007ffacaf80000 - 0x00007ffacbade000 	C:\Program Files\Java\jdk-15.0.1\bin\server\jvm.dll
0x00007ffb2d960000 - 0x00007ffb2da03000 	C:\WINDOWS\System32\ADVAPI32.dll
0x00007ffb2f580000 - 0x00007ffb2f617000 	C:\WINDOWS\System32\sechost.dll
0x00007ffb2d710000 - 0x00007ffb2d718000 	C:\WINDOWS\System32\PSAPI.DLL
0x00007ffb15630000 - 0x00007ffb15639000 	C:\WINDOWS\SYSTEM32\WSOCK32.dll
0x00007ffb25d00000 - 0x00007ffb25d0a000 	C:\WINDOWS\SYSTEM32\VERSION.dll
0x00007ffb29f80000 - 0x00007ffb29fa4000 	C:\WINDOWS\SYSTEM32\WINMM.dll
0x00007ffb2e080000 - 0x00007ffb2e0ef000 	C:\WINDOWS\System32\WS2_32.dll
0x00007ffb29f50000 - 0x00007ffb29f7d000 	C:\WINDOWS\SYSTEM32\winmmbase.dll
0x00007ffb2d310000 - 0x00007ffb2d35a000 	C:\WINDOWS\System32\cfgmgr32.dll
0x00007ffb2c510000 - 0x00007ffb2c521000 	C:\WINDOWS\System32\kernel.appcore.dll
0x00007ffb1c6c0000 - 0x00007ffb1c6ca000 	C:\Program Files\Java\jdk-15.0.1\bin\jimage.dll
0x00007ffb2ace0000 - 0x00007ffb2aed4000 	C:\WINDOWS\SYSTEM32\DBGHELP.DLL
0x00007ffb17dc0000 - 0x00007ffb17dea000 	C:\WINDOWS\SYSTEM32\dbgcore.DLL
0x00007ffb1c710000 - 0x00007ffb1c71e000 	C:\Program Files\Java\jdk-15.0.1\bin\instrument.dll
0x00007ffb1c690000 - 0x00007ffb1c6b5000 	C:\Program Files\Java\jdk-15.0.1\bin\java.dll
0x00007ffb2e960000 - 0x00007ffb2f047000 	C:\WINDOWS\System32\SHELL32.dll
0x00007ffb2f4a0000 - 0x00007ffb2f549000 	C:\WINDOWS\System32\shcore.dll
0x00007ffb2ca00000 - 0x00007ffb2d181000 	C:\WINDOWS\System32\windows.storage.dll
0x00007ffb2c5a0000 - 0x00007ffb2c5c3000 	C:\WINDOWS\System32\profapi.dll
0x00007ffb2c530000 - 0x00007ffb2c57a000 	C:\WINDOWS\System32\powrprof.dll
0x00007ffb2c500000 - 0x00007ffb2c510000 	C:\WINDOWS\System32\UMPDC.dll
0x00007ffb2e240000 - 0x00007ffb2e292000 	C:\WINDOWS\System32\shlwapi.dll
0x00007ffb2c8e0000 - 0x00007ffb2c8f7000 	C:\WINDOWS\System32\cryptsp.dll
0x00007ffb1c620000 - 0x00007ffb1c638000 	C:\Program Files\Java\jdk-15.0.1\bin\zip.dll
0x00007ffb1c670000 - 0x00007ffb1c689000 	C:\Program Files\Java\jdk-15.0.1\bin\net.dll
0x00007ffb24520000 - 0x00007ffb24610000 	C:\WINDOWS\SYSTEM32\WINHTTP.dll
0x00007ffb2bd00000 - 0x00007ffb2bd67000 	C:\WINDOWS\system32\mswsock.dll
0x00007ffb1c650000 - 0x00007ffb1c662000 	C:\Program Files\Java\jdk-15.0.1\bin\nio.dll
0x00007ffb1c610000 - 0x00007ffb1c620000 	C:\Program Files\Java\jdk-15.0.1\bin\verify.dll
0x00007ffb01720000 - 0x00007ffb01736000 	C:\WINDOWS\system32\napinsp.dll
0x00007ffb01700000 - 0x00007ffb0171a000 	C:\WINDOWS\system32\pnrpnsp.dll
0x00007ffb2ba60000 - 0x00007ffb2bb2b000 	C:\WINDOWS\SYSTEM32\DNSAPI.dll
0x00007ffb2f420000 - 0x00007ffb2f428000 	C:\WINDOWS\System32\NSI.dll
0x00007ffb2ba10000 - 0x00007ffb2ba4a000 	C:\WINDOWS\SYSTEM32\IPHLPAPI.DLL
0x00007ffb016e0000 - 0x00007ffb016ee000 	C:\WINDOWS\System32\winrnr.dll
0x00007ffb28780000 - 0x00007ffb2879c000 	C:\WINDOWS\system32\NLAapi.dll
0x00007ffb274c0000 - 0x00007ffb274d5000 	C:\WINDOWS\system32\wshbth.dll
0x00007ffb259a0000 - 0x00007ffb259aa000 	C:\Windows\System32\rasadhlp.dll
0x00007ffb24240000 - 0x00007ffb242b7000 	C:\WINDOWS\System32\fwpuclnt.dll
0x00007ffb2d640000 - 0x00007ffb2d666000 	C:\WINDOWS\System32\bcrypt.dll
0x00007ffb24ae0000 - 0x00007ffb24af6000 	C:\WINDOWS\SYSTEM32\dhcpcsvc6.DLL
0x00007ffb249b0000 - 0x00007ffb249cc000 	C:\WINDOWS\SYSTEM32\dhcpcsvc.DLL
0x00007ffb2b880000 - 0x00007ffb2b8b3000 	C:\WINDOWS\system32\rsaenh.dll
0x00007ffb2c420000 - 0x00007ffb2c445000 	C:\WINDOWS\SYSTEM32\USERENV.dll
0x00007ffb2be80000 - 0x00007ffb2be8c000 	C:\WINDOWS\SYSTEM32\CRYPTBASE.dll
0x000002e28c070000 - 0x000002e28c073000 	C:\Program Files\Java\jdk-15.0.1\bin\api-ms-win-core-console-l1-1-0.dll
0x000002e28c080000 - 0x000002e28c083000 	C:\Program Files\Java\jdk-15.0.1\bin\api-ms-win-core-datetime-l1-1-0.dll
0x000002e28df70000 - 0x000002e28df73000 	C:\Program Files\Java\jdk-15.0.1\bin\api-ms-win-core-debug-l1-1-0.dll
0x000002e28df80000 - 0x000002e28df83000 	C:\Program Files\Java\jdk-15.0.1\bin\api-ms-win-core-errorhandling-l1-1-0.dll
0x000002e28df90000 - 0x000002e28df94000 	C:\Program Files\Java\jdk-15.0.1\bin\api-ms-win-core-file-l1-1-0.dll
0x000002e28dfa0000 - 0x000002e28dfa3000 	C:\Program Files\Java\jdk-15.0.1\bin\api-ms-win-core-file-l1-2-0.dll
0x000002e28dfb0000 - 0x000002e28dfb3000 	C:\Program Files\Java\jdk-15.0.1\bin\api-ms-win-core-file-l2-1-0.dll
0x000002e28dfc0000 - 0x000002e28dfc3000 	C:\Program Files\Java\jdk-15.0.1\bin\api-ms-win-core-handle-l1-1-0.dll
0x000002e28dfd0000 - 0x000002e28dfd3000 	C:\Program Files\Java\jdk-15.0.1\bin\api-ms-win-core-heap-l1-1-0.dll
0x000002e28dfe0000 - 0x000002e28dfe3000 	C:\Program Files\Java\jdk-15.0.1\bin\api-ms-win-core-interlocked-l1-1-0.dll
0x000002e28dff0000 - 0x000002e28dff3000 	C:\Program Files\Java\jdk-15.0.1\bin\api-ms-win-core-libraryloader-l1-1-0.dll
0x000002e28e000000 - 0x000002e28e003000 	C:\Program Files\Java\jdk-15.0.1\bin\api-ms-win-core-localization-l1-2-0.dll
0x000002e28e010000 - 0x000002e28e013000 	C:\Program Files\Java\jdk-15.0.1\bin\api-ms-win-core-memory-l1-1-0.dll
0x000002e28e020000 - 0x000002e28e023000 	C:\Program Files\Java\jdk-15.0.1\bin\api-ms-win-core-namedpipe-l1-1-0.dll
0x000002e28e030000 - 0x000002e28e033000 	C:\Program Files\Java\jdk-15.0.1\bin\api-ms-win-core-processenvironment-l1-1-0.dll
0x000002e2ad150000 - 0x000002e2ad153000 	C:\Program Files\Java\jdk-15.0.1\bin\api-ms-win-core-processthreads-l1-1-0.dll
0x000002e2ad160000 - 0x000002e2ad163000 	C:\Program Files\Java\jdk-15.0.1\bin\api-ms-win-core-processthreads-l1-1-1.dll
0x000002e2ad170000 - 0x000002e2ad173000 	C:\Program Files\Java\jdk-15.0.1\bin\api-ms-win-core-profile-l1-1-0.dll
0x000002e2ad180000 - 0x000002e2ad183000 	C:\Program Files\Java\jdk-15.0.1\bin\api-ms-win-core-rtlsupport-l1-1-0.dll
0x000002e2ad190000 - 0x000002e2ad193000 	C:\Program Files\Java\jdk-15.0.1\bin\api-ms-win-core-string-l1-1-0.dll
0x000002e2ad1a0000 - 0x000002e2ad1a3000 	C:\Program Files\Java\jdk-15.0.1\bin\api-ms-win-core-synch-l1-1-0.dll
0x000002e2ad1b0000 - 0x000002e2ad1b3000 	C:\Program Files\Java\jdk-15.0.1\bin\api-ms-win-core-synch-l1-2-0.dll
0x000002e2acf60000 - 0x000002e2acf63000 	C:\Program Files\Java\jdk-15.0.1\bin\api-ms-win-core-sysinfo-l1-1-0.dll
0x000002e2ad1c0000 - 0x000002e2ad1c3000 	C:\Program Files\Java\jdk-15.0.1\bin\api-ms-win-core-timezone-l1-1-0.dll
0x000002e2ad1d0000 - 0x000002e2ad1d3000 	C:\Program Files\Java\jdk-15.0.1\bin\api-ms-win-core-util-l1-1-0.dll
0x000002e2ad1e0000 - 0x000002e2ad1e3000 	C:\Program Files\Java\jdk-15.0.1\bin\api-ms-win-crt-conio-l1-1-0.dll
0x000002e2ad1f0000 - 0x000002e2ad1f4000 	C:\Program Files\Java\jdk-15.0.1\bin\api-ms-win-crt-convert-l1-1-0.dll
0x000002e2ad200000 - 0x000002e2ad203000 	C:\Program Files\Java\jdk-15.0.1\bin\api-ms-win-crt-environment-l1-1-0.dll
0x000002e2ad210000 - 0x000002e2ad213000 	C:\Program Files\Java\jdk-15.0.1\bin\api-ms-win-crt-filesystem-l1-1-0.dll
0x000002e2ad220000 - 0x000002e2ad223000 	C:\Program Files\Java\jdk-15.0.1\bin\api-ms-win-crt-heap-l1-1-0.dll
0x000002e2ad230000 - 0x000002e2ad233000 	C:\Program Files\Java\jdk-15.0.1\bin\api-ms-win-crt-locale-l1-1-0.dll
0x000002e2ad240000 - 0x000002e2ad245000 	C:\Program Files\Java\jdk-15.0.1\bin\api-ms-win-crt-math-l1-1-0.dll
0x000002e2ad250000 - 0x000002e2ad255000 	C:\Program Files\Java\jdk-15.0.1\bin\api-ms-win-crt-multibyte-l1-1-0.dll
0x000002e2ad260000 - 0x000002e2ad270000 	C:\Program Files\Java\jdk-15.0.1\bin\api-ms-win-crt-private-l1-1-0.dll
0x000002e2ad270000 - 0x000002e2ad273000 	C:\Program Files\Java\jdk-15.0.1\bin\api-ms-win-crt-process-l1-1-0.dll
0x000002e2ad280000 - 0x000002e2ad284000 	C:\Program Files\Java\jdk-15.0.1\bin\api-ms-win-crt-runtime-l1-1-0.dll
0x000002e2ad290000 - 0x000002e2ad294000 	C:\Program Files\Java\jdk-15.0.1\bin\api-ms-win-crt-stdio-l1-1-0.dll
0x000002e2ad2a0000 - 0x000002e2ad2a4000 	C:\Program Files\Java\jdk-15.0.1\bin\api-ms-win-crt-string-l1-1-0.dll
0x000002e2ad2b0000 - 0x000002e2ad2b3000 	C:\Program Files\Java\jdk-15.0.1\bin\api-ms-win-crt-time-l1-1-0.dll
0x000002e2ad2c0000 - 0x000002e2ad2c3000 	C:\Program Files\Java\jdk-15.0.1\bin\api-ms-win-crt-utility-l1-1-0.dll
0x00007ffaf00c0000 - 0x00007ffaf01ba000 	C:\Program Files\Java\jdk-15.0.1\bin\ucrtbase.dll
0x00007ffaf5b50000 - 0x00007ffaf5b9d000 	C:\Windows\System32\concrt140.dll
0x00007ffb1c6f0000 - 0x00007ffb1c70c000 	C:\Users\ylira\.openjfx\cache\11.0.2\prism_sw.dll
0x0000000067780000 - 0x0000000067856000 	C:\Users\ylira\AppData\Local\Temp\sqlite-3.32.3.2-eafc0426-7873-47e1-a21c-e202bebee74c-sqlitejdbc.dll
0x00007ffb19a80000 - 0x00007ffb19a94000 	C:\Users\ylira\.openjfx\cache\11.0.2\javafx_font.dll
0x00007ffb2d720000 - 0x00007ffb2d877000 	C:\WINDOWS\System32\ole32.dll
0x00007ffb2a390000 - 0x00007ffb2a429000 	C:\WINDOWS\system32\uxtheme.dll
0x00007ffb0e520000 - 0x00007ffb0e81e000 	C:\WINDOWS\SYSTEM32\dwrite.dll
0x00007ffb17e50000 - 0x00007ffb17e68000 	C:\Users\ylira\.openjfx\cache\11.0.2\decora_sse.dll
0x00007ffadbd70000 - 0x00007ffadbe6c000 	C:\ProgramData\A-Volute\A-Volute.Nahimic\Modules\Scheduled\x64\A-Volute.NahimicDevProps2.dll
0x00007ffb2da10000 - 0x00007ffb2dab2000 	C:\WINDOWS\System32\clbcatq.dll

dbghelp: loaded successfully - version: 4.0.5 - missing functions: none
symbol engine: initialized successfully - sym options: 0x614 - pdb path: .;C:\Program Files\Java\jdk-15.0.1\bin;C:\WINDOWS\SYSTEM32;C:\WINDOWS\WinSxS\amd64_microsoft.windows.common-controls_6595b64144ccf1df_6.0.18362.1256_none_9e7e379be45e40e2;C:\Program Files\Java\jdk-15.0.1\bin\server;C:\Users\ylira\.openjfx\cache\11.0.2;C:\Users\ylira\AppData\Local\Temp;C:\ProgramData\A-Volute\A-Volute.Nahimic\Modules\Scheduled\x64

VM Arguments:
jvm_args: -Djava.awt.headless=true -Dorg.gradle.native=false -Dprism.order=sw -Dprism.text=t2k -Dtestfx.headless=true -Dtestfx.robot=glass -javaagent:build/tmp/expandedArchives/org.jacoco.agent-0.8.5.jar_6a2df60c47de373ea127d14406367999/jacocoagent.jar=destfile=build/jacoco/test.exec,append=true,inclnolocationclasses=false,dumponexit=true,output=file,jmx=false -Xmx512m -Dfile.encoding=utf-8 -Duser.country=US -Duser.language=en -Duser.variant -ea 
java_command: worker.org.gradle.process.internal.worker.GradleWorkerMain 'Gradle Test Executor 2'
java_class_path (initial): C:\\Users\\ylira\\.gradle\\caches\\6.7\\workerMain\\gradle-worker.jar;C:\\Yliopisto\\Ohjelmistotuotanto\\miniprojekti\\ohtu-team13\\build\\classes\\java\\test;C:\\Yliopisto\\Ohjelmistotuotanto\\miniprojekti\\ohtu-team13\\build\\resources\\test;C:\\Yliopisto\\Ohjelmistotuotanto\\miniprojekti\\ohtu-team13\\build\\classes\\java\\main;C:\\Yliopisto\\Ohjelmistotuotanto\\miniprojekti\\ohtu-team13\\build\\resources\\main;C:\\Users\\ylira\\.gradle\\caches\\modules-2\\files-2.1\\org.xerial\\sqlite-jdbc\\3.32.3.2\\ee9912c1bdec16fe5978b0abd9f4063ce9eedf8b\\sqlite-jdbc-3.32.3.2.jar;C:\\Users\\ylira\\.gradle\\caches\\modules-2\\files-2.1\\org.testfx\\openjfx-monocle\\jdk-11+26\\7a988f4e2a6db0b3a17baacea6e102df86a3d375\\openjfx-monocle-jdk-11+26.jar;C:\\Users\\ylira\\.gradle\\caches\\modules-2\\files-2.1\\org.openjfx\\javafx-controls\\11\\af8d24de44e16a19ae959028eb23a48c145fb682\\javafx-controls-11-win.jar;C:\\Users\\ylira\\.gradle\\caches\\modules-2\\files-2.1\\org.openjfx\\javafx-graphics\\11.0.2\\20459ea2cf714942bcbeb78a7f70ba3531dc1a44\\javafx-graphics-11.0.2-win.jar;C:\\Users\\ylira\\.gradle\\caches\\modules-2\\files-2.1\\org.openjfx\\javafx-graphics\\11.0.2\\c1d99ae5bc48e7173f4514a941d27d8f8c972c71\\javafx-graphics-11.0.2-mac.jar;C:\\Users\\ylira\\.gradle\\caches\\modules-2\\files-2.1\\org.openjfx\\javafx-graphics\\11.0.2\\ef4c34f0ca77cd99100b76c2ccf1dce383572bb1\\javafx-graphics-11.0.2-linux.jar;C:\\Users\\ylira\\.gradle\\caches\\modules-2\\files-2.1\\org.openjfx\\javafx-graphics\\11.0.2\\e522eb4ea422eceeee207b1c266ba3db19b2343a\\javafx-graphics-11.0.2.jar;C:\\Users\\ylira\\.gradle\\caches\\modules-2\\files-2.1\\org.openjfx\\javafx-base\\11.0.2\\1852e57b8cf9a9b6488c33605bccd5d06ff210e1\\javafx-base-11.0.2-win.jar;C:\\Users\\ylira\\.gradle\\caches\\modules-2\\files-2.1\\org.openjfx\\javafx-base\\11.0.2\\7fb2e4a8528ec9e434a9ac9ee98b39af79e6dcb8\\javafx-base-11.0.2.jar;C:\\Users\\ylira\\.gradle\\caches\\modules-2\\files-2.1\\org.testfx\\testfx-jun
Launcher Type: SUN_STANDARD

[Global flags]
     intx CICompilerCount                          = 4                                         {product} {ergonomic}
     uint ConcGCThreads                            = 3                                         {product} {ergonomic}
     uint G1ConcRefinementThreads                  = 10                                        {product} {ergonomic}
   size_t G1HeapRegionSize                         = 1048576                                   {product} {ergonomic}
    uintx GCDrainStackTargetSize                   = 64                                        {product} {ergonomic}
   size_t InitialHeapSize                          = 266338304                                 {product} {ergonomic}
   size_t MarkStackSize                            = 4194304                                   {product} {ergonomic}
   size_t MaxHeapSize                              = 536870912                                 {product} {command line}
   size_t MaxNewSize                               = 321912832                                 {product} {ergonomic}
   size_t MinHeapDeltaBytes                        = 1048576                                   {product} {ergonomic}
   size_t MinHeapSize                              = 8388608                                   {product} {ergonomic}
    uintx NonNMethodCodeHeapSize                   = 5839372                                {pd product} {ergonomic}
    uintx NonProfiledCodeHeapSize                  = 122909434                              {pd product} {ergonomic}
    uintx ProfiledCodeHeapSize                     = 122909434                              {pd product} {ergonomic}
    uintx ReservedCodeCacheSize                    = 251658240                              {pd product} {ergonomic}
     bool SegmentedCodeCache                       = true                                      {product} {ergonomic}
   size_t SoftMaxHeapSize                          = 536870912                              {manageable} {ergonomic}
     bool UseCompressedClassPointers               = true                                 {lp64_product} {ergonomic}
     bool UseCompressedOops                        = true                                 {lp64_product} {ergonomic}
     bool UseG1GC                                  = true                                      {product} {ergonomic}
     bool UseLargePagesIndividualAllocation        = false                                  {pd product} {ergonomic}

Logging:
Log output configuration:
 #0: stdout all=warning uptime,level,tags
 #1: stderr all=off uptime,level,tags

Environment Variables:
JAVA_HOME=C:\Program Files\Java\jdk-15.0.1
PATH=C:\Users\ylira\bin;C:\Yliopisto\Sl ja muuta\Git\mingw64\bin;C:\Yliopisto\Sl ja muuta\Git\usr\local\bin;C:\Yliopisto\Sl ja muuta\Git\usr\bin;C:\Yliopisto\Sl ja muuta\Git\usr\bin;C:\Yliopisto\Sl ja muuta\Git\mingw64\bin;C:\Yliopisto\Sl ja muuta\Git\usr\bin;C:\Users\ylira\bin;C:\Program Files (x86)\Google\Chrome\Application;C:\Program Files\AdoptOpenJDK\jdk-11.0.6.10-hotspot\bin;C:\Program Files (x86)\Common Files\Oracle\Java\javapath;C:\Program Files (x86)\Intel\Intel(R) Management Engine Components\iCLS;C:\Program Files\Intel\Intel(R) Management Engine Components\iCLS;C:\Windows\system32;C:\Windows;C:\Windows\System32\Wbem;C:\Windows\System32\WindowsPowerShell\v1.0;C:\Windows\System32\OpenSSH;C:\Program Files (x86)\NVIDIA Corporation\PhysX\Common;C:\Program Files (x86)\Intel\Intel(R) Management Engine Components\DAL;C:\Program Files\Intel\Intel(R) Management Engine Components\DAL;C:\Program Files (x86)\Intel\Intel(R) Management Engine Components\IPT;C:\Program Files\Intel\Intel(R) Management Engine Components\IPT;C:\Program Files\Intel\WiFi\bin;C:\Program Files\Common Files\Intel\WirelessCommon;C:\WINDOWS\system32;C:\WINDOWS;C:\WINDOWS\System32\Wbem;C:\WINDOWS\System32\WindowsPowerShell\v1.0;C:\WINDOWS\System32\OpenSSH;C:\Program Files\NVIDIA Corporation\NVIDIA NvDLISR;C:\Program Files\nodejs;C:\ProgramData\chocolatey\bin;C:\Yliopisto\Sl ja muuta\Git\cmd;C:\Yliopisto\tietoturva\Chromedriver;C:\Program Files\PostgreSQL\13\bin;C:\Program Files\PostgreSQL\13\lib;C:\Program Files\Docker\Docker\resources\bin;C:\ProgramData\DockerDesktop\version-bin;C:\Program Files\TMC-cli;C:\Program Files\Sqlite3;C:\Users\ylira\AppData\Local\Programs\Python\Python39\Scripts;C:\Users\ylira\AppData\Local\Programs\Python\Python39;C:\Users\ylira\AppData\Local\Microsoft\WindowsApps;C:\Yliopisto\Microsoft VS Code\bin;C:\Users\ylira\AppData\Local\atom\bin;C:\Program Files\heroku\bin;C:\Users\ylira\AppData\Roaming\npm;C:\Yliopisto\Sl ja muuta\Git\usr\bin\vendor_perl;C:\
USERNAME=ylira
SHELL=C:\Yliopisto\Sl ja muuta\Git\usr\bin\bash.exe
DISPLAY=needs-to-be-defined
LANG=en_US.UTF-8
OS=Windows_NT
PROCESSOR_IDENTIFIER=Intel64 Family 6 Model 158 Stepping 10, GenuineIntel



---------------  S Y S T E M  ---------------

OS:
 Windows 10 , 64 bit Build 18362 (10.0.18362.1110)
OS uptime: 0 days 2:11 hours
HyperV virtualization detected

CPU: total 12 (initial active 12) (6 cores per cpu, 2 threads per core) family 6 model 158 stepping 10 microcode 0x96, cmov, cx8, fxsr, mmx, sse, sse2, sse3, ssse3, sse4.1, sse4.2, popcnt, vzeroupper, avx, avx2, aes, clmul, erms, 3dnowpref, lzcnt, ht, tsc, tscinvbit, bmi1, bmi2, adx, fma, clflush, clflushopt

Memory: 4k page, system-wide physical 16229M (6607M free)
TotalPageFile size 18661M (AvailPageFile size 5021M)
current process WorkingSet (physical memory assigned to process): 208M, peak: 316M
current process commit charge ("private bytes"): 249M, peak: 456M

vm_info: OpenJDK 64-Bit Server VM (15.0.1+9-18) for windows-amd64 JRE (15.0.1+9-18), built on Sep 15 2020 14:39:31 by "mach5one" with unknown MS VC++:1925

END.
