#
# A fatal error has been detected by the Java Runtime Environment:
#
#  EXCEPTION_ACCESS_VIOLATION (0xc0000005) at pc=0x00007ffb17e54879, pid=8888, tid=1588
#
# JRE version: OpenJDK Runtime Environment (15.0.1+9) (build 15.0.1+9-18)
# Java VM: OpenJDK 64-Bit Server VM (15.0.1+9-18, mixed mode, sharing, tiered, compressed oops, g1 gc, windows-amd64)
# Problematic frame:
# C  [javafx_font.dll+0x4879]
#
# No core dump will be written. Minidumps are not enabled by default on client versions of Windows
#
# If you would like to submit a bug report, please visit:
#   https://bugreport.java.com/bugreport/crash.jsp
# The crash happened outside the Java Virtual Machine in native code.
# See problematic frame for where to report the bug.
#

---------------  S U M M A R Y ------------

Command Line: -Djava.awt.headless=true -Dorg.gradle.native=false -Dprism.order=sw -Dprism.text=t2k -Dtestfx.headless=true -Dtestfx.robot=glass -javaagent:build/tmp/expandedArchives/org.jacoco.agent-0.8.5.jar_6a2df60c47de373ea127d14406367999/jacocoagent.jar=destfile=build/jacoco/test.exec,append=true,inclnolocationclasses=false,dumponexit=true,output=file,jmx=false -Xmx512m -Dfile.encoding=utf-8 -Duser.country=US -Duser.language=en -Duser.variant -ea worker.org.gradle.process.internal.worker.GradleWorkerMain 'Gradle Test Executor 1'

Host: Intel(R) Core(TM) i7-8750H CPU @ 2.20GHz, 12 cores, 15G,  Windows 10 , 64 bit Build 18362 (10.0.18362.1110)
Time: Thu Dec 10 12:08:46 2020 FLE Standard Time elapsed time: 11.974872 seconds (0d 0h 0m 11s)

---------------  T H R E A D  ---------------

Current thread (0x00000239a72ed010):  JavaThread "QuantumRenderer-0" daemon [_thread_in_native, id=1588, stack(0x000000ed57a00000,0x000000ed57b00000)]

Stack: [0x000000ed57a00000,0x000000ed57b00000],  sp=0x000000ed57afca20,  free space=1010k
Native frames: (J=compiled Java code, j=interpreted, Vv=VM code, C=native code)
C  [javafx_font.dll+0x4879]

Java frames: (J=compiled Java code, j=interpreted, Vv=VM code)
j  com.sun.javafx.font.directwrite.OS.CreateBitmap(JIIII)J+0
j  com.sun.javafx.font.directwrite.IWICImagingFactory.CreateBitmap(IIII)Lcom/sun/javafx/font/directwrite/IWICBitmap;+14
j  com.sun.javafx.font.directwrite.DWGlyph.createBitmap(II)Lcom/sun/javafx/font/directwrite/IWICBitmap;+21
j  com.sun.javafx.font.directwrite.DWGlyph.getCachedBitmap()Lcom/sun/javafx/font/directwrite/IWICBitmap;+30
j  com.sun.javafx.font.directwrite.DWGlyph.getD2DMask(FFZ)[B+194
j  com.sun.javafx.font.directwrite.DWGlyph.getPixelData(I)[B+160
j  com.sun.prism.sw.SWGraphics.drawGlyph(Lcom/sun/javafx/font/FontStrike;Lcom/sun/javafx/scene/text/GlyphList;ILcom/sun/javafx/geom/transform/BaseTransform;ZFF)V+118
j  com.sun.prism.sw.SWGraphics.drawString(Lcom/sun/javafx/scene/text/GlyphList;Lcom/sun/javafx/font/FontStrike;FFLcom/sun/prism/paint/Color;II)V+661
j  com.sun.javafx.sg.prism.NGText.renderText(Lcom/sun/prism/Graphics;Lcom/sun/javafx/font/FontStrike;Lcom/sun/javafx/geom/BaseBounds;Lcom/sun/prism/paint/Color;I)V+330
j  com.sun.javafx.sg.prism.NGText.renderContent2D(Lcom/sun/prism/Graphics;Z)V+437
j  com.sun.javafx.sg.prism.NGShape.renderContent(Lcom/sun/prism/Graphics;)V+684
j  com.sun.javafx.sg.prism.NGNode.doRender(Lcom/sun/prism/Graphics;)V+659
j  com.sun.javafx.sg.prism.NGNode.render(Lcom/sun/prism/Graphics;)V+80
j  com.sun.javafx.sg.prism.NGGroup.renderContent(Lcom/sun/prism/Graphics;)V+264
j  com.sun.javafx.sg.prism.NGRegion.renderContent(Lcom/sun/prism/Graphics;)V+217
j  com.sun.javafx.sg.prism.NGNode.doRender(Lcom/sun/prism/Graphics;)V+659
j  com.sun.javafx.sg.prism.NGNode.render(Lcom/sun/prism/Graphics;)V+80
j  com.sun.javafx.sg.prism.NGGroup.renderContent(Lcom/sun/prism/Graphics;)V+264
j  com.sun.javafx.sg.prism.NGRegion.renderContent(Lcom/sun/prism/Graphics;)V+217
j  com.sun.javafx.sg.prism.NGNode.doRender(Lcom/sun/prism/Graphics;)V+659
j  com.sun.javafx.sg.prism.NGNode.render(Lcom/sun/prism/Graphics;)V+80
j  com.sun.javafx.sg.prism.NGGroup.renderContent(Lcom/sun/prism/Graphics;)V+264
j  com.sun.javafx.sg.prism.NGRegion.renderContent(Lcom/sun/prism/Graphics;)V+217
j  com.sun.javafx.sg.prism.NGNode.doRender(Lcom/sun/prism/Graphics;)V+659
j  com.sun.javafx.sg.prism.NGNode.render(Lcom/sun/prism/Graphics;)V+80
j  com.sun.javafx.sg.prism.NGGroup.renderContent(Lcom/sun/prism/Graphics;)V+264
j  com.sun.javafx.sg.prism.NGRegion.renderContent(Lcom/sun/prism/Graphics;)V+217
j  com.sun.javafx.sg.prism.NGNode.renderForClip(Lcom/sun/prism/Graphics;)V+33
j  com.sun.javafx.sg.prism.NGNode.renderRectClip(Lcom/sun/prism/Graphics;Lcom/sun/javafx/sg/prism/NGRectangle;)V+221
j  com.sun.javafx.sg.prism.NGNode.renderClip(Lcom/sun/prism/Graphics;)V+161
j  com.sun.javafx.sg.prism.CacheFilter.renderNodeToCache(Lcom/sun/scenario/effect/ImageData;Lcom/sun/javafx/geom/Rectangle;Lcom/sun/javafx/geom/transform/BaseTransform;Lcom/sun/javafx/geom/Rectangle;)V+276
j  com.sun.javafx.sg.prism.CacheFilter.render(Lcom/sun/prism/Graphics;)V+586
j  com.sun.javafx.sg.prism.NGNode.renderCached(Lcom/sun/prism/Graphics;)V+68
j  com.sun.javafx.sg.prism.NGNode.doRender(Lcom/sun/prism/Graphics;)V+514
j  com.sun.javafx.sg.prism.NGNode.render(Lcom/sun/prism/Graphics;)V+80
j  com.sun.javafx.sg.prism.NGGroup.renderContent(Lcom/sun/prism/Graphics;)V+264
j  com.sun.javafx.sg.prism.NGRegion.renderContent(Lcom/sun/prism/Graphics;)V+217
j  com.sun.javafx.sg.prism.NGNode.doRender(Lcom/sun/prism/Graphics;)V+659
j  com.sun.javafx.sg.prism.NGNode.render(Lcom/sun/prism/Graphics;)V+80
j  com.sun.javafx.tk.quantum.ViewPainter.doPaint(Lcom/sun/prism/Graphics;Lcom/sun/javafx/sg/prism/NodePath;)V+386
j  com.sun.javafx.tk.quantum.ViewPainter.paintImpl(Lcom/sun/prism/Graphics;)V+1628
j  com.sun.javafx.tk.quantum.UploadingPainter.run()V+1342
j  java.util.concurrent.Executors$RunnableAdapter.call()Ljava/lang/Object;+4 java.base@15.0.1
j  java.util.concurrent.FutureTask.runAndReset()Z+44 java.base@15.0.1
j  com.sun.javafx.tk.RenderJob.run()V+5
j  java.util.concurrent.ThreadPoolExecutor.runWorker(Ljava/util/concurrent/ThreadPoolExecutor$Worker;)V+92 java.base@15.0.1
j  java.util.concurrent.ThreadPoolExecutor$Worker.run()V+5 java.base@15.0.1
j  com.sun.javafx.tk.quantum.QuantumRenderer$PipelineRunnable.run()V+17
j  java.lang.Thread.run()V+11 java.base@15.0.1
v  ~StubRoutines::call_stub

siginfo: EXCEPTION_ACCESS_VIOLATION (0xc0000005), reading address 0x00007ffb27037678


Register to memory mapping:

RIP=0x00007ffb17e54879 javafx_font.dll
RAX=0x0000000000000001 is an unknown value
RBX=0x0 is NULL
RCX=0x00000239aab22570 points into unknown readable memory: 0x00007ffb270375f0 | f0 75 03 27 fb 7f 00 00
RDX=0x0000000000000100 is an unknown value
RSP=0x000000ed57afca20 is pointing into the stack for thread: 0x00000239a72ed010
RBP=0x000000ed57afcb18 is pointing into the stack for thread: 0x00000239a72ed010
RSI=0x0000000000000148 is an unknown value
RDI=0x0000000000000100 is an unknown value
R8 =0x0000000000000100 is an unknown value
R9 =0x000000ed57afca58 is pointing into the stack for thread: 0x00000239a72ed010
R10=0x00007ffb270375f0 is an unknown value
R11=0x00000239aab22570 points into unknown readable memory: 0x00007ffb270375f0 | f0 75 03 27 fb 7f 00 00
R12=0x0 is NULL
R13={method} {0x00000239a7f2b478} 'CreateBitmap' '(JIIII)J' in 'com/sun/javafx/font/directwrite/OS'
R14=0x000000ed57afcb60 is pointing into the stack for thread: 0x00000239a72ed010
R15=0x00000239a72ed010 is a thread


Registers:
RAX=0x0000000000000001, RBX=0x0000000000000000, RCX=0x00000239aab22570, RDX=0x0000000000000100
RSP=0x000000ed57afca20, RBP=0x000000ed57afcb18, RSI=0x0000000000000148, RDI=0x0000000000000100
R8 =0x0000000000000100, R9 =0x000000ed57afca58, R10=0x00007ffb270375f0, R11=0x00000239aab22570
R12=0x0000000000000000, R13=0x00000239a7f2b470, R14=0x000000ed57afcb60, R15=0x00000239a72ed010
RIP=0x00007ffb17e54879, EFLAGS=0x0000000000010206

Top of Stack: (sp=0x000000ed57afca20)
0x000000ed57afca20:   00000239a72ed010 0000000000000148
0x000000ed57afca30:   00000239a7f2b470 00000239a72ed010
0x000000ed57afca40:   0000000000000001 000000ed57afca50
0x000000ed57afca50:   0000000000000000 4bfe4e036fddc324
0x000000ed57afca60:   10c98d76773d85b1 000051cde7801e7b
0x000000ed57afca70:   0000000000001f3a 0000023990c8f177
0x000000ed57afca80:   00000239a7f2b470 00007ffacb562984
0x000000ed57afca90:   0000000000001f3a 0000023990c8ee5c
0x000000ed57afcaa0:   0000023900000100 0000000000000008
0x000000ed57afcab0:   0000000000000001 00007ffacb55c1d7
0x000000ed57afcac0:   3ff0000000000000 0000023990c8ee16
0x000000ed57afcad0:   000000ed57afcad0 00000239a7f2b470
0x000000ed57afcae0:   000000ed57afcb60 00000239a7f2be20
0x000000ed57afcaf0:   0000000000000000 00000000e17d1728
0x000000ed57afcb00:   00000239a7f2b470 0000000000000000
0x000000ed57afcb10:   000000ed57afcb38 000000ed57afcbb0 

Instructions: (pc=0x00007ffb17e54879)
0x00007ffb17e54779:   eb 02 33 c0 48 8b 4c 24 40 48 33 cc e8 76 45 00
0x00007ffb17e54789:   00 48 83 c4 50 41 5f 41 5e 5f 5e 5b c3 cc cc cc
0x00007ffb17e54799:   cc cc cc cc cc cc cc 48 89 5c 24 08 57 48 83 ec
0x00007ffb17e547a9:   50 48 8b 05 4f b8 00 00 48 33 c4 48 89 44 24 48
0x00007ffb17e547b9:   8b 84 24 88 00 00 00 33 db ff c8 48 89 5c 24 30
0x00007ffb17e547c9:   41 8b f9 4d 8b d8 83 f8 0a 77 7b 48 8d 15 25 b8
0x00007ffb17e547d9:   ff ff 48 98 8b 8c 82 a4 48 00 00 48 03 ca ff e1
0x00007ffb17e547e9:   0f 10 05 d0 79 00 00 eb 58 0f 10 05 d7 79 00 00
0x00007ffb17e547f9:   eb 4f 0f 10 05 de 79 00 00 eb 46 0f 10 05 f5 79
0x00007ffb17e54809:   00 00 eb 3d 0f 10 05 dc 79 00 00 eb 34 0f 10 05
0x00007ffb17e54819:   f3 79 00 00 eb 2b 0f 10 05 fa 79 00 00 eb 22 0f
0x00007ffb17e54829:   10 05 01 7a 00 00 eb 19 0f 10 05 08 7a 00 00 eb
0x00007ffb17e54839:   10 0f 10 05 0f 7a 00 00 eb 07 0f 10 05 16 7a 00
0x00007ffb17e54849:   00 0f 11 44 24 38 4d 8b 10 48 8d 44 24 30 44 8b
0x00007ffb17e54859:   84 24 80 00 00 00 4c 8d 4c 24 38 48 89 44 24 28
0x00007ffb17e54869:   8b d7 8b 84 24 90 00 00 00 49 8b cb 89 44 24 20
0x00007ffb17e54879:   41 ff 92 88 00 00 00 85 c0 48 0f 49 5c 24 30 48
0x00007ffb17e54889:   8b c3 48 8b 4c 24 48 48 33 cc e8 68 44 00 00 48
0x00007ffb17e54899:   8b 5c 24 60 48 83 c4 50 5f c3 90 e9 47 00 00 f2
0x00007ffb17e548a9:   47 00 00 fb 47 00 00 04 48 00 00 0d 48 00 00 16
0x00007ffb17e548b9:   48 00 00 1f 48 00 00 28 48 00 00 31 48 00 00 3a
0x00007ffb17e548c9:   48 00 00 43 48 00 00 40 53 48 83 ec 20 49 8b 00
0x00007ffb17e548d9:   48 8d 54 24 40 33 db 49 8b c8 48 89 5c 24 40 ff
0x00007ffb17e548e9:   50 68 85 c0 48 0f 49 5c 24 40 48 8b c3 48 83 c4
0x00007ffb17e548f9:   20 5b c3 cc cc cc cc 48 89 5c 24 08 57 48 83 ec
0x00007ffb17e54909:   40 48 8b 44 24 70 33 ff 4d 8b 10 41 8b d1 48 89
0x00007ffb17e54919:   44 24 70 4c 8d 4c 24 70 48 8d 44 24 60 48 89 7c
0x00007ffb17e54929:   24 60 48 89 44 24 30 49 8b c8 8b 84 24 80 00 00
0x00007ffb17e54939:   00 44 8d 47 01 89 44 24 28 8b 44 24 78 89 44 24
0x00007ffb17e54949:   20 41 ff 52 48 48 8b 5c 24 50 85 c0 48 0f 49 7c
0x00007ffb17e54959:   24 60 48 8b c7 48 83 c4 40 5f c3 cc cc cc cc cc
0x00007ffb17e54969:   cc cc cc cc cc cc cc 48 89 5c 24 08 48 89 6c 24 


Stack slot to memory mapping:
stack at sp + 0 slots: 0x00000239a72ed010 is a thread
stack at sp + 1 slots: 0x0000000000000148 is an unknown value
stack at sp + 2 slots: {method} {0x00000239a7f2b478} 'CreateBitmap' '(JIIII)J' in 'com/sun/javafx/font/directwrite/OS'
stack at sp + 3 slots: 0x00000239a72ed010 is a thread
stack at sp + 4 slots: 0x0000000000000001 is an unknown value
stack at sp + 5 slots: 0x000000ed57afca50 is pointing into the stack for thread: 0x00000239a72ed010
stack at sp + 6 slots: 0x0 is NULL
stack at sp + 7 slots: 0x4bfe4e036fddc324 is an unknown value


---------------  P R O C E S S  ---------------

Threads class SMR info:
_java_thread_list=0x00000239a4eefbe0, length=22, elements={
0x0000023988a6f8f0, 0x00000239a498eae0, 0x00000239a498f5c0, 0x00000239a49aace0,
0x00000239a49ae5c0, 0x00000239a49aee80, 0x00000239a49ba350, 0x00000239a49de310,
0x00000239a49e0c20, 0x00000239a4aac450, 0x00000239a50dc520, 0x00000239a773efc0,
0x00000239a65db180, 0x00000239a892a7f0, 0x00000239a5aab510, 0x00000239a8b590b0,
0x00000239a72ed010, 0x00000239a8845490, 0x00000239a6197bc0, 0x00000239a89cb570,
0x00000239a89cd250, 0x00000239a89cdbf0
}

Java Threads: ( => current thread )
  0x0000023988a6f8f0 JavaThread "main" [_thread_blocked, id=3876, stack(0x000000ed55900000,0x000000ed55a00000)]
  0x00000239a498eae0 JavaThread "Reference Handler" daemon [_thread_blocked, id=6320, stack(0x000000ed56000000,0x000000ed56100000)]
  0x00000239a498f5c0 JavaThread "Finalizer" daemon [_thread_blocked, id=10212, stack(0x000000ed56100000,0x000000ed56200000)]
  0x00000239a49aace0 JavaThread "Signal Dispatcher" daemon [_thread_blocked, id=8864, stack(0x000000ed56200000,0x000000ed56300000)]
  0x00000239a49ae5c0 JavaThread "Attach Listener" daemon [_thread_blocked, id=17864, stack(0x000000ed56300000,0x000000ed56400000)]
  0x00000239a49aee80 JavaThread "Service Thread" daemon [_thread_blocked, id=8580, stack(0x000000ed56400000,0x000000ed56500000)]
  0x00000239a49ba350 JavaThread "C2 CompilerThread0" daemon [_thread_blocked, id=20552, stack(0x000000ed56500000,0x000000ed56600000)]
  0x00000239a49de310 JavaThread "C1 CompilerThread0" daemon [_thread_blocked, id=2328, stack(0x000000ed56600000,0x000000ed56700000)]
  0x00000239a49e0c20 JavaThread "Sweeper thread" daemon [_thread_blocked, id=8988, stack(0x000000ed56700000,0x000000ed56800000)]
  0x00000239a4aac450 JavaThread "Common-Cleaner" daemon [_thread_blocked, id=19860, stack(0x000000ed56800000,0x000000ed56900000)]
  0x00000239a50dc520 JavaThread "Notification Thread" daemon [_thread_blocked, id=12240, stack(0x000000ed56a00000,0x000000ed56b00000)]
  0x00000239a773efc0 JavaThread "Test worker" [_thread_blocked, id=10236, stack(0x000000ed57300000,0x000000ed57400000)]
  0x00000239a65db180 JavaThread "/127.0.0.1:52663 to /127.0.0.1:52662 workers Thread 2" [_thread_blocked, id=21204, stack(0x000000ed57400000,0x000000ed57500000)]
  0x00000239a892a7f0 JavaThread "/127.0.0.1:52663 to /127.0.0.1:52662 workers Thread 3" [_thread_in_native, id=17460, stack(0x000000ed57500000,0x000000ed57600000)]
  0x00000239a5aab510 JavaThread "testfx-async-pool-thread-1" daemon [_thread_blocked, id=1668, stack(0x000000ed57800000,0x000000ed57900000)]
  0x00000239a8b590b0 JavaThread "JavaFX-Launcher" daemon [_thread_blocked, id=1220, stack(0x000000ed57900000,0x000000ed57a00000)]
=>0x00000239a72ed010 JavaThread "QuantumRenderer-0" daemon [_thread_in_native, id=1588, stack(0x000000ed57a00000,0x000000ed57b00000)]
  0x00000239a8845490 JavaThread "JavaFX Application Thread" daemon [_thread_blocked, id=21236, stack(0x000000ed57b00000,0x000000ed57c00000)]
  0x00000239a6197bc0 JavaThread "Timer-0" daemon [_thread_blocked, id=19672, stack(0x000000ed57c00000,0x000000ed57d00000)]
  0x00000239a89cb570 JavaThread "testfx-async-pool-thread-2" daemon [_thread_blocked, id=10424, stack(0x000000ed57d00000,0x000000ed57e00000)]
  0x00000239a89cd250 JavaThread "Prism Font Disposer" daemon [_thread_blocked, id=12692, stack(0x000000ed57e00000,0x000000ed57f00000)]
  0x00000239a89cdbf0 JavaThread "Cleaner-0" daemon [_thread_blocked, id=5728, stack(0x000000ed58100000,0x000000ed58200000)]

Other Threads:
  0x00000239a498e360 VMThread "VM Thread" [stack: 0x000000ed55f00000,0x000000ed56000000] [id=16280]
  0x00000239a5097350 WatcherThread [stack: 0x000000ed56b00000,0x000000ed56c00000] [id=7940]
  0x0000023988a968d0 GCTaskThread "GC Thread#0" [stack: 0x000000ed55a00000,0x000000ed55b00000] [id=10468]
  0x00000239a4b555d0 GCTaskThread "GC Thread#1" [stack: 0x000000ed56c00000,0x000000ed56d00000] [id=5260]
  0x00000239a4b57f40 GCTaskThread "GC Thread#2" [stack: 0x000000ed56d00000,0x000000ed56e00000] [id=9384]
  0x00000239a4b56c20 GCTaskThread "GC Thread#3" [stack: 0x000000ed56e00000,0x000000ed56f00000] [id=9000]
  0x00000239a4b565c0 GCTaskThread "GC Thread#4" [stack: 0x000000ed56f00000,0x000000ed57000000] [id=8568]
  0x00000239a4b57280 GCTaskThread "GC Thread#5" [stack: 0x000000ed57000000,0x000000ed57100000] [id=10176]
  0x00000239a4b55900 GCTaskThread "GC Thread#6" [stack: 0x000000ed57600000,0x000000ed57700000] [id=20748]
  0x00000239a4b58c00 GCTaskThread "GC Thread#7" [stack: 0x000000ed57700000,0x000000ed57800000] [id=13068]
  0x0000023988a9b930 ConcurrentGCThread "G1 Main Marker" [stack: 0x000000ed55b00000,0x000000ed55c00000] [id=4368]
  0x0000023988a9c430 ConcurrentGCThread "G1 Conc#0" [stack: 0x000000ed55c00000,0x000000ed55d00000] [id=3932]
  0x00000239a4b58270 ConcurrentGCThread "G1 Conc#1" [stack: 0x000000ed57f00000,0x000000ed58000000] [id=2136]
  0x00000239a4b578e0 ConcurrentGCThread "G1 Conc#2" [stack: 0x000000ed58000000,0x000000ed58100000] [id=20996]
  0x0000023988b2e410 ConcurrentGCThread "G1 Refine#0" [stack: 0x000000ed55d00000,0x000000ed55e00000] [id=3732]
  0x00000239a4008190 ConcurrentGCThread "G1 Young RemSet Sampling" [stack: 0x000000ed55e00000,0x000000ed55f00000] [id=17992]

Threads with active compile tasks:

VM state: not at safepoint (normal execution)

VM Mutex/Monitor currently owned by a thread: None

Heap address: 0x00000000e0000000, size: 512 MB, Compressed Oops mode: 32-bit
CDS archive(s) mapped at: [0x0000000800000000-0x0000000800b50000-0x0000000800b50000), size 11862016, SharedBaseAddress: 0x0000000800000000, ArchiveRelocationMode: 0.
Compressed class space mapped at: 0x0000000800b50000-0x0000000840b50000, size: 1073741824
Narrow klass base: 0x0000000800000000, Narrow klass shift: 3, Narrow klass range: 0x100000000

GC Precious Log:
 CPUs: 12 total, 12 available
 Memory: 16229M
 Large Page Support: Disabled
 NUMA Support: Disabled
 Compressed Oops: Enabled (32-bit)
 Heap Region Size: 1M
 Heap Min Capacity: 8M
 Heap Initial Capacity: 254M
 Heap Max Capacity: 512M
 Pre-touch: Disabled
 Parallel Workers: 10
 Concurrent Workers: 3
 Concurrent Refinement Workers: 10
 Periodic GC: Disabled

Heap:
 garbage-first heap   total 64512K, used 33464K [0x00000000e0000000, 0x0000000100000000)
  region size 1024K, 3 young (3072K), 2 survivors (2048K)
 Metaspace       used 30533K, capacity 30960K, committed 31232K, reserved 1077248K
  class space    used 3946K, capacity 4063K, committed 4096K, reserved 1048576K

Heap Regions: E=young(eden), S=young(survivor), O=old, HS=humongous(starts), HC=humongous(continues), CS=collection set, F=free, OA=open archive, CA=closed archive, TAMS=top-at-mark-start (previous, next)
|   0|0x00000000e0000000, 0x00000000e0100000, 0x00000000e0100000|100%| O|  |TAMS 0x00000000e0100000, 0x00000000e0000000| Untracked 
|   1|0x00000000e0100000, 0x00000000e0200000, 0x00000000e0200000|100%| O|  |TAMS 0x00000000e0200000, 0x00000000e0100000| Untracked 
|   2|0x00000000e0200000, 0x00000000e0300000, 0x00000000e0300000|100%| O|  |TAMS 0x00000000e0300000, 0x00000000e0200000| Untracked 
|   3|0x00000000e0300000, 0x00000000e0400000, 0x00000000e0400000|100%| O|  |TAMS 0x00000000e0400000, 0x00000000e0300000| Untracked 
|   4|0x00000000e0400000, 0x00000000e0500000, 0x00000000e0500000|100%| O|  |TAMS 0x00000000e0500000, 0x00000000e0400000| Untracked 
|   5|0x00000000e0500000, 0x00000000e050d200, 0x00000000e0600000|  5%| O|  |TAMS 0x00000000e050d200, 0x00000000e0500000| Untracked 
|   6|0x00000000e0600000, 0x00000000e0700000, 0x00000000e0700000|100%|HS|  |TAMS 0x00000000e0700000, 0x00000000e0600000| Complete 
|   7|0x00000000e0700000, 0x00000000e0800000, 0x00000000e0800000|100%|HC|  |TAMS 0x00000000e0800000, 0x00000000e0700000| Complete 
|   8|0x00000000e0800000, 0x00000000e0900000, 0x00000000e0900000|100%|HC|  |TAMS 0x00000000e0900000, 0x00000000e0800000| Complete 
|   9|0x00000000e0900000, 0x00000000e0a00000, 0x00000000e0a00000|100%|HC|  |TAMS 0x00000000e0a00000, 0x00000000e0900000| Complete 
|  10|0x00000000e0a00000, 0x00000000e0b00000, 0x00000000e0b00000|100%| O|  |TAMS 0x00000000e0b00000, 0x00000000e0a00000| Untracked 
|  11|0x00000000e0b00000, 0x00000000e0c00000, 0x00000000e0c00000|100%|HS|  |TAMS 0x00000000e0c00000, 0x00000000e0b00000| Complete 
|  12|0x00000000e0c00000, 0x00000000e0d00000, 0x00000000e0d00000|100%|HC|  |TAMS 0x00000000e0d00000, 0x00000000e0c00000| Complete 
|  13|0x00000000e0d00000, 0x00000000e0e00000, 0x00000000e0e00000|100%|HC|  |TAMS 0x00000000e0e00000, 0x00000000e0d00000| Complete 
|  14|0x00000000e0e00000, 0x00000000e0f00000, 0x00000000e0f00000|100%|HC|  |TAMS 0x00000000e0f00000, 0x00000000e0e00000| Complete 
|  15|0x00000000e0f00000, 0x00000000e1000000, 0x00000000e1000000|100%|HC|  |TAMS 0x00000000e1000000, 0x00000000e0f00000| Complete 
|  16|0x00000000e1000000, 0x00000000e1100000, 0x00000000e1100000|100%|HC|  |TAMS 0x00000000e1100000, 0x00000000e1000000| Complete 
|  17|0x00000000e1100000, 0x00000000e1200000, 0x00000000e1200000|100%|HC|  |TAMS 0x00000000e1200000, 0x00000000e1100000| Complete 
|  18|0x00000000e1200000, 0x00000000e1300000, 0x00000000e1300000|100%|HC|  |TAMS 0x00000000e1300000, 0x00000000e1200000| Complete 
|  19|0x00000000e1300000, 0x00000000e1400000, 0x00000000e1400000|100%|HC|  |TAMS 0x00000000e1400000, 0x00000000e1300000| Complete 
|  20|0x00000000e1400000, 0x00000000e1500000, 0x00000000e1500000|100%| O|  |TAMS 0x00000000e1500000, 0x00000000e1400000| Untracked 
|  21|0x00000000e1500000, 0x00000000e1600000, 0x00000000e1600000|100%| O|  |TAMS 0x00000000e1600000, 0x00000000e1500000| Untracked 
|  22|0x00000000e1600000, 0x00000000e1700000, 0x00000000e1700000|100%| O|  |TAMS 0x00000000e1616800, 0x00000000e1600000| Untracked 
|  23|0x00000000e1700000, 0x00000000e1800000, 0x00000000e1800000|100%| O|  |TAMS 0x00000000e1800000, 0x00000000e1700000| Untracked 
|  24|0x00000000e1800000, 0x00000000e1900000, 0x00000000e1900000|100%| O|  |TAMS 0x00000000e1900000, 0x00000000e1800000| Untracked 
|  25|0x00000000e1900000, 0x00000000e1a00000, 0x00000000e1a00000|100%|HS|  |TAMS 0x00000000e1a00000, 0x00000000e1900000| Complete 
|  26|0x00000000e1a00000, 0x00000000e1b00000, 0x00000000e1b00000|100%|HC|  |TAMS 0x00000000e1b00000, 0x00000000e1a00000| Complete 
|  27|0x00000000e1b00000, 0x00000000e1b86200, 0x00000000e1c00000| 52%| O|  |TAMS 0x00000000e1b00000, 0x00000000e1b00000| Untracked 
|  28|0x00000000e1c00000, 0x00000000e1d00000, 0x00000000e1d00000|100%|HS|  |TAMS 0x00000000e1c00000, 0x00000000e1c00000| Complete 
|  29|0x00000000e1d00000, 0x00000000e1e00000, 0x00000000e1e00000|100%|HC|  |TAMS 0x00000000e1d00000, 0x00000000e1d00000| Complete 
|  30|0x00000000e1e00000, 0x00000000e1e00000, 0x00000000e1f00000|  0%| F|  |TAMS 0x00000000e1e00000, 0x00000000e1e00000| Untracked 
|  31|0x00000000e1f00000, 0x00000000e1f00000, 0x00000000e2000000|  0%| F|  |TAMS 0x00000000e1f00000, 0x00000000e1f00000| Untracked 
|  32|0x00000000e2000000, 0x00000000e2000000, 0x00000000e2100000|  0%| F|  |TAMS 0x00000000e2000000, 0x00000000e2000000| Untracked 
|  33|0x00000000e2100000, 0x00000000e2100000, 0x00000000e2200000|  0%| F|  |TAMS 0x00000000e2100000, 0x00000000e2100000| Untracked 
|  34|0x00000000e2200000, 0x00000000e2200000, 0x00000000e2300000|  0%| F|  |TAMS 0x00000000e2200000, 0x00000000e2200000| Untracked 
|  35|0x00000000e2300000, 0x00000000e2300000, 0x00000000e2400000|  0%| F|  |TAMS 0x00000000e2300000, 0x00000000e2300000| Untracked 
|  36|0x00000000e2400000, 0x00000000e2400000, 0x00000000e2500000|  0%| F|  |TAMS 0x00000000e2400000, 0x00000000e2400000| Untracked 
|  37|0x00000000e2500000, 0x00000000e2500000, 0x00000000e2600000|  0%| F|  |TAMS 0x00000000e2500000, 0x00000000e2500000| Untracked 
|  38|0x00000000e2600000, 0x00000000e2600000, 0x00000000e2700000|  0%| F|  |TAMS 0x00000000e2600000, 0x00000000e2600000| Untracked 
|  39|0x00000000e2700000, 0x00000000e2700000, 0x00000000e2800000|  0%| F|  |TAMS 0x00000000e2700000, 0x00000000e2700000| Untracked 
|  40|0x00000000e2800000, 0x00000000e2800000, 0x00000000e2900000|  0%| F|  |TAMS 0x00000000e2800000, 0x00000000e2800000| Untracked 
|  41|0x00000000e2900000, 0x00000000e2900000, 0x00000000e2a00000|  0%| F|  |TAMS 0x00000000e2900000, 0x00000000e2900000| Untracked 
|  42|0x00000000e2a00000, 0x00000000e2a00000, 0x00000000e2b00000|  0%| F|  |TAMS 0x00000000e2a00000, 0x00000000e2a00000| Untracked 
|  43|0x00000000e2b00000, 0x00000000e2b00000, 0x00000000e2c00000|  0%| F|  |TAMS 0x00000000e2b00000, 0x00000000e2b00000| Untracked 
|  44|0x00000000e2c00000, 0x00000000e2c00000, 0x00000000e2d00000|  0%| F|  |TAMS 0x00000000e2c00000, 0x00000000e2c00000| Untracked 
|  45|0x00000000e2d00000, 0x00000000e2d00000, 0x00000000e2e00000|  0%| F|  |TAMS 0x00000000e2d00000, 0x00000000e2d00000| Untracked 
|  46|0x00000000e2e00000, 0x00000000e2e00000, 0x00000000e2f00000|  0%| F|  |TAMS 0x00000000e2e00000, 0x00000000e2e00000| Untracked 
|  47|0x00000000e2f00000, 0x00000000e2f00000, 0x00000000e3000000|  0%| F|  |TAMS 0x00000000e2f00000, 0x00000000e2f00000| Untracked 
|  48|0x00000000e3000000, 0x00000000e3000000, 0x00000000e3100000|  0%| F|  |TAMS 0x00000000e3000000, 0x00000000e3000000| Untracked 
|  49|0x00000000e3100000, 0x00000000e3100000, 0x00000000e3200000|  0%| F|  |TAMS 0x00000000e3100000, 0x00000000e3100000| Untracked 
|  50|0x00000000e3200000, 0x00000000e3200000, 0x00000000e3300000|  0%| F|  |TAMS 0x00000000e3200000, 0x00000000e3200000| Untracked 
|  51|0x00000000e3300000, 0x00000000e3300000, 0x00000000e3400000|  0%| F|  |TAMS 0x00000000e3300000, 0x00000000e3300000| Untracked 
|  52|0x00000000e3400000, 0x00000000e3400000, 0x00000000e3500000|  0%| F|  |TAMS 0x00000000e3400000, 0x00000000e3400000| Untracked 
| 165|0x00000000ea500000, 0x00000000ea500000, 0x00000000ea600000|  0%| F|  |TAMS 0x00000000ea500000, 0x00000000ea500000| Untracked 
| 166|0x00000000ea600000, 0x00000000ea600000, 0x00000000ea700000|  0%| F|  |TAMS 0x00000000ea600000, 0x00000000ea600000| Untracked 
| 167|0x00000000ea700000, 0x00000000ea71ace0, 0x00000000ea800000| 10%| S|CS|TAMS 0x00000000ea700000, 0x00000000ea700000| Complete 
| 168|0x00000000ea800000, 0x00000000ea900000, 0x00000000ea900000|100%| S|CS|TAMS 0x00000000ea800000, 0x00000000ea800000| Complete 
| 169|0x00000000ea900000, 0x00000000ea900000, 0x00000000eaa00000|  0%| F|  |TAMS 0x00000000ea900000, 0x00000000ea900000| Untracked 
| 170|0x00000000eaa00000, 0x00000000eaa00000, 0x00000000eab00000|  0%| F|  |TAMS 0x00000000eaa00000, 0x00000000eaa00000| Untracked 
| 253|0x00000000efd00000, 0x00000000efd209b8, 0x00000000efe00000| 12%| E|  |TAMS 0x00000000efd00000, 0x00000000efd00000| Complete 
| 509|0x00000000ffd00000, 0x00000000ffe00000, 0x00000000ffe00000|100%| O|  |TAMS 0x00000000ffe00000, 0x00000000ffd00000| Untracked 
| 510|0x00000000ffe00000, 0x00000000fff00000, 0x00000000fff00000|100%| O|  |TAMS 0x00000000fff00000, 0x00000000ffe00000| Untracked 
| 511|0x00000000fff00000, 0x0000000100000000, 0x0000000100000000|100%| O|  |TAMS 0x0000000100000000, 0x00000000fff00000| Untracked 

Card table byte_map: [0x00000239a02d0000,0x00000239a03d0000] _byte_map_base: 0x000002399fbd0000

Marking Bits (Prev, Next): (CMBitMap*) 0x0000023988a96fd0, (CMBitMap*) 0x0000023988a97010
 Prev Bits: [0x00000239a04d0000, 0x00000239a0cd0000)
 Next Bits: [0x00000239a0cd0000, 0x00000239a14d0000)

Polling page: 0x0000023986980000

Metaspace:

Usage:
  Non-class:     26.27 MB capacity,    25.96 MB ( 99%) used,   270.30 KB (  1%) free+waste,    39.88 KB ( <1%) overhead. 
      Class:      3.97 MB capacity,     3.85 MB ( 97%) used,   100.22 KB (  2%) free+waste,    15.88 KB ( <1%) overhead. 
       Both:     30.23 MB capacity,    29.82 MB ( 99%) used,   370.52 KB (  1%) free+waste,    55.75 KB ( <1%) overhead. 

Virtual space:
  Non-class space:       28.00 MB reserved,      26.50 MB ( 95%) committed 
      Class space:        1.00 GB reserved,       4.00 MB ( <1%) committed 
             Both:        1.03 GB reserved,      30.50 MB (  3%) committed 

Chunk freelists:
   Non-Class:  47.00 KB
       Class:  1.00 KB
        Both:  48.00 KB

MaxMetaspaceSize: 17179869184.00 GB
CompressedClassSpaceSize: 1.00 GB

CodeHeap 'non-profiled nmethods': size=120000Kb used=3130Kb max_used=3130Kb free=116869Kb
 bounds [0x0000023998750000, 0x0000023998a60000, 0x000002399fc80000]
CodeHeap 'profiled nmethods': size=120000Kb used=9729Kb max_used=9729Kb free=110270Kb
 bounds [0x0000023991220000, 0x0000023991bb0000, 0x0000023998750000]
CodeHeap 'non-nmethods': size=5760Kb used=1429Kb max_used=1566Kb free=4330Kb
 bounds [0x0000023990c80000, 0x0000023990ef0000, 0x0000023991220000]
 total_blobs=5498 nmethods=4748 adapters=662
 compilation: enabled
              stopped_count=0, restarted_count=0
 full_count=0

Compilation events (20 events):
Event: 10.018 Thread 0x00000239a49de310 nmethod 5397 0x0000023991b9c690 code [0x0000023991b9c920, 0x0000023991b9d2f8]
Event: 10.018 Thread 0x00000239a49de310 5398       3       java.lang.ClassLoader::loadLibrary (72 bytes)
Event: 10.021 Thread 0x00000239a49de310 nmethod 5398 0x0000023991b9d690 code [0x0000023991b9d9a0, 0x0000023991b9ebc8]
Event: 10.021 Thread 0x00000239a49de310 5400   !   3       jdk.internal.loader.NativeLibraries$1::run (25 bytes)
Event: 10.023 Thread 0x00000239a49de310 nmethod 5400 0x0000023991b9f210 code [0x0000023991b9f460, 0x0000023991b9fcc8]
Event: 10.023 Thread 0x00000239a49de310 5401       1       jdk.internal.loader.ClassLoaderHelper::mapAlternativeName (2 bytes)
Event: 10.023 Thread 0x00000239a49de310 nmethod 5401 0x0000023998a4ee90 code [0x0000023998a4f020, 0x0000023998a4f0b8]
Event: 10.023 Thread 0x00000239a6bacaa0 5402       4       jdk.internal.jimage.ImageLocation::decompress (153 bytes)
Event: 10.024 Thread 0x00000239a49de310 5403       3       sun.nio.fs.WindowsPath::elementAsString (62 bytes)
Event: 10.025 Thread 0x00000239a49de310 nmethod 5403 0x0000023991ba0090 code [0x0000023991ba02a0, 0x0000023991ba0708]
Event: 10.034 Thread 0x00000239a6bacaa0 nmethod 5402 0x0000023998a4f190 code [0x0000023998a4f320, 0x0000023998a4f718]
Event: 10.108 Thread 0x00000239a49ba350 nmethod 4961 0x0000023998a4f990 code [0x0000023998a4fe60, 0x0000023998a58fd8]
Event: 11.828 Thread 0x00000239a49ba350 5404       4       java.lang.ref.Reference::<init> (25 bytes)
Event: 11.832 Thread 0x00000239a49de310 5405       3       com.sun.javafx.geom.transform.AffineBase::getMyx (14 bytes)
Event: 11.832 Thread 0x00000239a49de310 nmethod 5405 0x0000023991ba0a10 code [0x0000023991ba0bc0, 0x0000023991ba0d28]
Event: 11.833 Thread 0x00000239a49de310 5406       3       com.sun.javafx.geom.transform.AffineBase::getMxy (14 bytes)
Event: 11.833 Thread 0x00000239a49de310 nmethod 5406 0x0000023991ba0e10 code [0x0000023991ba0fc0, 0x0000023991ba1128]
Event: 11.833 Thread 0x00000239a49ba350 nmethod 5404 0x0000023998a5e490 code [0x0000023998a5e600, 0x0000023998a5e838]
Event: 11.833 Thread 0x00000239a49de310 5407       3       jdk.internal.loader.NativeLibraries::find (72 bytes)
Event: 11.834 Thread 0x00000239a49de310 nmethod 5407 0x0000023991ba1210 code [0x0000023991ba1440, 0x0000023991ba1c98]

GC Heap History (20 events):
Event: 3.780 GC heap before
{Heap before GC invocations=2 (full 0):
 garbage-first heap   total 260096K, used 164540K [0x00000000e0000000, 0x0000000100000000)
  region size 1024K, 152 young (155648K), 2 survivors (2048K)
 Metaspace       used 15204K, capacity 15539K, committed 15744K, reserved 1062912K
  class space    used 1734K, capacity 1822K, committed 1920K, reserved 1048576K
}
Event: 3.785 GC heap after
{Heap after GC invocations=3 (full 0):
 garbage-first heap   total 260096K, used 13788K [0x00000000e0000000, 0x0000000100000000)
  region size 1024K, 5 young (5120K), 5 survivors (5120K)
 Metaspace       used 15204K, capacity 15539K, committed 15744K, reserved 1062912K
  class space    used 1734K, capacity 1822K, committed 1920K, reserved 1048576K
}
Event: 4.756 GC heap before
{Heap before GC invocations=3 (full 0):
 garbage-first heap   total 260096K, used 97756K [0x00000000e0000000, 0x0000000100000000)
  region size 1024K, 88 young (90112K), 5 survivors (5120K)
 Metaspace       used 20790K, capacity 21121K, committed 21248K, reserved 1067008K
  class space    used 2588K, capacity 2699K, committed 2816K, reserved 1048576K
}
Event: 4.760 GC heap after
{Heap after GC invocations=4 (full 0):
 garbage-first heap   total 260096K, used 15319K [0x00000000e0000000, 0x0000000100000000)
  region size 1024K, 6 young (6144K), 6 survivors (6144K)
 Metaspace       used 20790K, capacity 21121K, committed 21248K, reserved 1067008K
  class space    used 2588K, capacity 2699K, committed 2816K, reserved 1048576K
}
Event: 5.591 GC heap before
{Heap before GC invocations=5 (full 0):
 garbage-first heap   total 58368K, used 55255K [0x00000000e0000000, 0x0000000100000000)
  region size 1024K, 34 young (34816K), 6 survivors (6144K)
 Metaspace       used 22495K, capacity 22811K, committed 22912K, reserved 1069056K
  class space    used 2778K, capacity 2899K, committed 2944K, reserved 1048576K
}
Event: 5.598 GC heap after
{Heap after GC invocations=6 (full 0):
 garbage-first heap   total 64512K, used 27937K [0x00000000e0000000, 0x0000000100000000)
  region size 1024K, 4 young (4096K), 4 survivors (4096K)
 Metaspace       used 22495K, capacity 22811K, committed 22912K, reserved 1069056K
  class space    used 2778K, capacity 2899K, committed 2944K, reserved 1048576K
}
Event: 5.888 GC heap before
{Heap before GC invocations=6 (full 0):
 garbage-first heap   total 64512K, used 47393K [0x00000000e0000000, 0x0000000100000000)
  region size 1024K, 24 young (24576K), 4 survivors (4096K)
 Metaspace       used 24122K, capacity 24438K, committed 24704K, reserved 1071104K
  class space    used 3059K, capacity 3161K, committed 3200K, reserved 1048576K
}
Event: 5.890 GC heap after
{Heap after GC invocations=7 (full 0):
 garbage-first heap   total 64512K, used 26241K [0x00000000e0000000, 0x0000000100000000)
  region size 1024K, 2 young (2048K), 2 survivors (2048K)
 Metaspace       used 24122K, capacity 24438K, committed 24704K, reserved 1071104K
  class space    used 3059K, capacity 3161K, committed 3200K, reserved 1048576K
}
Event: 6.246 GC heap before
{Heap before GC invocations=7 (full 0):
 garbage-first heap   total 64512K, used 48769K [0x00000000e0000000, 0x0000000100000000)
  region size 1024K, 24 young (24576K), 2 survivors (2048K)
 Metaspace       used 25652K, capacity 25980K, committed 26240K, reserved 1073152K
  class space    used 3324K, capacity 3418K, committed 3456K, reserved 1048576K
}
Event: 6.248 GC heap after
{Heap after GC invocations=8 (full 0):
 garbage-first heap   total 64512K, used 26606K [0x00000000e0000000, 0x0000000100000000)
  region size 1024K, 1 young (1024K), 1 survivors (1024K)
 Metaspace       used 25652K, capacity 25980K, committed 26240K, reserved 1073152K
  class space    used 3324K, capacity 3418K, committed 3456K, reserved 1048576K
}
Event: 6.673 GC heap before
{Heap before GC invocations=8 (full 0):
 garbage-first heap   total 64512K, used 50158K [0x00000000e0000000, 0x0000000100000000)
  region size 1024K, 24 young (24576K), 1 survivors (1024K)
 Metaspace       used 27372K, capacity 27739K, committed 28032K, reserved 1073152K
  class space    used 3532K, capacity 3655K, committed 3712K, reserved 1048576K
}
Event: 6.674 GC heap after
{Heap after GC invocations=9 (full 0):
 garbage-first heap   total 64512K, used 26926K [0x00000000e0000000, 0x0000000100000000)
  region size 1024K, 2 young (2048K), 2 survivors (2048K)
 Metaspace       used 27372K, capacity 27739K, committed 28032K, reserved 1073152K
  class space    used 3532K, capacity 3655K, committed 3712K, reserved 1048576K
}
Event: 9.339 GC heap before
{Heap before GC invocations=9 (full 0):
 garbage-first heap   total 64512K, used 43310K [0x00000000e0000000, 0x0000000100000000)
  region size 1024K, 18 young (18432K), 2 survivors (2048K)
 Metaspace       used 28192K, capacity 28593K, committed 28672K, reserved 1075200K
  class space    used 3623K, capacity 3766K, committed 3840K, reserved 1048576K
}
Event: 9.341 GC heap after
{Heap after GC invocations=10 (full 0):
 garbage-first heap   total 64512K, used 28584K [0x00000000e0000000, 0x0000000100000000)
  region size 1024K, 2 young (2048K), 2 survivors (2048K)
 Metaspace       used 28192K, capacity 28593K, committed 28672K, reserved 1075200K
  class space    used 3623K, capacity 3766K, committed 3840K, reserved 1048576K
}
Event: 9.798 GC heap before
{Heap before GC invocations=11 (full 0):
 garbage-first heap   total 64512K, used 51112K [0x00000000e0000000, 0x0000000100000000)
  region size 1024K, 24 young (24576K), 2 survivors (2048K)
 Metaspace       used 29421K, capacity 29796K, committed 30080K, reserved 1075200K
  class space    used 3798K, capacity 3931K, committed 3968K, reserved 1048576K
}
Event: 9.802 GC heap after
{Heap after GC invocations=12 (full 0):
 garbage-first heap   total 64512K, used 29307K [0x00000000e0000000, 0x0000000100000000)
  region size 1024K, 3 young (3072K), 3 survivors (3072K)
 Metaspace       used 29421K, capacity 29796K, committed 30080K, reserved 1075200K
  class space    used 3798K, capacity 3931K, committed 3968K, reserved 1048576K
}
Event: 9.992 GC heap before
{Heap before GC invocations=12 (full 0):
 garbage-first heap   total 64512K, used 40571K [0x00000000e0000000, 0x0000000100000000)
  region size 1024K, 15 young (15360K), 3 survivors (3072K)
 Metaspace       used 30365K, capacity 30768K, committed 30976K, reserved 1077248K
  class space    used 3928K, capacity 4063K, committed 4096K, reserved 1048576K
}
Event: 9.995 GC heap after
{Heap after GC invocations=13 (full 0):
 garbage-first heap   total 64512K, used 29192K [0x00000000e0000000, 0x0000000100000000)
  region size 1024K, 3 young (3072K), 3 survivors (3072K)
 Metaspace       used 30365K, capacity 30768K, committed 30976K, reserved 1077248K
  class space    used 3928K, capacity 4063K, committed 4096K, reserved 1048576K
}
Event: 11.821 GC heap before
{Heap before GC invocations=14 (full 0):
 garbage-first heap   total 64512K, used 33288K [0x00000000e0000000, 0x0000000100000000)
  region size 1024K, 6 young (6144K), 3 survivors (3072K)
 Metaspace       used 30522K, capacity 30896K, committed 30976K, reserved 1077248K
  class space    used 3945K, capacity 4063K, committed 4096K, reserved 1048576K
}
Event: 11.827 GC heap after
{Heap after GC invocations=15 (full 0):
 garbage-first heap   total 64512K, used 31416K [0x00000000e0000000, 0x0000000100000000)
  region size 1024K, 2 young (2048K), 2 survivors (2048K)
 Metaspace       used 30522K, capacity 30896K, committed 30976K, reserved 1077248K
  class space    used 3945K, capacity 4063K, committed 4096K, reserved 1048576K
}

Deoptimization events (20 events):
Event: 9.771 Thread 0x00000239a8845490 Uncommon trap: trap_request=0xffffffde fr.pc=0x00000239989ed7f8 relative=0x0000000000000e18
Event: 9.771 Thread 0x00000239a8845490 Uncommon trap: reason=class_check action=maybe_recompile pc=0x00000239989ed7f8 method=javafx.scene.CssStyleHelper.getStyle(Ljavafx/css/Styleable;Ljava/lang/String;Lcom/sun/javafx/css/StyleMap;Ljava/util/Set;)Lcom/sun/javafx/css/CascadingStyle; @ 304 c2
Event: 9.771 Thread 0x00000239a8845490 DEOPT PACKING pc=0x00000239989ed7f8 sp=0x000000ed57bfb8a0
Event: 9.771 Thread 0x00000239a8845490 DEOPT UNPACKING pc=0x0000023990cce42f sp=0x000000ed57bfb808 mode 2
Event: 9.772 Thread 0x00000239a8845490 Uncommon trap: trap_request=0xffffffde fr.pc=0x00000239989f61d4 relative=0x0000000000003ef4
Event: 9.772 Thread 0x00000239a8845490 Uncommon trap: reason=class_check action=maybe_recompile pc=0x00000239989f61d4 method=com.sun.javafx.css.StyleMap.getCascadingStyles()Ljava/util/Map; @ 129 c2
Event: 9.772 Thread 0x00000239a8845490 DEOPT PACKING pc=0x00000239989f61d4 sp=0x000000ed57bfb5b0
Event: 9.772 Thread 0x00000239a8845490 DEOPT UNPACKING pc=0x0000023990cce42f sp=0x000000ed57bfb5c0 mode 2
Event: 9.940 Thread 0x00000239a8845490 DEOPT PACKING pc=0x00000239916b1a77 sp=0x000000ed57bf97e0
Event: 9.940 Thread 0x00000239a8845490 DEOPT UNPACKING pc=0x0000023990cce23f sp=0x000000ed57bf8d58 mode 0
Event: 9.941 Thread 0x00000239a8845490 DEOPT PACKING pc=0x00000239916ba2a6 sp=0x000000ed57bf99e0
Event: 9.941 Thread 0x00000239a8845490 DEOPT UNPACKING pc=0x0000023990cce23f sp=0x000000ed57bf8ed0 mode 0
Event: 9.941 Thread 0x00000239a65db180 DEOPT PACKING pc=0x00000239916baf56 sp=0x000000ed574feb10
Event: 9.941 Thread 0x00000239a65db180 DEOPT UNPACKING pc=0x0000023990cce23f sp=0x000000ed574fdfc8 mode 0
Event: 9.941 Thread 0x00000239a8845490 DEOPT PACKING pc=0x00000239916b1a77 sp=0x000000ed57bf9650
Event: 9.941 Thread 0x00000239a8845490 DEOPT UNPACKING pc=0x0000023990cce23f sp=0x000000ed57bf8bc8 mode 0
Event: 11.832 Thread 0x00000239a72ed010 Uncommon trap: trap_request=0xffffffde fr.pc=0x00000239989393a8 relative=0x0000000000001088
Event: 11.832 Thread 0x00000239a72ed010 Uncommon trap: reason=class_check action=maybe_recompile pc=0x00000239989393a8 method=java.util.concurrent.ConcurrentHashMap.putVal(Ljava/lang/Object;Ljava/lang/Object;Z)Ljava/lang/Object; @ 242 c2
Event: 11.832 Thread 0x00000239a72ed010 DEOPT PACKING pc=0x00000239989393a8 sp=0x000000ed57afcba0
Event: 11.832 Thread 0x00000239a72ed010 DEOPT UNPACKING pc=0x0000023990cce42f sp=0x000000ed57afcb10 mode 2

Classes unloaded (0 events):
No events

Classes redefined (0 events):
No events

Internal exceptions (20 events):
Event: 1.879 Thread 0x00000239a773efc0 Exception <a 'java/lang/NoSuchMethodError'{0x00000000eedd7678}: 'java.lang.Object java.lang.invoke.DirectMethodHandle$Holder.newInvokeSpecial(java.lang.Object, java.lang.Object, java.lang.Object, java.lang.Object, java.lang.Object)'> (0x00000000eedd7678) 
thrown [./open/src/hotspot/share/interpreter/linkResolver.cpp, line 782]
Event: 1.910 Thread 0x00000239a773efc0 Exception <a 'java/lang/NoSuchMethodError'{0x00000000eeb45e28}: 'java.lang.Object java.lang.invoke.Invokers$Holder.invoke_MT(java.lang.Object, java.lang.Object, java.lang.Object, java.lang.Object, java.lang.Object)'> (0x00000000eeb45e28) 
thrown [./open/src/hotspot/share/interpreter/linkResolver.cpp, line 782]
Event: 2.033 Thread 0x00000239a773efc0 Exception <a 'java/lang/NoSuchMethodError'{0x00000000ee01d688}: 'void java.lang.invoke.DirectMethodHandle$Holder.invokeSpecial(java.lang.Object, java.lang.Object, java.lang.Object, java.lang.Object, java.lang.Object)'> (0x00000000ee01d688) 
thrown [./open/src/hotspot/share/interpreter/linkResolver.cpp, line 782]
Event: 2.039 Thread 0x00000239a773efc0 Exception <a 'java/lang/NoSuchMethodError'{0x00000000ee09e3f0}: 'void java.lang.invoke.DirectMethodHandle$Holder.invokeStaticInit(java.lang.Object, java.lang.Object, java.lang.Object)'> (0x00000000ee09e3f0) 
thrown [./open/src/hotspot/share/interpreter/linkResolver.cpp, line 782]
Event: 2.624 Thread 0x00000239a8b590b0 Exception <a 'java/lang/NoSuchMethodError'{0x00000000ec6112b8}: 'int java.lang.invoke.DirectMethodHandle$Holder.invokeStaticInit(java.lang.Object, java.lang.Object, java.lang.Object)'> (0x00000000ec6112b8) 
thrown [./open/src/hotspot/share/interpreter/linkResolver.cpp, line 782]
Event: 2.730 Thread 0x00000239a8845490 Exception <a 'java/lang/NoSuchMethodError'{0x00000000ebcae3f8}: 'void java.lang.invoke.DirectMethodHandle$Holder.invokeStaticInit(java.lang.Object)'> (0x00000000ebcae3f8) 
thrown [./open/src/hotspot/share/interpreter/linkResolver.cpp, line 782]
Event: 3.342 Thread 0x00000239a8845490 Exception <a 'java/lang/NoSuchMethodError'{0x00000000e9017478}: 'java.lang.Object java.lang.invoke.DirectMethodHandle$Holder.invokeStaticInit(java.lang.Object, java.lang.Object, java.lang.Object, java.lang.Object)'> (0x00000000e9017478) 
thrown [./open/src/hotspot/share/interpreter/linkResolver.cpp, line 782]
Event: 3.343 Thread 0x00000239a8845490 Exception <a 'java/lang/NullPointerException'{0x00000000e902bda8}> (0x00000000e902bda8) 
thrown [./open/src/hotspot/share/interpreter/linkResolver.cpp, line 1374]
Event: 4.329 Thread 0x00000239a8845490 Exception <a 'java/lang/NoSuchMethodError'{0x00000000ecee1810}: 'java.lang.Object java.lang.invoke.DirectMethodHandle$Holder.invokeInterface(java.lang.Object, java.lang.Object, java.lang.Object)'> (0x00000000ecee1810) 
thrown [./open/src/hotspot/share/interpreter/linkResolver.cpp, line 782]
Event: 4.329 Thread 0x00000239a8845490 Exception <a 'java/lang/IncompatibleClassChangeError'{0x00000000ecee5390}: Found class java.lang.Object, but interface was expected> (0x00000000ecee5390) 
thrown [./open/src/hotspot/share/interpreter/linkResolver.cpp, line 848]
Event: 4.724 Thread 0x00000239a8845490 Exception <a 'java/lang/NoSuchMethodError'{0x00000000eaf647f0}: 'java.lang.Object java.lang.invoke.DirectMethodHandle$Holder.newInvokeSpecial(java.lang.Object, java.lang.Object, int)'> (0x00000000eaf647f0) 
thrown [./open/src/hotspot/share/interpreter/linkResolver.cpp, line 782]
Event: 4.728 Thread 0x00000239a773efc0 Exception <a 'java/lang/NoSuchMethodError'{0x00000000eae41558}: 'void java.lang.invoke.DirectMethodHandle$Holder.invokeVirtual(java.lang.Object, java.lang.Object)'> (0x00000000eae41558) 
thrown [./open/src/hotspot/share/interpreter/linkResolver.cpp, line 782]
Event: 4.751 Thread 0x00000239a72ed010 Exception <a 'java/lang/NoSuchMethodError'{0x00000000eacdd3f8}: 'int java.lang.invoke.DirectMethodHandle$Holder.invokeStaticInit(java.lang.Object, java.lang.Object)'> (0x00000000eacdd3f8) 
thrown [./open/src/hotspot/share/interpreter/linkResolver.cpp, line 782]
Event: 4.834 Thread 0x00000239a773efc0 Exception <a 'java/lang/NoSuchMethodError'{0x00000000e2b823f8}: 'int java.lang.invoke.DirectMethodHandle$Holder.invokeStatic(java.lang.Object, java.lang.Object, java.lang.Object, java.lang.Object)'> (0x00000000e2b823f8) 
thrown [./open/src/hotspot/share/interpreter/linkResolver.cpp, line 782]
Event: 4.834 Thread 0x00000239a773efc0 Exception <a 'java/lang/NoSuchMethodError'{0x00000000e2b861f8}: 'java.lang.Object java.lang.invoke.Invokers$Holder.invokeExact_MT(java.lang.Object, java.lang.Object, java.lang.Object, java.lang.Object, java.lang.Object, java.lang.Object)'> (0x00000000e2b861f8) 
thrown [./open/src/hotspot/share/interpreter/linkResolver.cpp, line 782]
Event: 5.496 Thread 0x00000239a773efc0 Implicit null exception at 0x00000239988398e0 to 0x0000023998839a78
Event: 9.956 Thread 0x00000239a8845490 Exception <a 'java/lang/NoSuchMethodError'{0x00000000e3338bc0}: 'long java.lang.invoke.DirectMethodHandle$Holder.invokeStatic(java.lang.Object, java.lang.Object, java.lang.Object)'> (0x00000000e3338bc0) 
thrown [./open/src/hotspot/share/interpreter/linkResolver.cpp, line 782]
Event: 9.956 Thread 0x00000239a8845490 Exception <a 'java/lang/NoSuchMethodError'{0x00000000e333cd68}: 'long java.lang.invoke.DirectMethodHandle$Holder.invokeStaticInit(java.lang.Object, java.lang.Object, java.lang.Object)'> (0x00000000e333cd68) 
thrown [./open/src/hotspot/share/interpreter/linkResolver.cpp, line 782]
Event: 9.959 Thread 0x00000239a8845490 Exception <a 'java/lang/NoSuchMethodError'{0x00000000e33555c0}: 'java.lang.Object java.lang.invoke.DirectMethodHandle$Holder.newInvokeSpecial(java.lang.Object, java.lang.Object, long)'> (0x00000000e33555c0) 
thrown [./open/src/hotspot/share/interpreter/linkResolver.cpp, line 782]
Event: 9.959 Thread 0x00000239a8845490 Exception <a 'java/lang/NoSuchMethodError'{0x00000000e3359880}: 'java.lang.Object java.lang.invoke.Invokers$Holder.linkToTargetMethod(java.lang.Object, long, java.lang.Object)'> (0x00000000e3359880) 
thrown [./open/src/hotspot/share/interpreter/linkResolver.cpp, line 782]

Events (20 events):
Event: 10.025 loading class sun/nio/fs/WindowsChannelFactory$Flags done
Event: 10.025 loading class sun/nio/fs/WindowsChannelFactory$2
Event: 10.025 loading class sun/nio/fs/WindowsChannelFactory$2 done
Event: 10.026 loading class sun/nio/ch/FileChannelImpl$Closer
Event: 10.026 loading class sun/nio/ch/FileChannelImpl$Closer done
Event: 10.026 loading class java/nio/channels/Channels
Event: 10.026 loading class java/nio/channels/Channels done
Event: 10.026 loading class java/nio/channels/Channels$1
Event: 10.027 loading class java/nio/channels/Channels$1 done
Event: 11.814 Loaded shared library C:\Users\ylira\.openjfx\cache\11.0.2\decora_sse.dll
Event: 11.821 Executing VM operation: G1TryInitiateConcMark
Event: 11.827 Executing VM operation: G1TryInitiateConcMark done
Event: 11.828 Thread 0x00000239a6bacaa0 Thread exited: 0x00000239a6bacaa0
Event: 11.828 Thread 0x00000239a4be99c0 Thread exited: 0x00000239a4be99c0
Event: 11.857 Executing VM operation: G1Concurrent
Event: 11.861 Executing VM operation: G1Concurrent done
Event: 11.861 Executing VM operation: HandshakeAllThreads
Event: 11.861 Executing VM operation: HandshakeAllThreads done
Event: 11.878 Executing VM operation: G1Concurrent
Event: 11.878 Executing VM operation: G1Concurrent done


Dynamic libraries:
0x00007ff6cea40000 - 0x00007ff6cea4d000 	C:\Program Files\Java\jdk-15.0.1\bin\java.exe
0x00007ffb2f660000 - 0x00007ffb2f850000 	C:\WINDOWS\SYSTEM32\ntdll.dll
0x00007ffb2dce0000 - 0x00007ffb2dd92000 	C:\WINDOWS\System32\KERNEL32.DLL
0x00007ffb2c5d0000 - 0x00007ffb2c875000 	C:\WINDOWS\System32\KERNELBASE.dll
0x00007ffb2c900000 - 0x00007ffb2c9fa000 	C:\WINDOWS\System32\ucrtbase.dll
0x00007ffb1c6d0000 - 0x00007ffb1c6e8000 	C:\Program Files\Java\jdk-15.0.1\bin\jli.dll
0x00007ffb2a190000 - 0x00007ffb2a1a9000 	C:\Program Files\Java\jdk-15.0.1\bin\VCRUNTIME140.dll
0x00007ffb2dac0000 - 0x00007ffb2dc54000 	C:\WINDOWS\System32\USER32.dll
0x00007ffb2d190000 - 0x00007ffb2d1b1000 	C:\WINDOWS\System32\win32u.dll
0x00007ffb1d5a0000 - 0x00007ffb1d824000 	C:\WINDOWS\WinSxS\amd64_microsoft.windows.common-controls_6595b64144ccf1df_6.0.18362.1256_none_9e7e379be45e40e2\COMCTL32.dll
0x00007ffb2f550000 - 0x00007ffb2f576000 	C:\WINDOWS\System32\GDI32.dll
0x00007ffb2e2a0000 - 0x00007ffb2e33e000 	C:\WINDOWS\System32\msvcrt.dll
0x00007ffb2d360000 - 0x00007ffb2d4f6000 	C:\WINDOWS\System32\gdi32full.dll
0x00007ffb2f0e0000 - 0x00007ffb2f416000 	C:\WINDOWS\System32\combase.dll
0x00007ffb2d670000 - 0x00007ffb2d70e000 	C:\WINDOWS\System32\msvcp_win.dll
0x00007ffb2dda0000 - 0x00007ffb2dec0000 	C:\WINDOWS\System32\RPCRT4.dll
0x00007ffb2d500000 - 0x00007ffb2d581000 	C:\WINDOWS\System32\bcryptPrimitives.dll
0x00007ffb2f0b0000 - 0x00007ffb2f0de000 	C:\WINDOWS\System32\IMM32.DLL
0x00007ffb287d0000 - 0x00007ffb287dc000 	C:\Program Files\Java\jdk-15.0.1\bin\vcruntime140_1.dll
0x00007ffb15a60000 - 0x00007ffb15af1000 	C:\Program Files\Java\jdk-15.0.1\bin\msvcp140.dll
0x00007ffacaf80000 - 0x00007ffacbade000 	C:\Program Files\Java\jdk-15.0.1\bin\server\jvm.dll
0x00007ffb2d960000 - 0x00007ffb2da03000 	C:\WINDOWS\System32\ADVAPI32.dll
0x00007ffb2f580000 - 0x00007ffb2f617000 	C:\WINDOWS\System32\sechost.dll
0x00007ffb2d710000 - 0x00007ffb2d718000 	C:\WINDOWS\System32\PSAPI.DLL
0x00007ffb15630000 - 0x00007ffb15639000 	C:\WINDOWS\SYSTEM32\WSOCK32.dll
0x00007ffb29f80000 - 0x00007ffb29fa4000 	C:\WINDOWS\SYSTEM32\WINMM.dll
0x00007ffb25d00000 - 0x00007ffb25d0a000 	C:\WINDOWS\SYSTEM32\VERSION.dll
0x00007ffb29f50000 - 0x00007ffb29f7d000 	C:\WINDOWS\SYSTEM32\WINMMBASE.dll
0x00007ffb2d310000 - 0x00007ffb2d35a000 	C:\WINDOWS\System32\cfgmgr32.dll
0x00000239881c0000 - 0x000002398822f000 	C:\WINDOWS\System32\ws2_32.DLL
0x00007ffb2c510000 - 0x00007ffb2c521000 	C:\WINDOWS\System32\kernel.appcore.dll
0x00007ffb1c6c0000 - 0x00007ffb1c6ca000 	C:\Program Files\Java\jdk-15.0.1\bin\jimage.dll
0x00007ffb2ace0000 - 0x00007ffb2aed4000 	C:\WINDOWS\SYSTEM32\DBGHELP.DLL
0x00007ffb17dc0000 - 0x00007ffb17dea000 	C:\WINDOWS\SYSTEM32\dbgcore.DLL
0x00007ffb1c0f0000 - 0x00007ffb1c0fe000 	C:\Program Files\Java\jdk-15.0.1\bin\instrument.dll
0x00007ffb1c690000 - 0x00007ffb1c6b5000 	C:\Program Files\Java\jdk-15.0.1\bin\java.dll
0x00007ffb2e960000 - 0x00007ffb2f047000 	C:\WINDOWS\System32\SHELL32.dll
0x00007ffb2f4a0000 - 0x00007ffb2f549000 	C:\WINDOWS\System32\shcore.dll
0x00007ffb2ca00000 - 0x00007ffb2d181000 	C:\WINDOWS\System32\windows.storage.dll
0x00007ffb2c5a0000 - 0x00007ffb2c5c3000 	C:\WINDOWS\System32\profapi.dll
0x00007ffb2c530000 - 0x00007ffb2c57a000 	C:\WINDOWS\System32\powrprof.dll
0x00007ffb2c500000 - 0x00007ffb2c510000 	C:\WINDOWS\System32\UMPDC.dll
0x00007ffb2e240000 - 0x00007ffb2e292000 	C:\WINDOWS\System32\shlwapi.dll
0x00007ffb2c8e0000 - 0x00007ffb2c8f7000 	C:\WINDOWS\System32\cryptsp.dll
0x00007ffb1c620000 - 0x00007ffb1c638000 	C:\Program Files\Java\jdk-15.0.1\bin\zip.dll
0x00007ffb1c670000 - 0x00007ffb1c689000 	C:\Program Files\Java\jdk-15.0.1\bin\net.dll
0x00007ffb24520000 - 0x00007ffb24610000 	C:\WINDOWS\SYSTEM32\WINHTTP.dll
0x00007ffb2bd00000 - 0x00007ffb2bd67000 	C:\WINDOWS\system32\mswsock.dll
0x00007ffb1c650000 - 0x00007ffb1c662000 	C:\Program Files\Java\jdk-15.0.1\bin\nio.dll
0x00007ffb1c610000 - 0x00007ffb1c620000 	C:\Program Files\Java\jdk-15.0.1\bin\verify.dll
0x00007ffb01720000 - 0x00007ffb01736000 	C:\WINDOWS\system32\napinsp.dll
0x00007ffb01700000 - 0x00007ffb0171a000 	C:\WINDOWS\system32\pnrpnsp.dll
0x00007ffb2ba60000 - 0x00007ffb2bb2b000 	C:\WINDOWS\SYSTEM32\DNSAPI.dll
0x00007ffb2f420000 - 0x00007ffb2f428000 	C:\WINDOWS\System32\NSI.dll
0x00007ffb2ba10000 - 0x00007ffb2ba4a000 	C:\WINDOWS\SYSTEM32\IPHLPAPI.DLL
0x00007ffb016e0000 - 0x00007ffb016ee000 	C:\WINDOWS\System32\winrnr.dll
0x00007ffb28780000 - 0x00007ffb2879c000 	C:\WINDOWS\system32\NLAapi.dll
0x00007ffb274c0000 - 0x00007ffb274d5000 	C:\WINDOWS\system32\wshbth.dll
0x00007ffb259a0000 - 0x00007ffb259aa000 	C:\Windows\System32\rasadhlp.dll
0x00007ffb24240000 - 0x00007ffb242b7000 	C:\WINDOWS\System32\fwpuclnt.dll
0x00007ffb2d640000 - 0x00007ffb2d666000 	C:\WINDOWS\System32\bcrypt.dll
0x00007ffb24ae0000 - 0x00007ffb24af6000 	C:\WINDOWS\SYSTEM32\dhcpcsvc6.DLL
0x00007ffb249b0000 - 0x00007ffb249cc000 	C:\WINDOWS\SYSTEM32\dhcpcsvc.DLL
0x00007ffb2b880000 - 0x00007ffb2b8b3000 	C:\WINDOWS\system32\rsaenh.dll
0x00007ffb2c420000 - 0x00007ffb2c445000 	C:\WINDOWS\SYSTEM32\USERENV.dll
0x00007ffb2be80000 - 0x00007ffb2be8c000 	C:\WINDOWS\SYSTEM32\CRYPTBASE.dll
0x00000239889c0000 - 0x00000239889c3000 	C:\Program Files\Java\jdk-15.0.1\bin\api-ms-win-core-console-l1-1-0.dll
0x00000239889d0000 - 0x00000239889d3000 	C:\Program Files\Java\jdk-15.0.1\bin\api-ms-win-core-datetime-l1-1-0.dll
0x00000239889e0000 - 0x00000239889e3000 	C:\Program Files\Java\jdk-15.0.1\bin\api-ms-win-core-debug-l1-1-0.dll
0x00000239889f0000 - 0x00000239889f3000 	C:\Program Files\Java\jdk-15.0.1\bin\api-ms-win-core-errorhandling-l1-1-0.dll
0x0000023988a00000 - 0x0000023988a04000 	C:\Program Files\Java\jdk-15.0.1\bin\api-ms-win-core-file-l1-1-0.dll
0x0000023988a10000 - 0x0000023988a13000 	C:\Program Files\Java\jdk-15.0.1\bin\api-ms-win-core-file-l1-2-0.dll
0x0000023988a20000 - 0x0000023988a23000 	C:\Program Files\Java\jdk-15.0.1\bin\api-ms-win-core-file-l2-1-0.dll
0x00000239a7f70000 - 0x00000239a7f73000 	C:\Program Files\Java\jdk-15.0.1\bin\api-ms-win-core-handle-l1-1-0.dll
0x00000239a7f80000 - 0x00000239a7f83000 	C:\Program Files\Java\jdk-15.0.1\bin\api-ms-win-core-heap-l1-1-0.dll
0x00000239a7f90000 - 0x00000239a7f93000 	C:\Program Files\Java\jdk-15.0.1\bin\api-ms-win-core-interlocked-l1-1-0.dll
0x00000239a7fa0000 - 0x00000239a7fa3000 	C:\Program Files\Java\jdk-15.0.1\bin\api-ms-win-core-libraryloader-l1-1-0.dll
0x00000239a7fb0000 - 0x00000239a7fb3000 	C:\Program Files\Java\jdk-15.0.1\bin\api-ms-win-core-localization-l1-2-0.dll
0x00000239a7fc0000 - 0x00000239a7fc3000 	C:\Program Files\Java\jdk-15.0.1\bin\api-ms-win-core-memory-l1-1-0.dll
0x00000239a7fd0000 - 0x00000239a7fd3000 	C:\Program Files\Java\jdk-15.0.1\bin\api-ms-win-core-namedpipe-l1-1-0.dll
0x00000239a7c60000 - 0x00000239a7c63000 	C:\Program Files\Java\jdk-15.0.1\bin\api-ms-win-core-processenvironment-l1-1-0.dll
0x00000239a7c70000 - 0x00000239a7c73000 	C:\Program Files\Java\jdk-15.0.1\bin\api-ms-win-core-processthreads-l1-1-0.dll
0x00000239a7c80000 - 0x00000239a7c83000 	C:\Program Files\Java\jdk-15.0.1\bin\api-ms-win-core-processthreads-l1-1-1.dll
0x00000239a7c90000 - 0x00000239a7c93000 	C:\Program Files\Java\jdk-15.0.1\bin\api-ms-win-core-profile-l1-1-0.dll
0x00000239a7ca0000 - 0x00000239a7ca3000 	C:\Program Files\Java\jdk-15.0.1\bin\api-ms-win-core-rtlsupport-l1-1-0.dll
0x00000239a7cb0000 - 0x00000239a7cb3000 	C:\Program Files\Java\jdk-15.0.1\bin\api-ms-win-core-string-l1-1-0.dll
0x00000239a7cc0000 - 0x00000239a7cc3000 	C:\Program Files\Java\jdk-15.0.1\bin\api-ms-win-core-synch-l1-1-0.dll
0x00000239a7cd0000 - 0x00000239a7cd3000 	C:\Program Files\Java\jdk-15.0.1\bin\api-ms-win-core-synch-l1-2-0.dll
0x00000239a7ce0000 - 0x00000239a7ce3000 	C:\Program Files\Java\jdk-15.0.1\bin\api-ms-win-core-sysinfo-l1-1-0.dll
0x00000239a7cf0000 - 0x00000239a7cf3000 	C:\Program Files\Java\jdk-15.0.1\bin\api-ms-win-core-timezone-l1-1-0.dll
0x00000239a7d00000 - 0x00000239a7d03000 	C:\Program Files\Java\jdk-15.0.1\bin\api-ms-win-core-util-l1-1-0.dll
0x00000239a7d10000 - 0x00000239a7d13000 	C:\Program Files\Java\jdk-15.0.1\bin\api-ms-win-crt-conio-l1-1-0.dll
0x00000239a7d20000 - 0x00000239a7d24000 	C:\Program Files\Java\jdk-15.0.1\bin\api-ms-win-crt-convert-l1-1-0.dll
0x00000239a7a60000 - 0x00000239a7a63000 	C:\Program Files\Java\jdk-15.0.1\bin\api-ms-win-crt-environment-l1-1-0.dll
0x00000239a7a70000 - 0x00000239a7a73000 	C:\Program Files\Java\jdk-15.0.1\bin\api-ms-win-crt-filesystem-l1-1-0.dll
0x00000239a7a80000 - 0x00000239a7a83000 	C:\Program Files\Java\jdk-15.0.1\bin\api-ms-win-crt-heap-l1-1-0.dll
0x00000239a7a90000 - 0x00000239a7a93000 	C:\Program Files\Java\jdk-15.0.1\bin\api-ms-win-crt-locale-l1-1-0.dll
0x00000239a7aa0000 - 0x00000239a7aa5000 	C:\Program Files\Java\jdk-15.0.1\bin\api-ms-win-crt-math-l1-1-0.dll
0x00000239a7ab0000 - 0x00000239a7ab5000 	C:\Program Files\Java\jdk-15.0.1\bin\api-ms-win-crt-multibyte-l1-1-0.dll
0x00000239a7ac0000 - 0x00000239a7ad0000 	C:\Program Files\Java\jdk-15.0.1\bin\api-ms-win-crt-private-l1-1-0.dll
0x00000239a7ad0000 - 0x00000239a7ad3000 	C:\Program Files\Java\jdk-15.0.1\bin\api-ms-win-crt-process-l1-1-0.dll
0x00000239a7ae0000 - 0x00000239a7ae4000 	C:\Program Files\Java\jdk-15.0.1\bin\api-ms-win-crt-runtime-l1-1-0.dll
0x00000239a7af0000 - 0x00000239a7af4000 	C:\Program Files\Java\jdk-15.0.1\bin\api-ms-win-crt-stdio-l1-1-0.dll
0x00000239a7b00000 - 0x00000239a7b04000 	C:\Program Files\Java\jdk-15.0.1\bin\api-ms-win-crt-string-l1-1-0.dll
0x00000239a7b10000 - 0x00000239a7b13000 	C:\Program Files\Java\jdk-15.0.1\bin\api-ms-win-crt-time-l1-1-0.dll
0x00000239a7b20000 - 0x00000239a7b23000 	C:\Program Files\Java\jdk-15.0.1\bin\api-ms-win-crt-utility-l1-1-0.dll
0x00007ffaf00c0000 - 0x00007ffaf01ba000 	C:\Program Files\Java\jdk-15.0.1\bin\ucrtbase.dll
0x00007ffb12f10000 - 0x00007ffb12f5d000 	C:\Windows\System32\concrt140.dll
0x00007ffb19a80000 - 0x00007ffb19a9c000 	C:\Users\ylira\.openjfx\cache\11.0.2\prism_sw.dll
0x0000000067780000 - 0x0000000067856000 	C:\Users\ylira\AppData\Local\Temp\sqlite-3.32.3.2-e6e539cf-a87c-45af-9048-931fa5163109-sqlitejdbc.dll
0x00007ffb17e50000 - 0x00007ffb17e64000 	C:\Users\ylira\.openjfx\cache\11.0.2\javafx_font.dll
0x00007ffb2d720000 - 0x00007ffb2d877000 	C:\WINDOWS\System32\ole32.dll
0x00007ffb2a390000 - 0x00007ffb2a429000 	C:\WINDOWS\system32\uxtheme.dll
0x00007ffb0e520000 - 0x00007ffb0e81e000 	C:\WINDOWS\SYSTEM32\dwrite.dll
0x00007ffb15a40000 - 0x00007ffb15a58000 	C:\Users\ylira\.openjfx\cache\11.0.2\decora_sse.dll
0x00007ffadbd70000 - 0x00007ffadbe6c000 	C:\ProgramData\A-Volute\A-Volute.Nahimic\Modules\Scheduled\x64\A-Volute.NahimicDevProps2.dll
0x00007ffb2da10000 - 0x00007ffb2dab2000 	C:\WINDOWS\System32\clbcatq.dll

dbghelp: loaded successfully - version: 4.0.5 - missing functions: none
symbol engine: initialized successfully - sym options: 0x614 - pdb path: .;C:\Program Files\Java\jdk-15.0.1\bin;C:\WINDOWS\SYSTEM32;C:\WINDOWS\WinSxS\amd64_microsoft.windows.common-controls_6595b64144ccf1df_6.0.18362.1256_none_9e7e379be45e40e2;C:\Program Files\Java\jdk-15.0.1\bin\server;C:\Users\ylira\.openjfx\cache\11.0.2;C:\Users\ylira\AppData\Local\Temp;C:\ProgramData\A-Volute\A-Volute.Nahimic\Modules\Scheduled\x64

VM Arguments:
jvm_args: -Djava.awt.headless=true -Dorg.gradle.native=false -Dprism.order=sw -Dprism.text=t2k -Dtestfx.headless=true -Dtestfx.robot=glass -javaagent:build/tmp/expandedArchives/org.jacoco.agent-0.8.5.jar_6a2df60c47de373ea127d14406367999/jacocoagent.jar=destfile=build/jacoco/test.exec,append=true,inclnolocationclasses=false,dumponexit=true,output=file,jmx=false -Xmx512m -Dfile.encoding=utf-8 -Duser.country=US -Duser.language=en -Duser.variant -ea 
java_command: worker.org.gradle.process.internal.worker.GradleWorkerMain 'Gradle Test Executor 1'
java_class_path (initial): C:\\Users\\ylira\\.gradle\\caches\\6.7\\workerMain\\gradle-worker.jar;C:\\Yliopisto\\Ohjelmistotuotanto\\miniprojekti\\ohtu-team13\\build\\classes\\java\\test;C:\\Yliopisto\\Ohjelmistotuotanto\\miniprojekti\\ohtu-team13\\build\\resources\\test;C:\\Yliopisto\\Ohjelmistotuotanto\\miniprojekti\\ohtu-team13\\build\\classes\\java\\main;C:\\Yliopisto\\Ohjelmistotuotanto\\miniprojekti\\ohtu-team13\\build\\resources\\main;C:\\Users\\ylira\\.gradle\\caches\\modules-2\\files-2.1\\org.xerial\\sqlite-jdbc\\3.32.3.2\\ee9912c1bdec16fe5978b0abd9f4063ce9eedf8b\\sqlite-jdbc-3.32.3.2.jar;C:\\Users\\ylira\\.gradle\\caches\\modules-2\\files-2.1\\org.testfx\\openjfx-monocle\\jdk-11+26\\7a988f4e2a6db0b3a17baacea6e102df86a3d375\\openjfx-monocle-jdk-11+26.jar;C:\\Users\\ylira\\.gradle\\caches\\modules-2\\files-2.1\\org.openjfx\\javafx-controls\\11\\af8d24de44e16a19ae959028eb23a48c145fb682\\javafx-controls-11-win.jar;C:\\Users\\ylira\\.gradle\\caches\\modules-2\\files-2.1\\org.openjfx\\javafx-graphics\\11.0.2\\20459ea2cf714942bcbeb78a7f70ba3531dc1a44\\javafx-graphics-11.0.2-win.jar;C:\\Users\\ylira\\.gradle\\caches\\modules-2\\files-2.1\\org.openjfx\\javafx-graphics\\11.0.2\\c1d99ae5bc48e7173f4514a941d27d8f8c972c71\\javafx-graphics-11.0.2-mac.jar;C:\\Users\\ylira\\.gradle\\caches\\modules-2\\files-2.1\\org.openjfx\\javafx-graphics\\11.0.2\\ef4c34f0ca77cd99100b76c2ccf1dce383572bb1\\javafx-graphics-11.0.2-linux.jar;C:\\Users\\ylira\\.gradle\\caches\\modules-2\\files-2.1\\org.openjfx\\javafx-graphics\\11.0.2\\e522eb4ea422eceeee207b1c266ba3db19b2343a\\javafx-graphics-11.0.2.jar;C:\\Users\\ylira\\.gradle\\caches\\modules-2\\files-2.1\\org.openjfx\\javafx-base\\11.0.2\\1852e57b8cf9a9b6488c33605bccd5d06ff210e1\\javafx-base-11.0.2-win.jar;C:\\Users\\ylira\\.gradle\\caches\\modules-2\\files-2.1\\org.openjfx\\javafx-base\\11.0.2\\7fb2e4a8528ec9e434a9ac9ee98b39af79e6dcb8\\javafx-base-11.0.2.jar;C:\\Users\\ylira\\.gradle\\caches\\modules-2\\files-2.1\\org.testfx\\testfx-jun
Launcher Type: SUN_STANDARD

[Global flags]
     intx CICompilerCount                          = 4                                         {product} {ergonomic}
     uint ConcGCThreads                            = 3                                         {product} {ergonomic}
     uint G1ConcRefinementThreads                  = 10                                        {product} {ergonomic}
   size_t G1HeapRegionSize                         = 1048576                                   {product} {ergonomic}
    uintx GCDrainStackTargetSize                   = 64                                        {product} {ergonomic}
   size_t InitialHeapSize                          = 266338304                                 {product} {ergonomic}
   size_t MarkStackSize                            = 4194304                                   {product} {ergonomic}
   size_t MaxHeapSize                              = 536870912                                 {product} {command line}
   size_t MaxNewSize                               = 321912832                                 {product} {ergonomic}
   size_t MinHeapDeltaBytes                        = 1048576                                   {product} {ergonomic}
   size_t MinHeapSize                              = 8388608                                   {product} {ergonomic}
    uintx NonNMethodCodeHeapSize                   = 5839372                                {pd product} {ergonomic}
    uintx NonProfiledCodeHeapSize                  = 122909434                              {pd product} {ergonomic}
    uintx ProfiledCodeHeapSize                     = 122909434                              {pd product} {ergonomic}
    uintx ReservedCodeCacheSize                    = 251658240                              {pd product} {ergonomic}
     bool SegmentedCodeCache                       = true                                      {product} {ergonomic}
   size_t SoftMaxHeapSize                          = 536870912                              {manageable} {ergonomic}
     bool UseCompressedClassPointers               = true                                 {lp64_product} {ergonomic}
     bool UseCompressedOops                        = true                                 {lp64_product} {ergonomic}
     bool UseG1GC                                  = true                                      {product} {ergonomic}
     bool UseLargePagesIndividualAllocation        = false                                  {pd product} {ergonomic}

Logging:
Log output configuration:
 #0: stdout all=warning uptime,level,tags
 #1: stderr all=off uptime,level,tags

Environment Variables:
JAVA_HOME=C:\Program Files\Java\jdk-15.0.1
PATH=C:\Users\ylira\bin;C:\Yliopisto\Sl ja muuta\Git\mingw64\bin;C:\Yliopisto\Sl ja muuta\Git\usr\local\bin;C:\Yliopisto\Sl ja muuta\Git\usr\bin;C:\Yliopisto\Sl ja muuta\Git\usr\bin;C:\Yliopisto\Sl ja muuta\Git\mingw64\bin;C:\Yliopisto\Sl ja muuta\Git\usr\bin;C:\Users\ylira\bin;C:\Program Files (x86)\Google\Chrome\Application;C:\Program Files\AdoptOpenJDK\jdk-11.0.6.10-hotspot\bin;C:\Program Files (x86)\Common Files\Oracle\Java\javapath;C:\Program Files (x86)\Intel\Intel(R) Management Engine Components\iCLS;C:\Program Files\Intel\Intel(R) Management Engine Components\iCLS;C:\Windows\system32;C:\Windows;C:\Windows\System32\Wbem;C:\Windows\System32\WindowsPowerShell\v1.0;C:\Windows\System32\OpenSSH;C:\Program Files (x86)\NVIDIA Corporation\PhysX\Common;C:\Program Files (x86)\Intel\Intel(R) Management Engine Components\DAL;C:\Program Files\Intel\Intel(R) Management Engine Components\DAL;C:\Program Files (x86)\Intel\Intel(R) Management Engine Components\IPT;C:\Program Files\Intel\Intel(R) Management Engine Components\IPT;C:\Program Files\Intel\WiFi\bin;C:\Program Files\Common Files\Intel\WirelessCommon;C:\WINDOWS\system32;C:\WINDOWS;C:\WINDOWS\System32\Wbem;C:\WINDOWS\System32\WindowsPowerShell\v1.0;C:\WINDOWS\System32\OpenSSH;C:\Program Files\NVIDIA Corporation\NVIDIA NvDLISR;C:\Program Files\nodejs;C:\ProgramData\chocolatey\bin;C:\Yliopisto\Sl ja muuta\Git\cmd;C:\Yliopisto\tietoturva\Chromedriver;C:\Program Files\PostgreSQL\13\bin;C:\Program Files\PostgreSQL\13\lib;C:\Program Files\Docker\Docker\resources\bin;C:\ProgramData\DockerDesktop\version-bin;C:\Program Files\TMC-cli;C:\Program Files\Sqlite3;C:\Users\ylira\AppData\Local\Programs\Python\Python39\Scripts;C:\Users\ylira\AppData\Local\Programs\Python\Python39;C:\Users\ylira\AppData\Local\Microsoft\WindowsApps;C:\Yliopisto\Microsoft VS Code\bin;C:\Users\ylira\AppData\Local\atom\bin;C:\Program Files\heroku\bin;C:\Users\ylira\AppData\Roaming\npm;C:\Yliopisto\Sl ja muuta\Git\usr\bin\vendor_perl;C:\
USERNAME=ylira
SHELL=C:\Yliopisto\Sl ja muuta\Git\usr\bin\bash.exe
DISPLAY=needs-to-be-defined
LANG=en_US.UTF-8
OS=Windows_NT
PROCESSOR_IDENTIFIER=Intel64 Family 6 Model 158 Stepping 10, GenuineIntel



---------------  S Y S T E M  ---------------

OS:
 Windows 10 , 64 bit Build 18362 (10.0.18362.1110)
OS uptime: 0 days 2:09 hours
HyperV virtualization detected

CPU: total 12 (initial active 12) (6 cores per cpu, 2 threads per core) family 6 model 158 stepping 10 microcode 0x96, cmov, cx8, fxsr, mmx, sse, sse2, sse3, ssse3, sse4.1, sse4.2, popcnt, vzeroupper, avx, avx2, aes, clmul, erms, 3dnowpref, lzcnt, ht, tsc, tscinvbit, bmi1, bmi2, adx, fma, clflush, clflushopt

Memory: 4k page, system-wide physical 16229M (6662M free)
TotalPageFile size 18661M (AvailPageFile size 5022M)
current process WorkingSet (physical memory assigned to process): 165M, peak: 298M
current process commit charge ("private bytes"): 212M, peak: 438M

vm_info: OpenJDK 64-Bit Server VM (15.0.1+9-18) for windows-amd64 JRE (15.0.1+9-18), built on Sep 15 2020 14:39:31 by "mach5one" with unknown MS VC++:1925

END.
