#
# A fatal error has been detected by the Java Runtime Environment:
#
#  EXCEPTION_ACCESS_VIOLATION (0xc0000005) at pc=0x00007ffb17e54879, pid=15444, tid=21072
#
# JRE version: OpenJDK Runtime Environment (15.0.1+9) (build 15.0.1+9-18)
# Java VM: OpenJDK 64-Bit Server VM (15.0.1+9-18, mixed mode, sharing, tiered, compressed oops, g1 gc, windows-amd64)
# Problematic frame:
# C  [javafx_font.dll+0x4879]
#
# No core dump will be written. Minidumps are not enabled by default on client versions of Windows
#
# If you would like to submit a bug report, please visit:
#   https://bugreport.java.com/bugreport/crash.jsp
# The crash happened outside the Java Virtual Machine in native code.
# See problematic frame for where to report the bug.
#

---------------  S U M M A R Y ------------

Command Line: -Djava.awt.headless=true -Dorg.gradle.native=false -Dprism.order=sw -Dprism.text=t2k -Dtestfx.headless=true -Dtestfx.robot=glass -javaagent:build/tmp/expandedArchives/org.jacoco.agent-0.8.5.jar_6a2df60c47de373ea127d14406367999/jacocoagent.jar=destfile=build/jacoco/test.exec,append=true,inclnolocationclasses=false,dumponexit=true,output=file,jmx=false -Xmx512m -Dfile.encoding=utf-8 -Duser.country=US -Duser.language=en -Duser.variant -ea worker.org.gradle.process.internal.worker.GradleWorkerMain 'Gradle Test Executor 5'

Host: Intel(R) Core(TM) i7-8750H CPU @ 2.20GHz, 12 cores, 15G,  Windows 10 , 64 bit Build 18362 (10.0.18362.1110)
Time: Thu Dec 10 12:15:15 2020 FLE Standard Time elapsed time: 7.215425 seconds (0d 0h 0m 7s)

---------------  T H R E A D  ---------------

Current thread (0x000002e62a062820):  JavaThread "QuantumRenderer-0" daemon [_thread_in_native, id=21072, stack(0x000000fca5b00000,0x000000fca5c00000)]

Stack: [0x000000fca5b00000,0x000000fca5c00000],  sp=0x000000fca5bfce30,  free space=1011k
Native frames: (J=compiled Java code, j=interpreted, Vv=VM code, C=native code)
C  [javafx_font.dll+0x4879]

Java frames: (J=compiled Java code, j=interpreted, Vv=VM code)
j  com.sun.javafx.font.directwrite.OS.CreateBitmap(JIIII)J+0
j  com.sun.javafx.font.directwrite.IWICImagingFactory.CreateBitmap(IIII)Lcom/sun/javafx/font/directwrite/IWICBitmap;+14
j  com.sun.javafx.font.directwrite.DWGlyph.createBitmap(II)Lcom/sun/javafx/font/directwrite/IWICBitmap;+21
j  com.sun.javafx.font.directwrite.DWGlyph.getCachedBitmap()Lcom/sun/javafx/font/directwrite/IWICBitmap;+30
j  com.sun.javafx.font.directwrite.DWGlyph.getD2DMask(FFZ)[B+194
j  com.sun.javafx.font.directwrite.DWGlyph.getPixelData(I)[B+160
j  com.sun.prism.sw.SWGraphics.drawGlyph(Lcom/sun/javafx/font/FontStrike;Lcom/sun/javafx/scene/text/GlyphList;ILcom/sun/javafx/geom/transform/BaseTransform;ZFF)V+118
j  com.sun.prism.sw.SWGraphics.drawString(Lcom/sun/javafx/scene/text/GlyphList;Lcom/sun/javafx/font/FontStrike;FFLcom/sun/prism/paint/Color;II)V+661
j  com.sun.javafx.sg.prism.NGText.renderText(Lcom/sun/prism/Graphics;Lcom/sun/javafx/font/FontStrike;Lcom/sun/javafx/geom/BaseBounds;Lcom/sun/prism/paint/Color;I)V+330
j  com.sun.javafx.sg.prism.NGText.renderContent2D(Lcom/sun/prism/Graphics;Z)V+437
j  com.sun.javafx.sg.prism.NGShape.renderContent(Lcom/sun/prism/Graphics;)V+684
j  com.sun.javafx.sg.prism.NGNode.doRender(Lcom/sun/prism/Graphics;)V+659
j  com.sun.javafx.sg.prism.NGNode.render(Lcom/sun/prism/Graphics;)V+80
j  com.sun.javafx.sg.prism.NGGroup.renderContent(Lcom/sun/prism/Graphics;)V+264
j  com.sun.javafx.sg.prism.NGRegion.renderContent(Lcom/sun/prism/Graphics;)V+217
j  com.sun.javafx.sg.prism.NGNode.doRender(Lcom/sun/prism/Graphics;)V+659
j  com.sun.javafx.sg.prism.NGNode.render(Lcom/sun/prism/Graphics;)V+80
j  com.sun.javafx.sg.prism.NGGroup.renderContent(Lcom/sun/prism/Graphics;)V+264
j  com.sun.javafx.sg.prism.NGRegion.renderContent(Lcom/sun/prism/Graphics;)V+217
j  com.sun.javafx.sg.prism.NGNode.doRender(Lcom/sun/prism/Graphics;)V+659
j  com.sun.javafx.sg.prism.NGNode.render(Lcom/sun/prism/Graphics;)V+80
j  com.sun.javafx.sg.prism.NGGroup.renderContent(Lcom/sun/prism/Graphics;)V+264
j  com.sun.javafx.sg.prism.NGRegion.renderContent(Lcom/sun/prism/Graphics;)V+217
j  com.sun.javafx.sg.prism.NGNode.doRender(Lcom/sun/prism/Graphics;)V+659
j  com.sun.javafx.sg.prism.NGNode.render(Lcom/sun/prism/Graphics;)V+80
j  com.sun.javafx.sg.prism.NGGroup.renderContent(Lcom/sun/prism/Graphics;)V+264
j  com.sun.javafx.sg.prism.NGRegion.renderContent(Lcom/sun/prism/Graphics;)V+217
j  com.sun.javafx.sg.prism.NGNode.renderForClip(Lcom/sun/prism/Graphics;)V+33
j  com.sun.javafx.sg.prism.NGNode.renderRectClip(Lcom/sun/prism/Graphics;Lcom/sun/javafx/sg/prism/NGRectangle;)V+221
j  com.sun.javafx.sg.prism.NGNode.renderClip(Lcom/sun/prism/Graphics;)V+161
j  com.sun.javafx.sg.prism.CacheFilter.renderNodeToCache(Lcom/sun/scenario/effect/ImageData;Lcom/sun/javafx/geom/Rectangle;Lcom/sun/javafx/geom/transform/BaseTransform;Lcom/sun/javafx/geom/Rectangle;)V+276
j  com.sun.javafx.sg.prism.CacheFilter.render(Lcom/sun/prism/Graphics;)V+586
j  com.sun.javafx.sg.prism.NGNode.renderCached(Lcom/sun/prism/Graphics;)V+68
j  com.sun.javafx.sg.prism.NGNode.doRender(Lcom/sun/prism/Graphics;)V+514
j  com.sun.javafx.sg.prism.NGNode.render(Lcom/sun/prism/Graphics;)V+80
j  com.sun.javafx.sg.prism.NGGroup.renderContent(Lcom/sun/prism/Graphics;)V+264
j  com.sun.javafx.sg.prism.NGRegion.renderContent(Lcom/sun/prism/Graphics;)V+217
j  com.sun.javafx.sg.prism.NGNode.doRender(Lcom/sun/prism/Graphics;)V+659
j  com.sun.javafx.sg.prism.NGNode.render(Lcom/sun/prism/Graphics;)V+80
j  com.sun.javafx.tk.quantum.ViewPainter.doPaint(Lcom/sun/prism/Graphics;Lcom/sun/javafx/sg/prism/NodePath;)V+386
j  com.sun.javafx.tk.quantum.ViewPainter.paintImpl(Lcom/sun/prism/Graphics;)V+1628
j  com.sun.javafx.tk.quantum.UploadingPainter.run()V+1342
j  java.util.concurrent.Executors$RunnableAdapter.call()Ljava/lang/Object;+4 java.base@15.0.1
j  java.util.concurrent.FutureTask.runAndReset()Z+44 java.base@15.0.1
j  com.sun.javafx.tk.RenderJob.run()V+5
j  java.util.concurrent.ThreadPoolExecutor.runWorker(Ljava/util/concurrent/ThreadPoolExecutor$Worker;)V+92 java.base@15.0.1
j  java.util.concurrent.ThreadPoolExecutor$Worker.run()V+5 java.base@15.0.1
j  com.sun.javafx.tk.quantum.QuantumRenderer$PipelineRunnable.run()V+17
j  java.lang.Thread.run()V+11 java.base@15.0.1
v  ~StubRoutines::call_stub

siginfo: EXCEPTION_ACCESS_VIOLATION (0xc0000005), reading address 0x00007ffb27037678


Register to memory mapping:

RIP=0x00007ffb17e54879 javafx_font.dll
RAX=0x0000000000000001 is an unknown value
RBX=0x0 is NULL
RCX=0x000002e62df725a0 points into unknown readable memory: 0x00007ffb270375f0 | f0 75 03 27 fb 7f 00 00
RDX=0x0000000000000100 is an unknown value
RSP=0x000000fca5bfce30 is pointing into the stack for thread: 0x000002e62a062820
RBP=0x000000fca5bfcf28 is pointing into the stack for thread: 0x000002e62a062820
RSI=0x0000000000000148 is an unknown value
RDI=0x0000000000000100 is an unknown value
R8 =0x0000000000000100 is an unknown value
R9 =0x000000fca5bfce68 is pointing into the stack for thread: 0x000002e62a062820
R10=0x00007ffb270375f0 is an unknown value
R11=0x000002e62df725a0 points into unknown readable memory: 0x00007ffb270375f0 | f0 75 03 27 fb 7f 00 00
R12=0x0 is NULL
R13={method} {0x000002e62e2faa38} 'CreateBitmap' '(JIIII)J' in 'com/sun/javafx/font/directwrite/OS'
R14=0x000000fca5bfcf70 is pointing into the stack for thread: 0x000002e62a062820
R15=0x000002e62a062820 is a thread


Registers:
RAX=0x0000000000000001, RBX=0x0000000000000000, RCX=0x000002e62df725a0, RDX=0x0000000000000100
RSP=0x000000fca5bfce30, RBP=0x000000fca5bfcf28, RSI=0x0000000000000148, RDI=0x0000000000000100
R8 =0x0000000000000100, R9 =0x000000fca5bfce68, R10=0x00007ffb270375f0, R11=0x000002e62df725a0
R12=0x0000000000000000, R13=0x000002e62e2faa30, R14=0x000000fca5bfcf70, R15=0x000002e62a062820
RIP=0x00007ffb17e54879, EFLAGS=0x0000000000010206

Top of Stack: (sp=0x000000fca5bfce30)
0x000000fca5bfce30:   000002e62a062820 0000000000000148
0x000000fca5bfce40:   000002e62e2faa30 000002e62a062820
0x000000fca5bfce50:   0000000000000001 000000fca5bfce60
0x000000fca5bfce60:   0000000000000000 4bfe4e036fddc324
0x000000fca5bfce70:   10c98d76773d85b1 0000e137416dee41
0x000000fca5bfce80:   00000000000020b1 000002e61456f177
0x000000fca5bfce90:   000002e62e2faa30 00007ffacb562984
0x000000fca5bfcea0:   00000000000020b1 000002e61456ee5c
0x000000fca5bfceb0:   000002e600000100 0000000000000008
0x000000fca5bfcec0:   0000000000000001 00007ffacb55c1d7
0x000000fca5bfced0:   3ff0000000000000 000002e61456ee16
0x000000fca5bfcee0:   000000fca5bfcee0 000002e62e2faa30
0x000000fca5bfcef0:   000000fca5bfcf70 000002e62e2fb3e0
0x000000fca5bfcf00:   0000000000000000 00000000e180eec8
0x000000fca5bfcf10:   000002e62e2faa30 0000000000000000
0x000000fca5bfcf20:   000000fca5bfcf48 000000fca5bfcfc0 

Instructions: (pc=0x00007ffb17e54879)
0x00007ffb17e54779:   eb 02 33 c0 48 8b 4c 24 40 48 33 cc e8 76 45 00
0x00007ffb17e54789:   00 48 83 c4 50 41 5f 41 5e 5f 5e 5b c3 cc cc cc
0x00007ffb17e54799:   cc cc cc cc cc cc cc 48 89 5c 24 08 57 48 83 ec
0x00007ffb17e547a9:   50 48 8b 05 4f b8 00 00 48 33 c4 48 89 44 24 48
0x00007ffb17e547b9:   8b 84 24 88 00 00 00 33 db ff c8 48 89 5c 24 30
0x00007ffb17e547c9:   41 8b f9 4d 8b d8 83 f8 0a 77 7b 48 8d 15 25 b8
0x00007ffb17e547d9:   ff ff 48 98 8b 8c 82 a4 48 00 00 48 03 ca ff e1
0x00007ffb17e547e9:   0f 10 05 d0 79 00 00 eb 58 0f 10 05 d7 79 00 00
0x00007ffb17e547f9:   eb 4f 0f 10 05 de 79 00 00 eb 46 0f 10 05 f5 79
0x00007ffb17e54809:   00 00 eb 3d 0f 10 05 dc 79 00 00 eb 34 0f 10 05
0x00007ffb17e54819:   f3 79 00 00 eb 2b 0f 10 05 fa 79 00 00 eb 22 0f
0x00007ffb17e54829:   10 05 01 7a 00 00 eb 19 0f 10 05 08 7a 00 00 eb
0x00007ffb17e54839:   10 0f 10 05 0f 7a 00 00 eb 07 0f 10 05 16 7a 00
0x00007ffb17e54849:   00 0f 11 44 24 38 4d 8b 10 48 8d 44 24 30 44 8b
0x00007ffb17e54859:   84 24 80 00 00 00 4c 8d 4c 24 38 48 89 44 24 28
0x00007ffb17e54869:   8b d7 8b 84 24 90 00 00 00 49 8b cb 89 44 24 20
0x00007ffb17e54879:   41 ff 92 88 00 00 00 85 c0 48 0f 49 5c 24 30 48
0x00007ffb17e54889:   8b c3 48 8b 4c 24 48 48 33 cc e8 68 44 00 00 48
0x00007ffb17e54899:   8b 5c 24 60 48 83 c4 50 5f c3 90 e9 47 00 00 f2
0x00007ffb17e548a9:   47 00 00 fb 47 00 00 04 48 00 00 0d 48 00 00 16
0x00007ffb17e548b9:   48 00 00 1f 48 00 00 28 48 00 00 31 48 00 00 3a
0x00007ffb17e548c9:   48 00 00 43 48 00 00 40 53 48 83 ec 20 49 8b 00
0x00007ffb17e548d9:   48 8d 54 24 40 33 db 49 8b c8 48 89 5c 24 40 ff
0x00007ffb17e548e9:   50 68 85 c0 48 0f 49 5c 24 40 48 8b c3 48 83 c4
0x00007ffb17e548f9:   20 5b c3 cc cc cc cc 48 89 5c 24 08 57 48 83 ec
0x00007ffb17e54909:   40 48 8b 44 24 70 33 ff 4d 8b 10 41 8b d1 48 89
0x00007ffb17e54919:   44 24 70 4c 8d 4c 24 70 48 8d 44 24 60 48 89 7c
0x00007ffb17e54929:   24 60 48 89 44 24 30 49 8b c8 8b 84 24 80 00 00
0x00007ffb17e54939:   00 44 8d 47 01 89 44 24 28 8b 44 24 78 89 44 24
0x00007ffb17e54949:   20 41 ff 52 48 48 8b 5c 24 50 85 c0 48 0f 49 7c
0x00007ffb17e54959:   24 60 48 8b c7 48 83 c4 40 5f c3 cc cc cc cc cc
0x00007ffb17e54969:   cc cc cc cc cc cc cc 48 89 5c 24 08 48 89 6c 24 


Stack slot to memory mapping:
stack at sp + 0 slots: 0x000002e62a062820 is a thread
stack at sp + 1 slots: 0x0000000000000148 is an unknown value
stack at sp + 2 slots: {method} {0x000002e62e2faa38} 'CreateBitmap' '(JIIII)J' in 'com/sun/javafx/font/directwrite/OS'
stack at sp + 3 slots: 0x000002e62a062820 is a thread
stack at sp + 4 slots: 0x0000000000000001 is an unknown value
stack at sp + 5 slots: 0x000000fca5bfce60 is pointing into the stack for thread: 0x000002e62a062820
stack at sp + 6 slots: 0x0 is NULL
stack at sp + 7 slots: 0x4bfe4e036fddc324 is an unknown value


---------------  P R O C E S S  ---------------

Threads class SMR info:
_java_thread_list=0x000002e62898daa0, length=24, elements={
0x000002e60c34c810, 0x000002e627a39c50, 0x000002e627a3a730, 0x000002e627a59e20,
0x000002e627a5db00, 0x000002e627a5e3c0, 0x000002e628362550, 0x000002e628364f10,
0x000002e62836d820, 0x000002e628439560, 0x000002e62879c3c0, 0x000002e62b1248d0,
0x000002e62bff49d0, 0x000002e6297a0230, 0x000002e628c1d6d0, 0x000002e62976fff0,
0x000002e62a062820, 0x000002e62a12c360, 0x000002e62bb3b3e0, 0x000002e62ca4f3a0,
0x000002e62ca50210, 0x000002e62ca4d1f0, 0x000002e62cd2fa40, 0x000002e62eba82d0
}

Java Threads: ( => current thread )
  0x000002e60c34c810 JavaThread "main" [_thread_blocked, id=6864, stack(0x000000fca3a00000,0x000000fca3b00000)]
  0x000002e627a39c50 JavaThread "Reference Handler" daemon [_thread_blocked, id=6952, stack(0x000000fca4100000,0x000000fca4200000)]
  0x000002e627a3a730 JavaThread "Finalizer" daemon [_thread_blocked, id=8568, stack(0x000000fca4200000,0x000000fca4300000)]
  0x000002e627a59e20 JavaThread "Signal Dispatcher" daemon [_thread_blocked, id=15476, stack(0x000000fca4300000,0x000000fca4400000)]
  0x000002e627a5db00 JavaThread "Attach Listener" daemon [_thread_blocked, id=19512, stack(0x000000fca4400000,0x000000fca4500000)]
  0x000002e627a5e3c0 JavaThread "Service Thread" daemon [_thread_blocked, id=11016, stack(0x000000fca4500000,0x000000fca4600000)]
  0x000002e628362550 JavaThread "C2 CompilerThread0" daemon [_thread_in_native, id=8888, stack(0x000000fca4600000,0x000000fca4700000)]
  0x000002e628364f10 JavaThread "C1 CompilerThread0" daemon [_thread_blocked, id=13192, stack(0x000000fca4700000,0x000000fca4800000)]
  0x000002e62836d820 JavaThread "Sweeper thread" daemon [_thread_blocked, id=16008, stack(0x000000fca4800000,0x000000fca4900000)]
  0x000002e628439560 JavaThread "Common-Cleaner" daemon [_thread_blocked, id=14596, stack(0x000000fca4900000,0x000000fca4a00000)]
  0x000002e62879c3c0 JavaThread "Notification Thread" daemon [_thread_blocked, id=20820, stack(0x000000fca4b00000,0x000000fca4c00000)]
  0x000002e62b1248d0 JavaThread "Test worker" [_thread_blocked, id=20944, stack(0x000000fca5400000,0x000000fca5500000)]
  0x000002e62bff49d0 JavaThread "/127.0.0.1:52752 to /127.0.0.1:52751 workers Thread 2" [_thread_blocked, id=18360, stack(0x000000fca5500000,0x000000fca5600000)]
  0x000002e6297a0230 JavaThread "/127.0.0.1:52752 to /127.0.0.1:52751 workers Thread 3" [_thread_in_native, id=14324, stack(0x000000fca5600000,0x000000fca5700000)]
  0x000002e628c1d6d0 JavaThread "testfx-async-pool-thread-1" daemon [_thread_blocked, id=15408, stack(0x000000fca5900000,0x000000fca5a00000)]
  0x000002e62976fff0 JavaThread "JavaFX-Launcher" daemon [_thread_blocked, id=744, stack(0x000000fca5a00000,0x000000fca5b00000)]
=>0x000002e62a062820 JavaThread "QuantumRenderer-0" daemon [_thread_in_native, id=21072, stack(0x000000fca5b00000,0x000000fca5c00000)]
  0x000002e62a12c360 JavaThread "JavaFX Application Thread" daemon [_thread_blocked, id=1168, stack(0x000000fca5c00000,0x000000fca5d00000)]
  0x000002e62bb3b3e0 JavaThread "Timer-0" daemon [_thread_blocked, id=11156, stack(0x000000fca5d00000,0x000000fca5e00000)]
  0x000002e62ca4f3a0 JavaThread "testfx-async-pool-thread-2" daemon [_thread_blocked, id=5620, stack(0x000000fca5e00000,0x000000fca5f00000)]
  0x000002e62ca50210 JavaThread "Prism Font Disposer" daemon [_thread_blocked, id=21056, stack(0x000000fca5f00000,0x000000fca6000000)]
  0x000002e62ca4d1f0 JavaThread "Cleaner-0" daemon [_thread_blocked, id=20620, stack(0x000000fca6200000,0x000000fca6300000)]
  0x000002e62cd2fa40 JavaThread "C2 CompilerThread1" daemon [_thread_blocked, id=1704, stack(0x000000fca4a00000,0x000000fca4b00000)]
  0x000002e62eba82d0 JavaThread "C2 CompilerThread2" daemon [_thread_blocked, id=18132, stack(0x000000fca5200000,0x000000fca5300000)]

Other Threads:
  0x000002e627a394d0 VMThread "VM Thread" [stack: 0x000000fca4000000,0x000000fca4100000] [id=18128]
  0x000002e60c34d750 WatcherThread [stack: 0x000000fca4c00000,0x000000fca4d00000] [id=17508]
  0x000002e60c374720 GCTaskThread "GC Thread#0" [stack: 0x000000fca3b00000,0x000000fca3c00000] [id=9484]
  0x000002e6284e8bd0 GCTaskThread "GC Thread#1" [stack: 0x000000fca4d00000,0x000000fca4e00000] [id=3212]
  0x000002e6284e9890 GCTaskThread "GC Thread#2" [stack: 0x000000fca4e00000,0x000000fca4f00000] [id=3128]
  0x000002e6284e78b0 GCTaskThread "GC Thread#3" [stack: 0x000000fca4f00000,0x000000fca5000000] [id=17308]
  0x000002e6284e8570 GCTaskThread "GC Thread#4" [stack: 0x000000fca5000000,0x000000fca5100000] [id=10564]
  0x000002e6284e6f20 GCTaskThread "GC Thread#5" [stack: 0x000000fca5100000,0x000000fca5200000] [id=19596]
  0x000002e6284e9bc0 GCTaskThread "GC Thread#6" [stack: 0x000000fca5700000,0x000000fca5800000] [id=10960]
  0x000002e6284e9ef0 GCTaskThread "GC Thread#7" [stack: 0x000000fca5800000,0x000000fca5900000] [id=12392]
  0x000002e60c37a790 ConcurrentGCThread "G1 Main Marker" [stack: 0x000000fca3c00000,0x000000fca3d00000] [id=2360]
  0x000002e60c37b290 ConcurrentGCThread "G1 Conc#0" [stack: 0x000000fca3d00000,0x000000fca3e00000] [id=19932]
  0x000002e6284e7be0 ConcurrentGCThread "G1 Conc#1" [stack: 0x000000fca6000000,0x000000fca6100000] [id=3604]
  0x000002e6284e7250 ConcurrentGCThread "G1 Conc#2" [stack: 0x000000fca6100000,0x000000fca6200000] [id=5872]
  0x000002e60c40e330 ConcurrentGCThread "G1 Refine#0" [stack: 0x000000fca3e00000,0x000000fca3f00000] [id=3508]
  0x000002e6278b6150 ConcurrentGCThread "G1 Young RemSet Sampling" [stack: 0x000000fca3f00000,0x000000fca4000000] [id=18276]

Threads with active compile tasks:
C2 CompilerThread0     7347 5276   !   4       jdk.internal.loader.BuiltinClassLoader::loadClassOrNull (143 bytes)

VM state: not at safepoint (normal execution)

VM Mutex/Monitor currently owned by a thread: None

Heap address: 0x00000000e0000000, size: 512 MB, Compressed Oops mode: 32-bit
CDS archive(s) mapped at: [0x0000000800000000-0x0000000800b50000-0x0000000800b50000), size 11862016, SharedBaseAddress: 0x0000000800000000, ArchiveRelocationMode: 0.
Compressed class space mapped at: 0x0000000800b50000-0x0000000840b50000, size: 1073741824
Narrow klass base: 0x0000000800000000, Narrow klass shift: 3, Narrow klass range: 0x100000000

GC Precious Log:
 CPUs: 12 total, 12 available
 Memory: 16229M
 Large Page Support: Disabled
 NUMA Support: Disabled
 Compressed Oops: Enabled (32-bit)
 Heap Region Size: 1M
 Heap Min Capacity: 8M
 Heap Initial Capacity: 254M
 Heap Max Capacity: 512M
 Pre-touch: Disabled
 Parallel Workers: 10
 Concurrent Workers: 3
 Concurrent Refinement Workers: 10
 Periodic GC: Disabled

Heap:
 garbage-first heap   total 63488K, used 33293K [0x00000000e0000000, 0x0000000100000000)
  region size 1024K, 3 young (3072K), 2 survivors (2048K)
 Metaspace       used 30458K, capacity 30832K, committed 30976K, reserved 1077248K
  class space    used 3942K, capacity 4063K, committed 4096K, reserved 1048576K

Heap Regions: E=young(eden), S=young(survivor), O=old, HS=humongous(starts), HC=humongous(continues), CS=collection set, F=free, OA=open archive, CA=closed archive, TAMS=top-at-mark-start (previous, next)
|   0|0x00000000e0000000, 0x00000000e0100000, 0x00000000e0100000|100%| O|  |TAMS 0x00000000e0100000, 0x00000000e0000000| Untracked 
|   1|0x00000000e0100000, 0x00000000e0200000, 0x00000000e0200000|100%| O|  |TAMS 0x00000000e0200000, 0x00000000e0100000| Untracked 
|   2|0x00000000e0200000, 0x00000000e0300000, 0x00000000e0300000|100%| O|  |TAMS 0x00000000e0300000, 0x00000000e0200000| Untracked 
|   3|0x00000000e0300000, 0x00000000e0400000, 0x00000000e0400000|100%| O|  |TAMS 0x00000000e0400000, 0x00000000e0300000| Untracked 
|   4|0x00000000e0400000, 0x00000000e04f8a00, 0x00000000e0500000| 97%| O|  |TAMS 0x00000000e04f8a00, 0x00000000e0400000| Untracked 
|   5|0x00000000e0500000, 0x00000000e0600000, 0x00000000e0600000|100%|HS|  |TAMS 0x00000000e0600000, 0x00000000e0500000| Complete 
|   6|0x00000000e0600000, 0x00000000e0700000, 0x00000000e0700000|100%|HC|  |TAMS 0x00000000e0700000, 0x00000000e0600000| Complete 
|   7|0x00000000e0700000, 0x00000000e0800000, 0x00000000e0800000|100%|HC|  |TAMS 0x00000000e0800000, 0x00000000e0700000| Complete 
|   8|0x00000000e0800000, 0x00000000e0900000, 0x00000000e0900000|100%|HC|  |TAMS 0x00000000e0900000, 0x00000000e0800000| Complete 
|   9|0x00000000e0900000, 0x00000000e0a00000, 0x00000000e0a00000|100%| O|  |TAMS 0x00000000e0a00000, 0x00000000e0900000| Untracked 
|  10|0x00000000e0a00000, 0x00000000e0b00000, 0x00000000e0b00000|100%|HS|  |TAMS 0x00000000e0b00000, 0x00000000e0a00000| Complete 
|  11|0x00000000e0b00000, 0x00000000e0c00000, 0x00000000e0c00000|100%|HC|  |TAMS 0x00000000e0c00000, 0x00000000e0b00000| Complete 
|  12|0x00000000e0c00000, 0x00000000e0d00000, 0x00000000e0d00000|100%|HC|  |TAMS 0x00000000e0d00000, 0x00000000e0c00000| Complete 
|  13|0x00000000e0d00000, 0x00000000e0e00000, 0x00000000e0e00000|100%|HC|  |TAMS 0x00000000e0e00000, 0x00000000e0d00000| Complete 
|  14|0x00000000e0e00000, 0x00000000e0f00000, 0x00000000e0f00000|100%|HC|  |TAMS 0x00000000e0f00000, 0x00000000e0e00000| Complete 
|  15|0x00000000e0f00000, 0x00000000e1000000, 0x00000000e1000000|100%|HC|  |TAMS 0x00000000e1000000, 0x00000000e0f00000| Complete 
|  16|0x00000000e1000000, 0x00000000e1100000, 0x00000000e1100000|100%|HC|  |TAMS 0x00000000e1100000, 0x00000000e1000000| Complete 
|  17|0x00000000e1100000, 0x00000000e1200000, 0x00000000e1200000|100%|HC|  |TAMS 0x00000000e1200000, 0x00000000e1100000| Complete 
|  18|0x00000000e1200000, 0x00000000e1300000, 0x00000000e1300000|100%|HC|  |TAMS 0x00000000e1300000, 0x00000000e1200000| Complete 
|  19|0x00000000e1300000, 0x00000000e1400000, 0x00000000e1400000|100%| O|  |TAMS 0x00000000e1400000, 0x00000000e1300000| Untracked 
|  20|0x00000000e1400000, 0x00000000e1500000, 0x00000000e1500000|100%| O|  |TAMS 0x00000000e1500000, 0x00000000e1400000| Untracked 
|  21|0x00000000e1500000, 0x00000000e1600000, 0x00000000e1600000|100%| O|  |TAMS 0x00000000e1507c00, 0x00000000e1500000| Untracked 
|  22|0x00000000e1600000, 0x00000000e1662a00, 0x00000000e1700000| 38%| O|  |TAMS 0x00000000e1600000, 0x00000000e1600000| Untracked 
|  23|0x00000000e1700000, 0x00000000e1800000, 0x00000000e1800000|100%| O|  |TAMS 0x00000000e1800000, 0x00000000e1700000| Untracked 
|  24|0x00000000e1800000, 0x00000000e1900000, 0x00000000e1900000|100%| O|  |TAMS 0x00000000e1900000, 0x00000000e1800000| Untracked 
|  25|0x00000000e1900000, 0x00000000e1a00000, 0x00000000e1a00000|100%|HS|  |TAMS 0x00000000e1a00000, 0x00000000e1900000| Complete 
|  26|0x00000000e1a00000, 0x00000000e1b00000, 0x00000000e1b00000|100%|HC|  |TAMS 0x00000000e1b00000, 0x00000000e1a00000| Complete 
|  27|0x00000000e1b00000, 0x00000000e1c00000, 0x00000000e1c00000|100%|HS|  |TAMS 0x00000000e1b00000, 0x00000000e1b00000| Complete 
|  28|0x00000000e1c00000, 0x00000000e1d00000, 0x00000000e1d00000|100%|HC|  |TAMS 0x00000000e1c00000, 0x00000000e1c00000| Complete 
|  29|0x00000000e1d00000, 0x00000000e1d00000, 0x00000000e1e00000|  0%| F|  |TAMS 0x00000000e1d00000, 0x00000000e1d00000| Untracked 
|  30|0x00000000e1e00000, 0x00000000e1e00000, 0x00000000e1f00000|  0%| F|  |TAMS 0x00000000e1e00000, 0x00000000e1e00000| Untracked 
|  31|0x00000000e1f00000, 0x00000000e1f00000, 0x00000000e2000000|  0%| F|  |TAMS 0x00000000e1f00000, 0x00000000e1f00000| Untracked 
|  32|0x00000000e2000000, 0x00000000e2000000, 0x00000000e2100000|  0%| F|  |TAMS 0x00000000e2000000, 0x00000000e2000000| Untracked 
|  33|0x00000000e2100000, 0x00000000e2100000, 0x00000000e2200000|  0%| F|  |TAMS 0x00000000e2100000, 0x00000000e2100000| Untracked 
|  34|0x00000000e2200000, 0x00000000e2200000, 0x00000000e2300000|  0%| F|  |TAMS 0x00000000e2200000, 0x00000000e2200000| Untracked 
|  35|0x00000000e2300000, 0x00000000e2300000, 0x00000000e2400000|  0%| F|  |TAMS 0x00000000e2300000, 0x00000000e2300000| Untracked 
|  36|0x00000000e2400000, 0x00000000e2400000, 0x00000000e2500000|  0%| F|  |TAMS 0x00000000e2400000, 0x00000000e2400000| Untracked 
|  37|0x00000000e2500000, 0x00000000e2500000, 0x00000000e2600000|  0%| F|  |TAMS 0x00000000e2500000, 0x00000000e2500000| Untracked 
|  38|0x00000000e2600000, 0x00000000e2600000, 0x00000000e2700000|  0%| F|  |TAMS 0x00000000e2600000, 0x00000000e2600000| Untracked 
|  39|0x00000000e2700000, 0x00000000e2700000, 0x00000000e2800000|  0%| F|  |TAMS 0x00000000e2700000, 0x00000000e2700000| Untracked 
|  40|0x00000000e2800000, 0x00000000e2800000, 0x00000000e2900000|  0%| F|  |TAMS 0x00000000e2800000, 0x00000000e2800000| Untracked 
|  41|0x00000000e2900000, 0x00000000e2900000, 0x00000000e2a00000|  0%| F|  |TAMS 0x00000000e2900000, 0x00000000e2900000| Untracked 
|  42|0x00000000e2a00000, 0x00000000e2a00000, 0x00000000e2b00000|  0%| F|  |TAMS 0x00000000e2a00000, 0x00000000e2a00000| Untracked 
|  43|0x00000000e2b00000, 0x00000000e2b00000, 0x00000000e2c00000|  0%| F|  |TAMS 0x00000000e2b00000, 0x00000000e2b00000| Untracked 
|  44|0x00000000e2c00000, 0x00000000e2c00000, 0x00000000e2d00000|  0%| F|  |TAMS 0x00000000e2c00000, 0x00000000e2c00000| Untracked 
|  45|0x00000000e2d00000, 0x00000000e2d00000, 0x00000000e2e00000|  0%| F|  |TAMS 0x00000000e2d00000, 0x00000000e2d00000| Untracked 
|  46|0x00000000e2e00000, 0x00000000e2e00000, 0x00000000e2f00000|  0%| F|  |TAMS 0x00000000e2e00000, 0x00000000e2e00000| Untracked 
|  47|0x00000000e2f00000, 0x00000000e2f00000, 0x00000000e3000000|  0%| F|  |TAMS 0x00000000e2f00000, 0x00000000e2f00000| Untracked 
|  48|0x00000000e3000000, 0x00000000e3000000, 0x00000000e3100000|  0%| F|  |TAMS 0x00000000e3000000, 0x00000000e3000000| Untracked 
|  49|0x00000000e3100000, 0x00000000e3100000, 0x00000000e3200000|  0%| F|  |TAMS 0x00000000e3100000, 0x00000000e3100000| Untracked 
|  50|0x00000000e3200000, 0x00000000e3200000, 0x00000000e3300000|  0%| F|  |TAMS 0x00000000e3200000, 0x00000000e3200000| Untracked 
|  51|0x00000000e3300000, 0x00000000e3300000, 0x00000000e3400000|  0%| F|  |TAMS 0x00000000e3300000, 0x00000000e3300000| Untracked 
| 163|0x00000000ea300000, 0x00000000ea300000, 0x00000000ea400000|  0%| F|  |TAMS 0x00000000ea300000, 0x00000000ea300000| Untracked 
| 164|0x00000000ea400000, 0x00000000ea400000, 0x00000000ea500000|  0%| F|  |TAMS 0x00000000ea400000, 0x00000000ea400000| Untracked 
| 165|0x00000000ea500000, 0x00000000ea528008, 0x00000000ea600000| 15%| S|CS|TAMS 0x00000000ea500000, 0x00000000ea500000| Complete 
| 166|0x00000000ea600000, 0x00000000ea700000, 0x00000000ea700000|100%| S|CS|TAMS 0x00000000ea600000, 0x00000000ea600000| Complete 
| 167|0x00000000ea700000, 0x00000000ea700000, 0x00000000ea800000|  0%| F|  |TAMS 0x00000000ea700000, 0x00000000ea700000| Untracked 
| 168|0x00000000ea800000, 0x00000000ea800000, 0x00000000ea900000|  0%| F|  |TAMS 0x00000000ea800000, 0x00000000ea800000| Untracked 
| 253|0x00000000efd00000, 0x00000000efd1e6f8, 0x00000000efe00000| 11%| E|  |TAMS 0x00000000efd00000, 0x00000000efd00000| Complete 
| 509|0x00000000ffd00000, 0x00000000ffe00000, 0x00000000ffe00000|100%| O|  |TAMS 0x00000000ffe00000, 0x00000000ffd00000| Untracked 
| 510|0x00000000ffe00000, 0x00000000fff00000, 0x00000000fff00000|100%| O|  |TAMS 0x00000000fff00000, 0x00000000ffe00000| Untracked 
| 511|0x00000000fff00000, 0x0000000100000000, 0x0000000100000000|100%| O|  |TAMS 0x0000000100000000, 0x00000000fff00000| Untracked 

Card table byte_map: [0x000002e623bb0000,0x000002e623cb0000] _byte_map_base: 0x000002e6234b0000

Marking Bits (Prev, Next): (CMBitMap*) 0x000002e60c375e30, (CMBitMap*) 0x000002e60c375e70
 Prev Bits: [0x000002e623db0000, 0x000002e6245b0000)
 Next Bits: [0x000002e6245b0000, 0x000002e624db0000)

Polling page: 0x000002e60a330000

Metaspace:

Usage:
  Non-class:     26.14 MB capacity,    25.90 MB (>99%) used,   212.73 KB ( <1%) free+waste,    39.75 KB ( <1%) overhead. 
      Class:      3.97 MB capacity,     3.85 MB ( 97%) used,   104.98 KB (  3%) free+waste,    15.88 KB ( <1%) overhead. 
       Both:     30.11 MB capacity,    29.74 MB ( 99%) used,   317.70 KB (  1%) free+waste,    55.63 KB ( <1%) overhead. 

Virtual space:
  Non-class space:       28.00 MB reserved,      26.25 MB ( 94%) committed 
      Class space:        1.00 GB reserved,       4.00 MB ( <1%) committed 
             Both:        1.03 GB reserved,      30.25 MB (  3%) committed 

Chunk freelists:
   Non-Class:  47.00 KB
       Class:  1.00 KB
        Both:  48.00 KB

MaxMetaspaceSize: 17179869184.00 GB
CompressedClassSpaceSize: 1.00 GB

CodeHeap 'non-profiled nmethods': size=120000Kb used=2938Kb max_used=2938Kb free=117061Kb
 bounds [0x000002e61c030000, 0x000002e61c310000, 0x000002e623560000]
CodeHeap 'profiled nmethods': size=120000Kb used=10267Kb max_used=10267Kb free=109733Kb
 bounds [0x000002e614b00000, 0x000002e615510000, 0x000002e61c030000]
CodeHeap 'non-nmethods': size=5760Kb used=1519Kb max_used=1534Kb free=4240Kb
 bounds [0x000002e614560000, 0x000002e6147d0000, 0x000002e614b00000]
 total_blobs=5497 nmethods=4745 adapters=662
 compilation: enabled
              stopped_count=0, restarted_count=0
 full_count=0

Compilation events (20 events):
Event: 7.122 Thread 0x000002e628364f10 5298   !   3       jdk.internal.loader.NativeLibraries$1::run (25 bytes)
Event: 7.122 Thread 0x000002e628364f10 nmethod 5298 0x000002e6154ff190 code [0x000002e6154ff3e0, 0x000002e6154ffc48]
Event: 7.122 Thread 0x000002e628364f10 5299       1       jdk.internal.loader.ClassLoaderHelper::mapAlternativeName (2 bytes)
Event: 7.122 Thread 0x000002e628364f10 nmethod 5299 0x000002e61c30e410 code [0x000002e61c30e5a0, 0x000002e61c30e638]
Event: 7.124 Thread 0x000002e628364f10 5300       3       sun.nio.fs.WindowsPath::elementAsString (62 bytes)
Event: 7.124 Thread 0x000002e628364f10 nmethod 5300 0x000002e615500010 code [0x000002e615500220, 0x000002e615500688]
Event: 7.125 Thread 0x000002e628364f10 5301       3       java.io.FilterInputStream::read (9 bytes)
Event: 7.125 Thread 0x000002e628364f10 nmethod 5301 0x000002e615500990 code [0x000002e615500b40, 0x000002e615500d08]
Event: 7.125 Thread 0x000002e628364f10 5302       3       java.io.FileInputStream::read (8 bytes)
Event: 7.125 Thread 0x000002e628364f10 nmethod 5302 0x000002e615500e10 code [0x000002e615500fc0, 0x000002e6155010e8]
Event: 7.125 Thread 0x000002e628364f10 5304       3       sun.security.provider.MD5::implCompress (1508 bytes)
Event: 7.127 Thread 0x000002e628364f10 nmethod 5304 0x000002e615501190 code [0x000002e6155016e0, 0x000002e615503e68]
Event: 7.127 Thread 0x000002e628364f10 5305       3       sun.security.provider.ByteArrayAccess::b2iLittle64 (614 bytes)
Event: 7.127 Thread 0x000002e628364f10 nmethod 5305 0x000002e615505910 code [0x000002e615505ae0, 0x000002e615506068]
Event: 7.132 Thread 0x000002e628364f10 5306       3       com.sun.javafx.geom.transform.AffineBase::getMyx (14 bytes)
Event: 7.132 Thread 0x000002e628364f10 nmethod 5306 0x000002e615506310 code [0x000002e6155064c0, 0x000002e615506628]
Event: 7.133 Thread 0x000002e628364f10 5307       3       com.sun.javafx.geom.transform.AffineBase::getMxy (14 bytes)
Event: 7.133 Thread 0x000002e628364f10 nmethod 5307 0x000002e615506710 code [0x000002e6155068c0, 0x000002e615506a28]
Event: 7.133 Thread 0x000002e628364f10 5308       3       jdk.internal.loader.NativeLibraries::find (72 bytes)
Event: 7.133 Thread 0x000002e628364f10 nmethod 5308 0x000002e615506b10 code [0x000002e615506d40, 0x000002e615507598]

GC Heap History (20 events):
Event: 1.894 GC heap before
{Heap before GC invocations=2 (full 0):
 garbage-first heap   total 260096K, used 164579K [0x00000000e0000000, 0x0000000100000000)
  region size 1024K, 152 young (155648K), 2 survivors (2048K)
 Metaspace       used 15173K, capacity 15475K, committed 15744K, reserved 1062912K
  class space    used 1736K, capacity 1822K, committed 1920K, reserved 1048576K
}
Event: 1.896 GC heap after
{Heap after GC invocations=3 (full 0):
 garbage-first heap   total 260096K, used 13728K [0x00000000e0000000, 0x0000000100000000)
  region size 1024K, 5 young (5120K), 5 survivors (5120K)
 Metaspace       used 15173K, capacity 15475K, committed 15744K, reserved 1062912K
  class space    used 1736K, capacity 1822K, committed 1920K, reserved 1048576K
}
Event: 2.539 GC heap before
{Heap before GC invocations=3 (full 0):
 garbage-first heap   total 260096K, used 100768K [0x00000000e0000000, 0x0000000100000000)
  region size 1024K, 90 young (92160K), 5 survivors (5120K)
 Metaspace       used 20832K, capacity 21153K, committed 21248K, reserved 1067008K
  class space    used 2596K, capacity 2731K, committed 2816K, reserved 1048576K
}
Event: 2.542 GC heap after
{Heap after GC invocations=4 (full 0):
 garbage-first heap   total 260096K, used 16097K [0x00000000e0000000, 0x0000000100000000)
  region size 1024K, 6 young (6144K), 6 survivors (6144K)
 Metaspace       used 20832K, capacity 21153K, committed 21248K, reserved 1067008K
  class space    used 2596K, capacity 2731K, committed 2816K, reserved 1048576K
}
Event: 3.213 GC heap before
{Heap before GC invocations=5 (full 0):
 garbage-first heap   total 58368K, used 55009K [0x00000000e0000000, 0x0000000100000000)
  region size 1024K, 34 young (34816K), 6 survivors (6144K)
 Metaspace       used 22553K, capacity 22908K, committed 23168K, reserved 1069056K
  class space    used 2797K, capacity 2931K, committed 2944K, reserved 1048576K
}
Event: 3.218 GC heap after
{Heap after GC invocations=6 (full 0):
 garbage-first heap   total 63488K, used 27878K [0x00000000e0000000, 0x0000000100000000)
  region size 1024K, 4 young (4096K), 4 survivors (4096K)
 Metaspace       used 22553K, capacity 22908K, committed 23168K, reserved 1069056K
  class space    used 2797K, capacity 2931K, committed 2944K, reserved 1048576K
}
Event: 3.368 GC heap before
{Heap before GC invocations=6 (full 0):
 garbage-first heap   total 63488K, used 48358K [0x00000000e0000000, 0x0000000100000000)
  region size 1024K, 24 young (24576K), 4 survivors (4096K)
 Metaspace       used 24191K, capacity 24599K, committed 24704K, reserved 1071104K
  class space    used 3082K, capacity 3193K, committed 3200K, reserved 1048576K
}
Event: 3.370 GC heap after
{Heap after GC invocations=7 (full 0):
 garbage-first heap   total 63488K, used 26183K [0x00000000e0000000, 0x0000000100000000)
  region size 1024K, 2 young (2048K), 2 survivors (2048K)
 Metaspace       used 24191K, capacity 24599K, committed 24704K, reserved 1071104K
  class space    used 3082K, capacity 3193K, committed 3200K, reserved 1048576K
}
Event: 3.567 GC heap before
{Heap before GC invocations=7 (full 0):
 garbage-first heap   total 63488K, used 49735K [0x00000000e0000000, 0x0000000100000000)
  region size 1024K, 25 young (25600K), 2 survivors (2048K)
 Metaspace       used 25802K, capacity 26141K, committed 26240K, reserved 1073152K
  class space    used 3351K, capacity 3450K, committed 3456K, reserved 1048576K
}
Event: 3.569 GC heap after
{Heap after GC invocations=8 (full 0):
 garbage-first heap   total 63488K, used 26494K [0x00000000e0000000, 0x0000000100000000)
  region size 1024K, 3 young (3072K), 3 survivors (3072K)
 Metaspace       used 25802K, capacity 26141K, committed 26240K, reserved 1073152K
  class space    used 3351K, capacity 3450K, committed 3456K, reserved 1048576K
}
Event: 3.803 GC heap before
{Heap before GC invocations=8 (full 0):
 garbage-first heap   total 63488K, used 49022K [0x00000000e0000000, 0x0000000100000000)
  region size 1024K, 26 young (26624K), 3 survivors (3072K)
 Metaspace       used 27509K, capacity 27912K, committed 28032K, reserved 1073152K
  class space    used 3552K, capacity 3690K, committed 3712K, reserved 1048576K
}
Event: 3.805 GC heap after
{Heap after GC invocations=9 (full 0):
 garbage-first heap   total 63488K, used 26795K [0x00000000e0000000, 0x0000000100000000)
  region size 1024K, 2 young (2048K), 2 survivors (2048K)
 Metaspace       used 27509K, capacity 27912K, committed 28032K, reserved 1073152K
  class space    used 3552K, capacity 3690K, committed 3712K, reserved 1048576K
}
Event: 6.520 GC heap before
{Heap before GC invocations=9 (full 0):
 garbage-first heap   total 63488K, used 41131K [0x00000000e0000000, 0x0000000100000000)
  region size 1024K, 16 young (16384K), 2 survivors (2048K)
 Metaspace       used 28152K, capacity 28530K, committed 28672K, reserved 1075200K
  class space    used 3623K, capacity 3766K, committed 3840K, reserved 1048576K
}
Event: 6.522 GC heap after
{Heap after GC invocations=10 (full 0):
 garbage-first heap   total 63488K, used 28484K [0x00000000e0000000, 0x0000000100000000)
  region size 1024K, 2 young (2048K), 2 survivors (2048K)
 Metaspace       used 28152K, capacity 28530K, committed 28672K, reserved 1075200K
  class space    used 3623K, capacity 3766K, committed 3840K, reserved 1048576K
}
Event: 6.966 GC heap before
{Heap before GC invocations=11 (full 0):
 garbage-first heap   total 63488K, used 51012K [0x00000000e0000000, 0x0000000100000000)
  region size 1024K, 24 young (24576K), 2 survivors (2048K)
 Metaspace       used 29368K, capacity 29732K, committed 29824K, reserved 1075200K
  class space    used 3797K, capacity 3931K, committed 3968K, reserved 1048576K
}
Event: 6.969 GC heap after
{Heap after GC invocations=12 (full 0):
 garbage-first heap   total 63488K, used 29210K [0x00000000e0000000, 0x0000000100000000)
  region size 1024K, 3 young (3072K), 3 survivors (3072K)
 Metaspace       used 29368K, capacity 29732K, committed 29824K, reserved 1075200K
  class space    used 3797K, capacity 3931K, committed 3968K, reserved 1048576K
}
Event: 7.100 GC heap before
{Heap before GC invocations=12 (full 0):
 garbage-first heap   total 63488K, used 40474K [0x00000000e0000000, 0x0000000100000000)
  region size 1024K, 15 young (15360K), 3 survivors (3072K)
 Metaspace       used 30328K, capacity 30768K, committed 30976K, reserved 1077248K
  class space    used 3927K, capacity 4063K, committed 4096K, reserved 1048576K
}
Event: 7.102 GC heap after
{Heap after GC invocations=13 (full 0):
 garbage-first heap   total 63488K, used 28962K [0x00000000e0000000, 0x0000000100000000)
  region size 1024K, 3 young (3072K), 3 survivors (3072K)
 Metaspace       used 30328K, capacity 30768K, committed 30976K, reserved 1077248K
  class space    used 3927K, capacity 4063K, committed 4096K, reserved 1048576K
}
Event: 7.129 GC heap before
{Heap before GC invocations=14 (full 0):
 garbage-first heap   total 63488K, used 33058K [0x00000000e0000000, 0x0000000100000000)
  region size 1024K, 6 young (6144K), 3 survivors (3072K)
 Metaspace       used 30446K, capacity 30832K, committed 30976K, reserved 1077248K
  class space    used 3940K, capacity 4063K, committed 4096K, reserved 1048576K
}
Event: 7.130 GC heap after
{Heap after GC invocations=15 (full 0):
 garbage-first heap   total 63488K, used 31245K [0x00000000e0000000, 0x0000000100000000)
  region size 1024K, 2 young (2048K), 2 survivors (2048K)
 Metaspace       used 30446K, capacity 30832K, committed 30976K, reserved 1077248K
  class space    used 3940K, capacity 4063K, committed 4096K, reserved 1048576K
}

Deoptimization events (20 events):
Event: 6.989 Thread 0x000002e62a12c360 Uncommon trap: trap_request=0xffffffd6 fr.pc=0x000002e61c2e22dc relative=0x0000000000001bdc
Event: 6.989 Thread 0x000002e62a12c360 Uncommon trap: reason=array_check action=maybe_recompile pc=0x000002e61c2e22dc method=javafx.css.SimpleSelector.applies(Ljavafx/css/Styleable;[Ljava/util/Set;I)Z @ 84 c2
Event: 6.989 Thread 0x000002e62a12c360 DEOPT PACKING pc=0x000002e61c2e22dc sp=0x000000fca5cfa9a0
Event: 6.989 Thread 0x000002e62a12c360 DEOPT UNPACKING pc=0x000002e6145ae42f sp=0x000000fca5cfa920 mode 2
Event: 7.043 Thread 0x000002e62a12c360 Uncommon trap: trap_request=0xffffffde fr.pc=0x000002e61c2eb17c relative=0x000000000000023c
Event: 7.043 Thread 0x000002e62a12c360 Uncommon trap: reason=class_check action=maybe_recompile pc=0x000002e61c2eb17c method=java.util.WeakHashMap.eq(Ljava/lang/Object;Ljava/lang/Object;)Z @ 7 c2
Event: 7.043 Thread 0x000002e62a12c360 DEOPT PACKING pc=0x000002e61c2eb17c sp=0x000000fca5cf9f40
Event: 7.043 Thread 0x000002e62a12c360 DEOPT UNPACKING pc=0x000002e6145ae42f sp=0x000000fca5cf9e78 mode 2
Event: 7.049 Thread 0x000002e62a12c360 Uncommon trap: trap_request=0xffffffde fr.pc=0x000002e61c2eb17c relative=0x000000000000023c
Event: 7.049 Thread 0x000002e62a12c360 Uncommon trap: reason=class_check action=maybe_recompile pc=0x000002e61c2eb17c method=java.util.WeakHashMap.eq(Ljava/lang/Object;Ljava/lang/Object;)Z @ 7 c2
Event: 7.049 Thread 0x000002e62a12c360 DEOPT PACKING pc=0x000002e61c2eb17c sp=0x000000fca5cf9f40
Event: 7.049 Thread 0x000002e62a12c360 DEOPT UNPACKING pc=0x000002e6145ae42f sp=0x000000fca5cf9e78 mode 2
Event: 7.061 Thread 0x000002e62a12c360 DEOPT PACKING pc=0x000002e614f8b4a6 sp=0x000000fca5cf9050
Event: 7.061 Thread 0x000002e62a12c360 DEOPT UNPACKING pc=0x000002e6145ae23f sp=0x000000fca5cf8540 mode 0
Event: 7.061 Thread 0x000002e62a12c360 DEOPT PACKING pc=0x000002e614f81677 sp=0x000000fca5cf8e50
Event: 7.061 Thread 0x000002e62a12c360 DEOPT UNPACKING pc=0x000002e6145ae23f sp=0x000000fca5cf83c8 mode 0
Event: 7.132 Thread 0x000002e62a062820 Uncommon trap: trap_request=0xffffffde fr.pc=0x000002e61c210aac relative=0x000000000000108c
Event: 7.132 Thread 0x000002e62a062820 Uncommon trap: reason=class_check action=maybe_recompile pc=0x000002e61c210aac method=java.util.concurrent.ConcurrentHashMap.putVal(Ljava/lang/Object;Ljava/lang/Object;Z)Ljava/lang/Object; @ 242 c2
Event: 7.132 Thread 0x000002e62a062820 DEOPT PACKING pc=0x000002e61c210aac sp=0x000000fca5bfcfb0
Event: 7.133 Thread 0x000002e62a062820 DEOPT UNPACKING pc=0x000002e6145ae42f sp=0x000000fca5bfcf20 mode 2

Classes unloaded (0 events):
No events

Classes redefined (0 events):
No events

Internal exceptions (20 events):
Event: 0.865 Thread 0x000002e62b1248d0 Exception <a 'java/lang/NoSuchMethodError'{0x00000000eeb24ab0}: 'java.lang.Object java.lang.invoke.Invokers$Holder.invoke_MT(java.lang.Object, java.lang.Object, java.lang.Object, java.lang.Object, java.lang.Object)'> (0x00000000eeb24ab0) 
thrown [./open/src/hotspot/share/interpreter/linkResolver.cpp, line 782]
Event: 0.924 Thread 0x000002e62b1248d0 Exception <a 'java/lang/NoSuchMethodError'{0x00000000ee1fe288}: 'void java.lang.invoke.DirectMethodHandle$Holder.invokeSpecial(java.lang.Object, java.lang.Object, java.lang.Object, java.lang.Object, java.lang.Object)'> (0x00000000ee1fe288) 
thrown [./open/src/hotspot/share/interpreter/linkResolver.cpp, line 782]
Event: 0.928 Thread 0x000002e62b1248d0 Exception <a 'java/lang/NoSuchMethodError'{0x00000000ee07f328}: 'void java.lang.invoke.DirectMethodHandle$Holder.invokeStaticInit(java.lang.Object, java.lang.Object, java.lang.Object)'> (0x00000000ee07f328) 
thrown [./open/src/hotspot/share/interpreter/linkResolver.cpp, line 782]
Event: 1.173 Thread 0x000002e62976fff0 Exception <a 'java/lang/NoSuchMethodError'{0x00000000ec690248}: 'int java.lang.invoke.DirectMethodHandle$Holder.invokeStaticInit(java.lang.Object, java.lang.Object, java.lang.Object)'> (0x00000000ec690248) 
thrown [./open/src/hotspot/share/interpreter/linkResolver.cpp, line 782]
Event: 1.247 Thread 0x000002e62a12c360 Exception <a 'java/lang/NoSuchMethodError'{0x00000000ebb33e70}: 'void java.lang.invoke.DirectMethodHandle$Holder.invokeStaticInit(java.lang.Object)'> (0x00000000ebb33e70) 
thrown [./open/src/hotspot/share/interpreter/linkResolver.cpp, line 782]
Event: 1.637 Thread 0x000002e62a12c360 Exception <a 'java/lang/NoSuchMethodError'{0x00000000e909f3f8}: 'java.lang.Object java.lang.invoke.DirectMethodHandle$Holder.invokeStaticInit(java.lang.Object, java.lang.Object, java.lang.Object, java.lang.Object)'> (0x00000000e909f3f8) 
thrown [./open/src/hotspot/share/interpreter/linkResolver.cpp, line 782]
Event: 1.639 Thread 0x000002e62a12c360 Exception <a 'java/lang/NullPointerException'{0x00000000e90b3d28}> (0x00000000e90b3d28) 
thrown [./open/src/hotspot/share/interpreter/linkResolver.cpp, line 1374]
Event: 2.231 Thread 0x000002e62a12c360 Exception <a 'java/lang/NoSuchMethodError'{0x00000000ecc1a2a0}: 'java.lang.Object java.lang.invoke.DirectMethodHandle$Holder.invokeInterface(java.lang.Object, java.lang.Object, java.lang.Object)'> (0x00000000ecc1a2a0) 
thrown [./open/src/hotspot/share/interpreter/linkResolver.cpp, line 782]
Event: 2.232 Thread 0x000002e62a12c360 Exception <a 'java/lang/IncompatibleClassChangeError'{0x00000000ecc1de20}: Found class java.lang.Object, but interface was expected> (0x00000000ecc1de20) 
thrown [./open/src/hotspot/share/interpreter/linkResolver.cpp, line 848]
Event: 2.508 Thread 0x000002e62a12c360 Exception <a 'java/lang/NoSuchMethodError'{0x00000000eae296c8}: 'java.lang.Object java.lang.invoke.DirectMethodHandle$Holder.newInvokeSpecial(java.lang.Object, java.lang.Object, int)'> (0x00000000eae296c8) 
thrown [./open/src/hotspot/share/interpreter/linkResolver.cpp, line 782]
Event: 2.510 Thread 0x000002e62b1248d0 Exception <a 'java/lang/NoSuchMethodError'{0x00000000eaec16b0}: 'void java.lang.invoke.DirectMethodHandle$Holder.invokeVirtual(java.lang.Object, java.lang.Object)'> (0x00000000eaec16b0) 
thrown [./open/src/hotspot/share/interpreter/linkResolver.cpp, line 782]
Event: 2.528 Thread 0x000002e62a062820 Exception <a 'java/lang/NoSuchMethodError'{0x00000000eab112d0}: 'int java.lang.invoke.DirectMethodHandle$Holder.invokeStaticInit(java.lang.Object, java.lang.Object)'> (0x00000000eab112d0) 
thrown [./open/src/hotspot/share/interpreter/linkResolver.cpp, line 782]
Event: 2.604 Thread 0x000002e62b1248d0 Exception <a 'java/lang/NoSuchMethodError'{0x00000000e2becee0}: 'int java.lang.invoke.DirectMethodHandle$Holder.invokeStatic(java.lang.Object, java.lang.Object, java.lang.Object, java.lang.Object)'> (0x00000000e2becee0) 
thrown [./open/src/hotspot/share/interpreter/linkResolver.cpp, line 782]
Event: 2.604 Thread 0x000002e62b1248d0 Exception <a 'java/lang/NoSuchMethodError'{0x00000000e2bf0ce0}: 'java.lang.Object java.lang.invoke.Invokers$Holder.invokeExact_MT(java.lang.Object, java.lang.Object, java.lang.Object, java.lang.Object, java.lang.Object, java.lang.Object)'> (0x00000000e2bf0ce0) 
thrown [./open/src/hotspot/share/interpreter/linkResolver.cpp, line 782]
Event: 3.170 Thread 0x000002e62b1248d0 Implicit null exception at 0x000002e61c0d2d60 to 0x000002e61c0d2ef8
Event: 3.170 Thread 0x000002e62b1248d0 Implicit null exception at 0x000002e61c15d7d0 to 0x000002e61c15d978
Event: 7.071 Thread 0x000002e62a12c360 Exception <a 'java/lang/NoSuchMethodError'{0x00000000e3261a80}: 'long java.lang.invoke.DirectMethodHandle$Holder.invokeStatic(java.lang.Object, java.lang.Object, java.lang.Object)'> (0x00000000e3261a80) 
thrown [./open/src/hotspot/share/interpreter/linkResolver.cpp, line 782]
Event: 7.071 Thread 0x000002e62a12c360 Exception <a 'java/lang/NoSuchMethodError'{0x00000000e3265c28}: 'long java.lang.invoke.DirectMethodHandle$Holder.invokeStaticInit(java.lang.Object, java.lang.Object, java.lang.Object)'> (0x00000000e3265c28) 
thrown [./open/src/hotspot/share/interpreter/linkResolver.cpp, line 782]
Event: 7.073 Thread 0x000002e62a12c360 Exception <a 'java/lang/NoSuchMethodError'{0x00000000e327e870}: 'java.lang.Object java.lang.invoke.DirectMethodHandle$Holder.newInvokeSpecial(java.lang.Object, java.lang.Object, long)'> (0x00000000e327e870) 
thrown [./open/src/hotspot/share/interpreter/linkResolver.cpp, line 782]
Event: 7.074 Thread 0x000002e62a12c360 Exception <a 'java/lang/NoSuchMethodError'{0x00000000e3282b30}: 'java.lang.Object java.lang.invoke.Invokers$Holder.linkToTargetMethod(java.lang.Object, long, java.lang.Object)'> (0x00000000e3282b30) 
thrown [./open/src/hotspot/share/interpreter/linkResolver.cpp, line 782]

Events (20 events):
Event: 7.063 loading class java/text/BreakIterator$BreakIteratorCache done
Event: 7.070 Executing VM operation: HandshakeAllThreads
Event: 7.070 Executing VM operation: HandshakeAllThreads done
Event: 7.071 Thread 0x000002e62836d820 flushing nmethod 0x000002e614bbbd90
Event: 7.072 Thread 0x000002e62836d820 flushing nmethod 0x000002e614df2d10
Event: 7.100 Executing VM operation: G1TryInitiateConcMark
Event: 7.102 Executing VM operation: G1TryInitiateConcMark done
Event: 7.111 Executing VM operation: G1Concurrent
Event: 7.112 Executing VM operation: G1Concurrent done
Event: 7.117 Executing VM operation: G1Concurrent
Event: 7.117 Executing VM operation: G1Concurrent done
Event: 7.127 Loaded shared library C:\Users\ylira\.openjfx\cache\11.0.2\decora_sse.dll
Event: 7.129 Executing VM operation: G1TryInitiateConcMark
Event: 7.131 Executing VM operation: G1TryInitiateConcMark done
Event: 7.141 Executing VM operation: G1Concurrent
Event: 7.143 Executing VM operation: G1Concurrent done
Event: 7.143 Executing VM operation: HandshakeAllThreads
Event: 7.143 Executing VM operation: HandshakeAllThreads done
Event: 7.147 Executing VM operation: G1Concurrent
Event: 7.148 Executing VM operation: G1Concurrent done


Dynamic libraries:
0x00007ff6cea40000 - 0x00007ff6cea4d000 	C:\Program Files\Java\jdk-15.0.1\bin\java.exe
0x00007ffb2f660000 - 0x00007ffb2f850000 	C:\WINDOWS\SYSTEM32\ntdll.dll
0x00007ffb2dce0000 - 0x00007ffb2dd92000 	C:\WINDOWS\System32\KERNEL32.DLL
0x00007ffb2c5d0000 - 0x00007ffb2c875000 	C:\WINDOWS\System32\KERNELBASE.dll
0x00007ffb2c900000 - 0x00007ffb2c9fa000 	C:\WINDOWS\System32\ucrtbase.dll
0x00007ffb1c6d0000 - 0x00007ffb1c6e8000 	C:\Program Files\Java\jdk-15.0.1\bin\jli.dll
0x00007ffb2a190000 - 0x00007ffb2a1a9000 	C:\Program Files\Java\jdk-15.0.1\bin\VCRUNTIME140.dll
0x00007ffb2dac0000 - 0x00007ffb2dc54000 	C:\WINDOWS\System32\USER32.dll
0x00007ffb2d190000 - 0x00007ffb2d1b1000 	C:\WINDOWS\System32\win32u.dll
0x00007ffb2f550000 - 0x00007ffb2f576000 	C:\WINDOWS\System32\GDI32.dll
0x00007ffb1d5a0000 - 0x00007ffb1d824000 	C:\WINDOWS\WinSxS\amd64_microsoft.windows.common-controls_6595b64144ccf1df_6.0.18362.1256_none_9e7e379be45e40e2\COMCTL32.dll
0x00007ffb2d360000 - 0x00007ffb2d4f6000 	C:\WINDOWS\System32\gdi32full.dll
0x00007ffb2e2a0000 - 0x00007ffb2e33e000 	C:\WINDOWS\System32\msvcrt.dll
0x00007ffb2d670000 - 0x00007ffb2d70e000 	C:\WINDOWS\System32\msvcp_win.dll
0x00007ffb2f0e0000 - 0x00007ffb2f416000 	C:\WINDOWS\System32\combase.dll
0x00007ffb2dda0000 - 0x00007ffb2dec0000 	C:\WINDOWS\System32\RPCRT4.dll
0x00007ffb2d500000 - 0x00007ffb2d581000 	C:\WINDOWS\System32\bcryptPrimitives.dll
0x00007ffb2f0b0000 - 0x00007ffb2f0de000 	C:\WINDOWS\System32\IMM32.DLL
0x00007ffb287d0000 - 0x00007ffb287dc000 	C:\Program Files\Java\jdk-15.0.1\bin\vcruntime140_1.dll
0x00007ffb15a60000 - 0x00007ffb15af1000 	C:\Program Files\Java\jdk-15.0.1\bin\msvcp140.dll
0x00007ffacaf80000 - 0x00007ffacbade000 	C:\Program Files\Java\jdk-15.0.1\bin\server\jvm.dll
0x00007ffb2d960000 - 0x00007ffb2da03000 	C:\WINDOWS\System32\ADVAPI32.dll
0x00007ffb2f580000 - 0x00007ffb2f617000 	C:\WINDOWS\System32\sechost.dll
0x00007ffb2d710000 - 0x00007ffb2d718000 	C:\WINDOWS\System32\PSAPI.DLL
0x00007ffb15630000 - 0x00007ffb15639000 	C:\WINDOWS\SYSTEM32\WSOCK32.dll
0x00007ffb25d00000 - 0x00007ffb25d0a000 	C:\WINDOWS\SYSTEM32\VERSION.dll
0x00007ffb29f80000 - 0x00007ffb29fa4000 	C:\WINDOWS\SYSTEM32\WINMM.dll
0x00007ffb2e080000 - 0x00007ffb2e0ef000 	C:\WINDOWS\System32\WS2_32.dll
0x00007ffb29f50000 - 0x00007ffb29f7d000 	C:\WINDOWS\SYSTEM32\WINMMBASE.dll
0x00007ffb2d310000 - 0x00007ffb2d35a000 	C:\WINDOWS\System32\cfgmgr32.dll
0x00007ffb2c510000 - 0x00007ffb2c521000 	C:\WINDOWS\System32\kernel.appcore.dll
0x00007ffb1c6c0000 - 0x00007ffb1c6ca000 	C:\Program Files\Java\jdk-15.0.1\bin\jimage.dll
0x00007ffb2ace0000 - 0x00007ffb2aed4000 	C:\WINDOWS\SYSTEM32\DBGHELP.DLL
0x00007ffb17dc0000 - 0x00007ffb17dea000 	C:\WINDOWS\SYSTEM32\dbgcore.DLL
0x00007ffb1c700000 - 0x00007ffb1c70e000 	C:\Program Files\Java\jdk-15.0.1\bin\instrument.dll
0x00007ffb1c690000 - 0x00007ffb1c6b5000 	C:\Program Files\Java\jdk-15.0.1\bin\java.dll
0x00007ffb2e960000 - 0x00007ffb2f047000 	C:\WINDOWS\System32\SHELL32.dll
0x00007ffb2f4a0000 - 0x00007ffb2f549000 	C:\WINDOWS\System32\shcore.dll
0x00007ffb2ca00000 - 0x00007ffb2d181000 	C:\WINDOWS\System32\windows.storage.dll
0x00007ffb2c5a0000 - 0x00007ffb2c5c3000 	C:\WINDOWS\System32\profapi.dll
0x00007ffb2c530000 - 0x00007ffb2c57a000 	C:\WINDOWS\System32\powrprof.dll
0x00007ffb2c500000 - 0x00007ffb2c510000 	C:\WINDOWS\System32\UMPDC.dll
0x00007ffb2e240000 - 0x00007ffb2e292000 	C:\WINDOWS\System32\shlwapi.dll
0x00007ffb2c8e0000 - 0x00007ffb2c8f7000 	C:\WINDOWS\System32\cryptsp.dll
0x00007ffb1c620000 - 0x00007ffb1c638000 	C:\Program Files\Java\jdk-15.0.1\bin\zip.dll
0x00007ffb1c670000 - 0x00007ffb1c689000 	C:\Program Files\Java\jdk-15.0.1\bin\net.dll
0x00007ffb24520000 - 0x00007ffb24610000 	C:\WINDOWS\SYSTEM32\WINHTTP.dll
0x00007ffb2bd00000 - 0x00007ffb2bd67000 	C:\WINDOWS\system32\mswsock.dll
0x00007ffb1c650000 - 0x00007ffb1c662000 	C:\Program Files\Java\jdk-15.0.1\bin\nio.dll
0x00007ffb1c610000 - 0x00007ffb1c620000 	C:\Program Files\Java\jdk-15.0.1\bin\verify.dll
0x00007ffb01720000 - 0x00007ffb01736000 	C:\WINDOWS\system32\napinsp.dll
0x00007ffb01700000 - 0x00007ffb0171a000 	C:\WINDOWS\system32\pnrpnsp.dll
0x00007ffb2ba60000 - 0x00007ffb2bb2b000 	C:\WINDOWS\SYSTEM32\DNSAPI.dll
0x00007ffb2f420000 - 0x00007ffb2f428000 	C:\WINDOWS\System32\NSI.dll
0x00007ffb2ba10000 - 0x00007ffb2ba4a000 	C:\WINDOWS\SYSTEM32\IPHLPAPI.DLL
0x00007ffb016e0000 - 0x00007ffb016ee000 	C:\WINDOWS\System32\winrnr.dll
0x00007ffb28780000 - 0x00007ffb2879c000 	C:\WINDOWS\system32\NLAapi.dll
0x00007ffb274c0000 - 0x00007ffb274d5000 	C:\WINDOWS\system32\wshbth.dll
0x00007ffb259a0000 - 0x00007ffb259aa000 	C:\Windows\System32\rasadhlp.dll
0x00007ffb24240000 - 0x00007ffb242b7000 	C:\WINDOWS\System32\fwpuclnt.dll
0x00007ffb2d640000 - 0x00007ffb2d666000 	C:\WINDOWS\System32\bcrypt.dll
0x00007ffb24ae0000 - 0x00007ffb24af6000 	C:\WINDOWS\SYSTEM32\dhcpcsvc6.DLL
0x00007ffb249b0000 - 0x00007ffb249cc000 	C:\WINDOWS\SYSTEM32\dhcpcsvc.DLL
0x00007ffb2b880000 - 0x00007ffb2b8b3000 	C:\WINDOWS\system32\rsaenh.dll
0x00007ffb2c420000 - 0x00007ffb2c445000 	C:\WINDOWS\SYSTEM32\USERENV.dll
0x00007ffb2be80000 - 0x00007ffb2be8c000 	C:\WINDOWS\SYSTEM32\CRYPTBASE.dll
0x000002e60c280000 - 0x000002e60c283000 	C:\Program Files\Java\jdk-15.0.1\bin\api-ms-win-core-console-l1-1-0.dll
0x000002e60c290000 - 0x000002e60c293000 	C:\Program Files\Java\jdk-15.0.1\bin\api-ms-win-core-datetime-l1-1-0.dll
0x000002e60c2a0000 - 0x000002e60c2a3000 	C:\Program Files\Java\jdk-15.0.1\bin\api-ms-win-core-debug-l1-1-0.dll
0x000002e60c2b0000 - 0x000002e60c2b3000 	C:\Program Files\Java\jdk-15.0.1\bin\api-ms-win-core-errorhandling-l1-1-0.dll
0x000002e60c2c0000 - 0x000002e60c2c4000 	C:\Program Files\Java\jdk-15.0.1\bin\api-ms-win-core-file-l1-1-0.dll
0x000002e60c2d0000 - 0x000002e60c2d3000 	C:\Program Files\Java\jdk-15.0.1\bin\api-ms-win-core-file-l1-2-0.dll
0x000002e60c2e0000 - 0x000002e60c2e3000 	C:\Program Files\Java\jdk-15.0.1\bin\api-ms-win-core-file-l2-1-0.dll
0x000002e60c2f0000 - 0x000002e60c2f3000 	C:\Program Files\Java\jdk-15.0.1\bin\api-ms-win-core-handle-l1-1-0.dll
0x000002e60c300000 - 0x000002e60c303000 	C:\Program Files\Java\jdk-15.0.1\bin\api-ms-win-core-heap-l1-1-0.dll
0x000002e62b430000 - 0x000002e62b433000 	C:\Program Files\Java\jdk-15.0.1\bin\api-ms-win-core-interlocked-l1-1-0.dll
0x000002e62b440000 - 0x000002e62b443000 	C:\Program Files\Java\jdk-15.0.1\bin\api-ms-win-core-libraryloader-l1-1-0.dll
0x000002e62b450000 - 0x000002e62b453000 	C:\Program Files\Java\jdk-15.0.1\bin\api-ms-win-core-localization-l1-2-0.dll
0x000002e62b460000 - 0x000002e62b463000 	C:\Program Files\Java\jdk-15.0.1\bin\api-ms-win-core-memory-l1-1-0.dll
0x000002e62b470000 - 0x000002e62b473000 	C:\Program Files\Java\jdk-15.0.1\bin\api-ms-win-core-namedpipe-l1-1-0.dll
0x000002e62b480000 - 0x000002e62b483000 	C:\Program Files\Java\jdk-15.0.1\bin\api-ms-win-core-processenvironment-l1-1-0.dll
0x000002e62b490000 - 0x000002e62b493000 	C:\Program Files\Java\jdk-15.0.1\bin\api-ms-win-core-processthreads-l1-1-0.dll
0x000002e62b4a0000 - 0x000002e62b4a3000 	C:\Program Files\Java\jdk-15.0.1\bin\api-ms-win-core-processthreads-l1-1-1.dll
0x000002e62b4b0000 - 0x000002e62b4b3000 	C:\Program Files\Java\jdk-15.0.1\bin\api-ms-win-core-profile-l1-1-0.dll
0x000002e62b4c0000 - 0x000002e62b4c3000 	C:\Program Files\Java\jdk-15.0.1\bin\api-ms-win-core-rtlsupport-l1-1-0.dll
0x000002e62b4d0000 - 0x000002e62b4d3000 	C:\Program Files\Java\jdk-15.0.1\bin\api-ms-win-core-string-l1-1-0.dll
0x000002e62b4e0000 - 0x000002e62b4e3000 	C:\Program Files\Java\jdk-15.0.1\bin\api-ms-win-core-synch-l1-1-0.dll
0x000002e62b4f0000 - 0x000002e62b4f3000 	C:\Program Files\Java\jdk-15.0.1\bin\api-ms-win-core-synch-l1-2-0.dll
0x000002e62b240000 - 0x000002e62b243000 	C:\Program Files\Java\jdk-15.0.1\bin\api-ms-win-core-sysinfo-l1-1-0.dll
0x000002e62b500000 - 0x000002e62b503000 	C:\Program Files\Java\jdk-15.0.1\bin\api-ms-win-core-timezone-l1-1-0.dll
0x000002e62b510000 - 0x000002e62b513000 	C:\Program Files\Java\jdk-15.0.1\bin\api-ms-win-core-util-l1-1-0.dll
0x000002e62b520000 - 0x000002e62b523000 	C:\Program Files\Java\jdk-15.0.1\bin\api-ms-win-crt-conio-l1-1-0.dll
0x000002e62b530000 - 0x000002e62b534000 	C:\Program Files\Java\jdk-15.0.1\bin\api-ms-win-crt-convert-l1-1-0.dll
0x000002e62b540000 - 0x000002e62b543000 	C:\Program Files\Java\jdk-15.0.1\bin\api-ms-win-crt-environment-l1-1-0.dll
0x000002e62b550000 - 0x000002e62b553000 	C:\Program Files\Java\jdk-15.0.1\bin\api-ms-win-crt-filesystem-l1-1-0.dll
0x000002e62b560000 - 0x000002e62b563000 	C:\Program Files\Java\jdk-15.0.1\bin\api-ms-win-crt-heap-l1-1-0.dll
0x000002e62b570000 - 0x000002e62b573000 	C:\Program Files\Java\jdk-15.0.1\bin\api-ms-win-crt-locale-l1-1-0.dll
0x000002e62b580000 - 0x000002e62b585000 	C:\Program Files\Java\jdk-15.0.1\bin\api-ms-win-crt-math-l1-1-0.dll
0x000002e62b590000 - 0x000002e62b595000 	C:\Program Files\Java\jdk-15.0.1\bin\api-ms-win-crt-multibyte-l1-1-0.dll
0x000002e62b5a0000 - 0x000002e62b5b0000 	C:\Program Files\Java\jdk-15.0.1\bin\api-ms-win-crt-private-l1-1-0.dll
0x000002e62b5b0000 - 0x000002e62b5b3000 	C:\Program Files\Java\jdk-15.0.1\bin\api-ms-win-crt-process-l1-1-0.dll
0x000002e62b5c0000 - 0x000002e62b5c4000 	C:\Program Files\Java\jdk-15.0.1\bin\api-ms-win-crt-runtime-l1-1-0.dll
0x000002e62b5d0000 - 0x000002e62b5d4000 	C:\Program Files\Java\jdk-15.0.1\bin\api-ms-win-crt-stdio-l1-1-0.dll
0x000002e62b8e0000 - 0x000002e62b8e4000 	C:\Program Files\Java\jdk-15.0.1\bin\api-ms-win-crt-string-l1-1-0.dll
0x000002e62b8f0000 - 0x000002e62b8f3000 	C:\Program Files\Java\jdk-15.0.1\bin\api-ms-win-crt-time-l1-1-0.dll
0x000002e62b900000 - 0x000002e62b903000 	C:\Program Files\Java\jdk-15.0.1\bin\api-ms-win-crt-utility-l1-1-0.dll
0x00007ffaf00c0000 - 0x00007ffaf01ba000 	C:\Program Files\Java\jdk-15.0.1\bin\ucrtbase.dll
0x00007ffb12f10000 - 0x00007ffb12f5d000 	C:\Windows\System32\concrt140.dll
0x00007ffb19a80000 - 0x00007ffb19a9c000 	C:\Users\ylira\.openjfx\cache\11.0.2\prism_sw.dll
0x0000000067780000 - 0x0000000067856000 	C:\Users\ylira\AppData\Local\Temp\sqlite-3.32.3.2-bd70bc5e-5250-4745-b1d8-686d29ac99b6-sqlitejdbc.dll
0x00007ffb17e50000 - 0x00007ffb17e64000 	C:\Users\ylira\.openjfx\cache\11.0.2\javafx_font.dll
0x00007ffb2d720000 - 0x00007ffb2d877000 	C:\WINDOWS\System32\ole32.dll
0x00007ffb2a390000 - 0x00007ffb2a429000 	C:\WINDOWS\system32\uxtheme.dll
0x00007ffb0e520000 - 0x00007ffb0e81e000 	C:\WINDOWS\SYSTEM32\dwrite.dll
0x00007ffb17b90000 - 0x00007ffb17ba8000 	C:\Users\ylira\.openjfx\cache\11.0.2\decora_sse.dll
0x00007ffadbd70000 - 0x00007ffadbe6c000 	C:\ProgramData\A-Volute\A-Volute.Nahimic\Modules\Scheduled\x64\A-Volute.NahimicDevProps2.dll
0x00007ffb2da10000 - 0x00007ffb2dab2000 	C:\WINDOWS\System32\clbcatq.dll

dbghelp: loaded successfully - version: 4.0.5 - missing functions: none
symbol engine: initialized successfully - sym options: 0x614 - pdb path: .;C:\Program Files\Java\jdk-15.0.1\bin;C:\WINDOWS\SYSTEM32;C:\WINDOWS\WinSxS\amd64_microsoft.windows.common-controls_6595b64144ccf1df_6.0.18362.1256_none_9e7e379be45e40e2;C:\Program Files\Java\jdk-15.0.1\bin\server;C:\Users\ylira\.openjfx\cache\11.0.2;C:\Users\ylira\AppData\Local\Temp;C:\ProgramData\A-Volute\A-Volute.Nahimic\Modules\Scheduled\x64

VM Arguments:
jvm_args: -Djava.awt.headless=true -Dorg.gradle.native=false -Dprism.order=sw -Dprism.text=t2k -Dtestfx.headless=true -Dtestfx.robot=glass -javaagent:build/tmp/expandedArchives/org.jacoco.agent-0.8.5.jar_6a2df60c47de373ea127d14406367999/jacocoagent.jar=destfile=build/jacoco/test.exec,append=true,inclnolocationclasses=false,dumponexit=true,output=file,jmx=false -Xmx512m -Dfile.encoding=utf-8 -Duser.country=US -Duser.language=en -Duser.variant -ea 
java_command: worker.org.gradle.process.internal.worker.GradleWorkerMain 'Gradle Test Executor 5'
java_class_path (initial): C:\\Users\\ylira\\.gradle\\caches\\6.7\\workerMain\\gradle-worker.jar;C:\\Yliopisto\\Ohjelmistotuotanto\\miniprojekti\\ohtu-team13\\build\\classes\\java\\test;C:\\Yliopisto\\Ohjelmistotuotanto\\miniprojekti\\ohtu-team13\\build\\resources\\test;C:\\Yliopisto\\Ohjelmistotuotanto\\miniprojekti\\ohtu-team13\\build\\classes\\java\\main;C:\\Yliopisto\\Ohjelmistotuotanto\\miniprojekti\\ohtu-team13\\build\\resources\\main;C:\\Users\\ylira\\.gradle\\caches\\modules-2\\files-2.1\\org.xerial\\sqlite-jdbc\\3.32.3.2\\ee9912c1bdec16fe5978b0abd9f4063ce9eedf8b\\sqlite-jdbc-3.32.3.2.jar;C:\\Users\\ylira\\.gradle\\caches\\modules-2\\files-2.1\\org.testfx\\openjfx-monocle\\jdk-11+26\\7a988f4e2a6db0b3a17baacea6e102df86a3d375\\openjfx-monocle-jdk-11+26.jar;C:\\Users\\ylira\\.gradle\\caches\\modules-2\\files-2.1\\org.openjfx\\javafx-controls\\11\\af8d24de44e16a19ae959028eb23a48c145fb682\\javafx-controls-11-win.jar;C:\\Users\\ylira\\.gradle\\caches\\modules-2\\files-2.1\\org.openjfx\\javafx-graphics\\11.0.2\\20459ea2cf714942bcbeb78a7f70ba3531dc1a44\\javafx-graphics-11.0.2-win.jar;C:\\Users\\ylira\\.gradle\\caches\\modules-2\\files-2.1\\org.openjfx\\javafx-graphics\\11.0.2\\c1d99ae5bc48e7173f4514a941d27d8f8c972c71\\javafx-graphics-11.0.2-mac.jar;C:\\Users\\ylira\\.gradle\\caches\\modules-2\\files-2.1\\org.openjfx\\javafx-graphics\\11.0.2\\ef4c34f0ca77cd99100b76c2ccf1dce383572bb1\\javafx-graphics-11.0.2-linux.jar;C:\\Users\\ylira\\.gradle\\caches\\modules-2\\files-2.1\\org.openjfx\\javafx-graphics\\11.0.2\\e522eb4ea422eceeee207b1c266ba3db19b2343a\\javafx-graphics-11.0.2.jar;C:\\Users\\ylira\\.gradle\\caches\\modules-2\\files-2.1\\org.openjfx\\javafx-base\\11.0.2\\1852e57b8cf9a9b6488c33605bccd5d06ff210e1\\javafx-base-11.0.2-win.jar;C:\\Users\\ylira\\.gradle\\caches\\modules-2\\files-2.1\\org.openjfx\\javafx-base\\11.0.2\\7fb2e4a8528ec9e434a9ac9ee98b39af79e6dcb8\\javafx-base-11.0.2.jar;C:\\Users\\ylira\\.gradle\\caches\\modules-2\\files-2.1\\org.testfx\\testfx-jun
Launcher Type: SUN_STANDARD

[Global flags]
     intx CICompilerCount                          = 4                                         {product} {ergonomic}
     uint ConcGCThreads                            = 3                                         {product} {ergonomic}
     uint G1ConcRefinementThreads                  = 10                                        {product} {ergonomic}
   size_t G1HeapRegionSize                         = 1048576                                   {product} {ergonomic}
    uintx GCDrainStackTargetSize                   = 64                                        {product} {ergonomic}
   size_t InitialHeapSize                          = 266338304                                 {product} {ergonomic}
   size_t MarkStackSize                            = 4194304                                   {product} {ergonomic}
   size_t MaxHeapSize                              = 536870912                                 {product} {command line}
   size_t MaxNewSize                               = 321912832                                 {product} {ergonomic}
   size_t MinHeapDeltaBytes                        = 1048576                                   {product} {ergonomic}
   size_t MinHeapSize                              = 8388608                                   {product} {ergonomic}
    uintx NonNMethodCodeHeapSize                   = 5839372                                {pd product} {ergonomic}
    uintx NonProfiledCodeHeapSize                  = 122909434                              {pd product} {ergonomic}
    uintx ProfiledCodeHeapSize                     = 122909434                              {pd product} {ergonomic}
    uintx ReservedCodeCacheSize                    = 251658240                              {pd product} {ergonomic}
     bool SegmentedCodeCache                       = true                                      {product} {ergonomic}
   size_t SoftMaxHeapSize                          = 536870912                              {manageable} {ergonomic}
     bool UseCompressedClassPointers               = true                                 {lp64_product} {ergonomic}
     bool UseCompressedOops                        = true                                 {lp64_product} {ergonomic}
     bool UseG1GC                                  = true                                      {product} {ergonomic}
     bool UseLargePagesIndividualAllocation        = false                                  {pd product} {ergonomic}

Logging:
Log output configuration:
 #0: stdout all=warning uptime,level,tags
 #1: stderr all=off uptime,level,tags

Environment Variables:
JAVA_HOME=C:\Program Files\Java\jdk-15.0.1
PATH=C:\Users\ylira\bin;C:\Yliopisto\Sl ja muuta\Git\mingw64\bin;C:\Yliopisto\Sl ja muuta\Git\usr\local\bin;C:\Yliopisto\Sl ja muuta\Git\usr\bin;C:\Yliopisto\Sl ja muuta\Git\usr\bin;C:\Yliopisto\Sl ja muuta\Git\mingw64\bin;C:\Yliopisto\Sl ja muuta\Git\usr\bin;C:\Users\ylira\bin;C:\Program Files (x86)\Google\Chrome\Application;C:\Program Files\AdoptOpenJDK\jdk-11.0.6.10-hotspot\bin;C:\Program Files (x86)\Common Files\Oracle\Java\javapath;C:\Program Files (x86)\Intel\Intel(R) Management Engine Components\iCLS;C:\Program Files\Intel\Intel(R) Management Engine Components\iCLS;C:\Windows\system32;C:\Windows;C:\Windows\System32\Wbem;C:\Windows\System32\WindowsPowerShell\v1.0;C:\Windows\System32\OpenSSH;C:\Program Files (x86)\NVIDIA Corporation\PhysX\Common;C:\Program Files (x86)\Intel\Intel(R) Management Engine Components\DAL;C:\Program Files\Intel\Intel(R) Management Engine Components\DAL;C:\Program Files (x86)\Intel\Intel(R) Management Engine Components\IPT;C:\Program Files\Intel\Intel(R) Management Engine Components\IPT;C:\Program Files\Intel\WiFi\bin;C:\Program Files\Common Files\Intel\WirelessCommon;C:\WINDOWS\system32;C:\WINDOWS;C:\WINDOWS\System32\Wbem;C:\WINDOWS\System32\WindowsPowerShell\v1.0;C:\WINDOWS\System32\OpenSSH;C:\Program Files\NVIDIA Corporation\NVIDIA NvDLISR;C:\Program Files\nodejs;C:\ProgramData\chocolatey\bin;C:\Yliopisto\Sl ja muuta\Git\cmd;C:\Yliopisto\tietoturva\Chromedriver;C:\Program Files\PostgreSQL\13\bin;C:\Program Files\PostgreSQL\13\lib;C:\Program Files\Docker\Docker\resources\bin;C:\ProgramData\DockerDesktop\version-bin;C:\Program Files\TMC-cli;C:\Program Files\Sqlite3;C:\Users\ylira\AppData\Local\Programs\Python\Python39\Scripts;C:\Users\ylira\AppData\Local\Programs\Python\Python39;C:\Users\ylira\AppData\Local\Microsoft\WindowsApps;C:\Yliopisto\Microsoft VS Code\bin;C:\Users\ylira\AppData\Local\atom\bin;C:\Program Files\heroku\bin;C:\Users\ylira\AppData\Roaming\npm;C:\Yliopisto\Sl ja muuta\Git\usr\bin\vendor_perl;C:\
USERNAME=ylira
SHELL=C:\Yliopisto\Sl ja muuta\Git\usr\bin\bash.exe
DISPLAY=needs-to-be-defined
LANG=en_US.UTF-8
OS=Windows_NT
PROCESSOR_IDENTIFIER=Intel64 Family 6 Model 158 Stepping 10, GenuineIntel



---------------  S Y S T E M  ---------------

OS:
 Windows 10 , 64 bit Build 18362 (10.0.18362.1110)
OS uptime: 0 days 2:15 hours
HyperV virtualization detected

CPU: total 12 (initial active 12) (6 cores per cpu, 2 threads per core) family 6 model 158 stepping 10 microcode 0x96, cmov, cx8, fxsr, mmx, sse, sse2, sse3, ssse3, sse4.1, sse4.2, popcnt, vzeroupper, avx, avx2, aes, clmul, erms, 3dnowpref, lzcnt, ht, tsc, tscinvbit, bmi1, bmi2, adx, fma, clflush, clflushopt

Memory: 4k page, system-wide physical 16229M (6498M free)
TotalPageFile size 18661M (AvailPageFile size 4920M)
current process WorkingSet (physical memory assigned to process): 226M, peak: 309M
current process commit charge ("private bytes"): 266M, peak: 449M

vm_info: OpenJDK 64-Bit Server VM (15.0.1+9-18) for windows-amd64 JRE (15.0.1+9-18), built on Sep 15 2020 14:39:31 by "mach5one" with unknown MS VC++:1925

END.
