#
# A fatal error has been detected by the Java Runtime Environment:
#
#  EXCEPTION_ACCESS_VIOLATION (0xc0000005) at pc=0x00007ffb19a84879, pid=17848, tid=9924
#
# JRE version: OpenJDK Runtime Environment (15.0.1+9) (build 15.0.1+9-18)
# Java VM: OpenJDK 64-Bit Server VM (15.0.1+9-18, mixed mode, sharing, tiered, compressed oops, g1 gc, windows-amd64)
# Problematic frame:
# C  [javafx_font.dll+0x4879]
#
# No core dump will be written. Minidumps are not enabled by default on client versions of Windows
#
# If you would like to submit a bug report, please visit:
#   https://bugreport.java.com/bugreport/crash.jsp
# The crash happened outside the Java Virtual Machine in native code.
# See problematic frame for where to report the bug.
#

---------------  S U M M A R Y ------------

Command Line: -Djava.awt.headless=true -Dorg.gradle.native=false -Dprism.order=sw -Dprism.text=t2k -Dtestfx.headless=true -Dtestfx.robot=glass -javaagent:build/tmp/expandedArchives/org.jacoco.agent-0.8.5.jar_6a2df60c47de373ea127d14406367999/jacocoagent.jar=destfile=build/jacoco/test.exec,append=true,inclnolocationclasses=false,dumponexit=true,output=file,jmx=false -Xmx512m -Dfile.encoding=utf-8 -Duser.country=US -Duser.language=en -Duser.variant -ea worker.org.gradle.process.internal.worker.GradleWorkerMain 'Gradle Test Executor 10'

Host: Intel(R) Core(TM) i7-8750H CPU @ 2.20GHz, 12 cores, 15G,  Windows 10 , 64 bit Build 18362 (10.0.18362.1110)
Time: Thu Dec 10 13:21:16 2020 FLE Standard Time elapsed time: 7.248675 seconds (0d 0h 0m 7s)

---------------  T H R E A D  ---------------

Current thread (0x000001c4d3b82bd0):  JavaThread "QuantumRenderer-0" daemon [_thread_in_native, id=9924, stack(0x00000023e6200000,0x00000023e6300000)]

Stack: [0x00000023e6200000,0x00000023e6300000],  sp=0x00000023e62fd160,  free space=1012k
Native frames: (J=compiled Java code, j=interpreted, Vv=VM code, C=native code)
C  [javafx_font.dll+0x4879]

Java frames: (J=compiled Java code, j=interpreted, Vv=VM code)
j  com.sun.javafx.font.directwrite.OS.CreateBitmap(JIIII)J+0
j  com.sun.javafx.font.directwrite.IWICImagingFactory.CreateBitmap(IIII)Lcom/sun/javafx/font/directwrite/IWICBitmap;+14
j  com.sun.javafx.font.directwrite.DWGlyph.createBitmap(II)Lcom/sun/javafx/font/directwrite/IWICBitmap;+21
j  com.sun.javafx.font.directwrite.DWGlyph.getCachedBitmap()Lcom/sun/javafx/font/directwrite/IWICBitmap;+30
j  com.sun.javafx.font.directwrite.DWGlyph.getD2DMask(FFZ)[B+194
j  com.sun.javafx.font.directwrite.DWGlyph.getPixelData(I)[B+160
J 4907 c1 com.sun.prism.sw.SWGraphics.drawGlyph(Lcom/sun/javafx/font/FontStrike;Lcom/sun/javafx/scene/text/GlyphList;ILcom/sun/javafx/geom/transform/BaseTransform;ZFF)V (448 bytes) @ 0x000001c4bf3c9b3c [0x000001c4bf3c93e0+0x000000000000075c]
j  com.sun.prism.sw.SWGraphics.drawString(Lcom/sun/javafx/scene/text/GlyphList;Lcom/sun/javafx/font/FontStrike;FFLcom/sun/prism/paint/Color;II)V+661
j  com.sun.javafx.sg.prism.NGText.renderText(Lcom/sun/prism/Graphics;Lcom/sun/javafx/font/FontStrike;Lcom/sun/javafx/geom/BaseBounds;Lcom/sun/prism/paint/Color;I)V+330
j  com.sun.javafx.sg.prism.NGText.renderContent2D(Lcom/sun/prism/Graphics;Z)V+437
j  com.sun.javafx.sg.prism.NGShape.renderContent(Lcom/sun/prism/Graphics;)V+684
j  com.sun.javafx.sg.prism.NGNode.doRender(Lcom/sun/prism/Graphics;)V+659
j  com.sun.javafx.sg.prism.NGNode.render(Lcom/sun/prism/Graphics;)V+80
j  com.sun.javafx.sg.prism.NGGroup.renderContent(Lcom/sun/prism/Graphics;)V+264
j  com.sun.javafx.sg.prism.NGRegion.renderContent(Lcom/sun/prism/Graphics;)V+217
j  com.sun.javafx.sg.prism.NGNode.doRender(Lcom/sun/prism/Graphics;)V+659
j  com.sun.javafx.sg.prism.NGNode.render(Lcom/sun/prism/Graphics;)V+80
j  com.sun.javafx.sg.prism.NGGroup.renderContent(Lcom/sun/prism/Graphics;)V+264
j  com.sun.javafx.sg.prism.NGRegion.renderContent(Lcom/sun/prism/Graphics;)V+217
j  com.sun.javafx.sg.prism.NGNode.doRender(Lcom/sun/prism/Graphics;)V+659
j  com.sun.javafx.sg.prism.NGNode.render(Lcom/sun/prism/Graphics;)V+80
j  com.sun.javafx.sg.prism.NGGroup.renderContent(Lcom/sun/prism/Graphics;)V+264
j  com.sun.javafx.sg.prism.NGRegion.renderContent(Lcom/sun/prism/Graphics;)V+217
j  com.sun.javafx.sg.prism.NGNode.doRender(Lcom/sun/prism/Graphics;)V+659
j  com.sun.javafx.sg.prism.NGNode.render(Lcom/sun/prism/Graphics;)V+80
j  com.sun.javafx.sg.prism.NGGroup.renderContent(Lcom/sun/prism/Graphics;)V+264
j  com.sun.javafx.sg.prism.NGRegion.renderContent(Lcom/sun/prism/Graphics;)V+217
j  com.sun.javafx.sg.prism.NGNode.renderForClip(Lcom/sun/prism/Graphics;)V+33
j  com.sun.javafx.sg.prism.NGNode.renderRectClip(Lcom/sun/prism/Graphics;Lcom/sun/javafx/sg/prism/NGRectangle;)V+221
j  com.sun.javafx.sg.prism.NGNode.renderClip(Lcom/sun/prism/Graphics;)V+161
j  com.sun.javafx.sg.prism.CacheFilter.renderNodeToCache(Lcom/sun/scenario/effect/ImageData;Lcom/sun/javafx/geom/Rectangle;Lcom/sun/javafx/geom/transform/BaseTransform;Lcom/sun/javafx/geom/Rectangle;)V+276
j  com.sun.javafx.sg.prism.CacheFilter.render(Lcom/sun/prism/Graphics;)V+586
j  com.sun.javafx.sg.prism.NGNode.renderCached(Lcom/sun/prism/Graphics;)V+68
j  com.sun.javafx.sg.prism.NGNode.doRender(Lcom/sun/prism/Graphics;)V+514
j  com.sun.javafx.sg.prism.NGNode.render(Lcom/sun/prism/Graphics;)V+80
j  com.sun.javafx.sg.prism.NGGroup.renderContent(Lcom/sun/prism/Graphics;)V+264
j  com.sun.javafx.sg.prism.NGRegion.renderContent(Lcom/sun/prism/Graphics;)V+217
j  com.sun.javafx.sg.prism.NGNode.doRender(Lcom/sun/prism/Graphics;)V+659
j  com.sun.javafx.sg.prism.NGNode.render(Lcom/sun/prism/Graphics;)V+80
j  com.sun.javafx.tk.quantum.ViewPainter.doPaint(Lcom/sun/prism/Graphics;Lcom/sun/javafx/sg/prism/NodePath;)V+386
j  com.sun.javafx.tk.quantum.ViewPainter.paintImpl(Lcom/sun/prism/Graphics;)V+1628
j  com.sun.javafx.tk.quantum.UploadingPainter.run()V+1342
j  java.util.concurrent.Executors$RunnableAdapter.call()Ljava/lang/Object;+4 java.base@15.0.1
j  java.util.concurrent.FutureTask.runAndReset()Z+44 java.base@15.0.1
j  com.sun.javafx.tk.RenderJob.run()V+5
j  java.util.concurrent.ThreadPoolExecutor.runWorker(Ljava/util/concurrent/ThreadPoolExecutor$Worker;)V+92 java.base@15.0.1
j  java.util.concurrent.ThreadPoolExecutor$Worker.run()V+5 java.base@15.0.1
j  com.sun.javafx.tk.quantum.QuantumRenderer$PipelineRunnable.run()V+17
j  java.lang.Thread.run()V+11 java.base@15.0.1
v  ~StubRoutines::call_stub

siginfo: EXCEPTION_ACCESS_VIOLATION (0xc0000005), reading address 0x00007ffb27037678


Register to memory mapping:

RIP=0x00007ffb19a84879 javafx_font.dll
RAX=0x0000000000000001 is an unknown value
RBX=0x0 is NULL
RCX=0x000001c4da702cf0 points into unknown readable memory: 0x00007ffb270375f0 | f0 75 03 27 fb 7f 00 00
RDX=0x0000000000000100 is an unknown value
RSP=0x00000023e62fd160 is pointing into the stack for thread: 0x000001c4d3b82bd0
RBP=0x00000023e62fd258 is pointing into the stack for thread: 0x000001c4d3b82bd0
RSI=0x0000000000000148 is an unknown value
RDI=0x0000000000000100 is an unknown value
R8 =0x0000000000000100 is an unknown value
R9 =0x00000023e62fd198 is pointing into the stack for thread: 0x000001c4d3b82bd0
R10=0x00007ffb270375f0 is an unknown value
R11=0x000001c4da702cf0 points into unknown readable memory: 0x00007ffb270375f0 | f0 75 03 27 fb 7f 00 00
R12=0x0 is NULL
R13={method} {0x000001c4d5f8a128} 'CreateBitmap' '(JIIII)J' in 'com/sun/javafx/font/directwrite/OS'
R14=0x00000023e62fd2a0 is pointing into the stack for thread: 0x000001c4d3b82bd0
R15=0x000001c4d3b82bd0 is a thread


Registers:
RAX=0x0000000000000001, RBX=0x0000000000000000, RCX=0x000001c4da702cf0, RDX=0x0000000000000100
RSP=0x00000023e62fd160, RBP=0x00000023e62fd258, RSI=0x0000000000000148, RDI=0x0000000000000100
R8 =0x0000000000000100, R9 =0x00000023e62fd198, R10=0x00007ffb270375f0, R11=0x000001c4da702cf0
R12=0x0000000000000000, R13=0x000001c4d5f8a120, R14=0x00000023e62fd2a0, R15=0x000001c4d3b82bd0
RIP=0x00007ffb19a84879, EFLAGS=0x0000000000010206

Top of Stack: (sp=0x00000023e62fd160)
0x00000023e62fd160:   000001c4d3b82bd0 0000000000000148
0x00000023e62fd170:   000001c4d5f8a120 000001c4d3b82bd0
0x00000023e62fd180:   0000000000000001 00000023e62fd190
0x00000023e62fd190:   0000000000000000 4bfe4e036fddc324
0x00000023e62fd1a0:   10c98d76773d85b1 00009d203533ccf2
0x00000023e62fd1b0:   0000000000002336 000001c4bec2f177
0x00000023e62fd1c0:   000001c4d5f8a120 00007ffacb562984
0x00000023e62fd1d0:   0000000000002336 000001c4bec2ee5c
0x00000023e62fd1e0:   000001c400000100 0000000000000008
0x00000023e62fd1f0:   0000000000000001 00007ffacb55c1d7
0x00000023e62fd200:   3ff0000000000000 000001c4bec2ee16
0x00000023e62fd210:   00000023e62fd210 000001c4d5f8a120
0x00000023e62fd220:   00000023e62fd2a0 000001c4d5f8aad0
0x00000023e62fd230:   0000000000000000 00000000e1919610
0x00000023e62fd240:   000001c4d5f8a120 0000000000000000
0x00000023e62fd250:   00000023e62fd278 00000023e62fd2f0 

Instructions: (pc=0x00007ffb19a84879)
0x00007ffb19a84779:   eb 02 33 c0 48 8b 4c 24 40 48 33 cc e8 76 45 00
0x00007ffb19a84789:   00 48 83 c4 50 41 5f 41 5e 5f 5e 5b c3 cc cc cc
0x00007ffb19a84799:   cc cc cc cc cc cc cc 48 89 5c 24 08 57 48 83 ec
0x00007ffb19a847a9:   50 48 8b 05 4f b8 00 00 48 33 c4 48 89 44 24 48
0x00007ffb19a847b9:   8b 84 24 88 00 00 00 33 db ff c8 48 89 5c 24 30
0x00007ffb19a847c9:   41 8b f9 4d 8b d8 83 f8 0a 77 7b 48 8d 15 25 b8
0x00007ffb19a847d9:   ff ff 48 98 8b 8c 82 a4 48 00 00 48 03 ca ff e1
0x00007ffb19a847e9:   0f 10 05 d0 79 00 00 eb 58 0f 10 05 d7 79 00 00
0x00007ffb19a847f9:   eb 4f 0f 10 05 de 79 00 00 eb 46 0f 10 05 f5 79
0x00007ffb19a84809:   00 00 eb 3d 0f 10 05 dc 79 00 00 eb 34 0f 10 05
0x00007ffb19a84819:   f3 79 00 00 eb 2b 0f 10 05 fa 79 00 00 eb 22 0f
0x00007ffb19a84829:   10 05 01 7a 00 00 eb 19 0f 10 05 08 7a 00 00 eb
0x00007ffb19a84839:   10 0f 10 05 0f 7a 00 00 eb 07 0f 10 05 16 7a 00
0x00007ffb19a84849:   00 0f 11 44 24 38 4d 8b 10 48 8d 44 24 30 44 8b
0x00007ffb19a84859:   84 24 80 00 00 00 4c 8d 4c 24 38 48 89 44 24 28
0x00007ffb19a84869:   8b d7 8b 84 24 90 00 00 00 49 8b cb 89 44 24 20
0x00007ffb19a84879:   41 ff 92 88 00 00 00 85 c0 48 0f 49 5c 24 30 48
0x00007ffb19a84889:   8b c3 48 8b 4c 24 48 48 33 cc e8 68 44 00 00 48
0x00007ffb19a84899:   8b 5c 24 60 48 83 c4 50 5f c3 90 e9 47 00 00 f2
0x00007ffb19a848a9:   47 00 00 fb 47 00 00 04 48 00 00 0d 48 00 00 16
0x00007ffb19a848b9:   48 00 00 1f 48 00 00 28 48 00 00 31 48 00 00 3a
0x00007ffb19a848c9:   48 00 00 43 48 00 00 40 53 48 83 ec 20 49 8b 00
0x00007ffb19a848d9:   48 8d 54 24 40 33 db 49 8b c8 48 89 5c 24 40 ff
0x00007ffb19a848e9:   50 68 85 c0 48 0f 49 5c 24 40 48 8b c3 48 83 c4
0x00007ffb19a848f9:   20 5b c3 cc cc cc cc 48 89 5c 24 08 57 48 83 ec
0x00007ffb19a84909:   40 48 8b 44 24 70 33 ff 4d 8b 10 41 8b d1 48 89
0x00007ffb19a84919:   44 24 70 4c 8d 4c 24 70 48 8d 44 24 60 48 89 7c
0x00007ffb19a84929:   24 60 48 89 44 24 30 49 8b c8 8b 84 24 80 00 00
0x00007ffb19a84939:   00 44 8d 47 01 89 44 24 28 8b 44 24 78 89 44 24
0x00007ffb19a84949:   20 41 ff 52 48 48 8b 5c 24 50 85 c0 48 0f 49 7c
0x00007ffb19a84959:   24 60 48 8b c7 48 83 c4 40 5f c3 cc cc cc cc cc
0x00007ffb19a84969:   cc cc cc cc cc cc cc 48 89 5c 24 08 48 89 6c 24 


Stack slot to memory mapping:
stack at sp + 0 slots: 0x000001c4d3b82bd0 is a thread
stack at sp + 1 slots: 0x0000000000000148 is an unknown value
stack at sp + 2 slots: {method} {0x000001c4d5f8a128} 'CreateBitmap' '(JIIII)J' in 'com/sun/javafx/font/directwrite/OS'
stack at sp + 3 slots: 0x000001c4d3b82bd0 is a thread
stack at sp + 4 slots: 0x0000000000000001 is an unknown value
stack at sp + 5 slots: 0x00000023e62fd190 is pointing into the stack for thread: 0x000001c4d3b82bd0
stack at sp + 6 slots: 0x0 is NULL
stack at sp + 7 slots: 0x4bfe4e036fddc324 is an unknown value


---------------  P R O C E S S  ---------------

Threads class SMR info:
_java_thread_list=0x000001c4d35aae00, length=24, elements={
0x000001c4b6a0ef30, 0x000001c4d20fe900, 0x000001c4d20ff3e0, 0x000001c4d211ae40,
0x000001c4d211e720, 0x000001c4d2a20470, 0x000001c4d2a21470, 0x000001c4d2a25d90,
0x000001c4d2a31ba0, 0x000001c4d20e3570, 0x000001c4d30f5400, 0x000001c4d4c41f20,
0x000001c4d58fe880, 0x000001c4d6c259a0, 0x000001c4d3c536c0, 0x000001c4d39728c0,
0x000001c4d3b82bd0, 0x000001c4d6b97fc0, 0x000001c4d72c9ae0, 0x000001c4d6d6b530,
0x000001c4d6d6d6e0, 0x000001c4d6d6ea20, 0x000001c4d319ce10, 0x000001c4d319c3f0
}

Java Threads: ( => current thread )
  0x000001c4b6a0ef30 JavaThread "main" [_thread_blocked, id=20964, stack(0x00000023e4100000,0x00000023e4200000)]
  0x000001c4d20fe900 JavaThread "Reference Handler" daemon [_thread_blocked, id=11632, stack(0x00000023e4800000,0x00000023e4900000)]
  0x000001c4d20ff3e0 JavaThread "Finalizer" daemon [_thread_blocked, id=1700, stack(0x00000023e4900000,0x00000023e4a00000)]
  0x000001c4d211ae40 JavaThread "Signal Dispatcher" daemon [_thread_blocked, id=1524, stack(0x00000023e4a00000,0x00000023e4b00000)]
  0x000001c4d211e720 JavaThread "Attach Listener" daemon [_thread_blocked, id=18948, stack(0x00000023e4b00000,0x00000023e4c00000)]
  0x000001c4d2a20470 JavaThread "Service Thread" daemon [_thread_blocked, id=12112, stack(0x00000023e4c00000,0x00000023e4d00000)]
  0x000001c4d2a21470 JavaThread "C2 CompilerThread0" daemon [_thread_blocked, id=14424, stack(0x00000023e4d00000,0x00000023e4e00000)]
  0x000001c4d2a25d90 JavaThread "C1 CompilerThread0" daemon [_thread_blocked, id=13628, stack(0x00000023e4e00000,0x00000023e4f00000)]
  0x000001c4d2a31ba0 JavaThread "Sweeper thread" daemon [_thread_blocked, id=4476, stack(0x00000023e4f00000,0x00000023e5000000)]
  0x000001c4d20e3570 JavaThread "Common-Cleaner" daemon [_thread_blocked, id=480, stack(0x00000023e5000000,0x00000023e5100000)]
  0x000001c4d30f5400 JavaThread "Notification Thread" daemon [_thread_blocked, id=17100, stack(0x00000023e5200000,0x00000023e5300000)]
  0x000001c4d4c41f20 JavaThread "Test worker" [_thread_blocked, id=3220, stack(0x00000023e5b00000,0x00000023e5c00000)]
  0x000001c4d58fe880 JavaThread "/127.0.0.1:53425 to /127.0.0.1:53424 workers Thread 2" [_thread_blocked, id=18620, stack(0x00000023e5c00000,0x00000023e5d00000)]
  0x000001c4d6c259a0 JavaThread "/127.0.0.1:53425 to /127.0.0.1:53424 workers Thread 3" [_thread_in_native, id=20624, stack(0x00000023e5d00000,0x00000023e5e00000)]
  0x000001c4d3c536c0 JavaThread "testfx-async-pool-thread-1" daemon [_thread_blocked, id=9916, stack(0x00000023e6000000,0x00000023e6100000)]
  0x000001c4d39728c0 JavaThread "JavaFX-Launcher" daemon [_thread_blocked, id=8464, stack(0x00000023e6100000,0x00000023e6200000)]
=>0x000001c4d3b82bd0 JavaThread "QuantumRenderer-0" daemon [_thread_in_native, id=9924, stack(0x00000023e6200000,0x00000023e6300000)]
  0x000001c4d6b97fc0 JavaThread "JavaFX Application Thread" daemon [_thread_blocked, id=17972, stack(0x00000023e6300000,0x00000023e6400000)]
  0x000001c4d72c9ae0 JavaThread "Timer-0" daemon [_thread_blocked, id=14356, stack(0x00000023e6400000,0x00000023e6500000)]
  0x000001c4d6d6b530 JavaThread "testfx-async-pool-thread-2" daemon [_thread_blocked, id=20300, stack(0x00000023e6500000,0x00000023e6600000)]
  0x000001c4d6d6d6e0 JavaThread "Prism Font Disposer" daemon [_thread_blocked, id=5404, stack(0x00000023e6600000,0x00000023e6700000)]
  0x000001c4d6d6ea20 JavaThread "Cleaner-0" daemon [_thread_blocked, id=19484, stack(0x00000023e6900000,0x00000023e6a00000)]
  0x000001c4d319ce10 JavaThread "C2 CompilerThread1" daemon [_thread_blocked, id=20772, stack(0x00000023e5100000,0x00000023e5200000)]
  0x000001c4d319c3f0 JavaThread "C2 CompilerThread2" daemon [_thread_blocked, id=16324, stack(0x00000023e5900000,0x00000023e5a00000)]

Other Threads:
  0x000001c4d20fe180 VMThread "VM Thread" [stack: 0x00000023e4700000,0x00000023e4800000] [id=21132]
  0x000001c4d2e1ec40 WatcherThread [stack: 0x00000023e5300000,0x00000023e5400000] [id=16212]
  0x000001c4b6a36be0 GCTaskThread "GC Thread#0" [stack: 0x00000023e4200000,0x00000023e4300000] [id=6632]
  0x000001c4d2bd0c30 GCTaskThread "GC Thread#1" [stack: 0x00000023e5400000,0x00000023e5500000] [id=7964]
  0x000001c4d2bd28e0 GCTaskThread "GC Thread#2" [stack: 0x00000023e5500000,0x00000023e5600000] [id=12392]
  0x000001c4d2bcf5e0 GCTaskThread "GC Thread#3" [stack: 0x00000023e5600000,0x00000023e5700000] [id=10136]
  0x000001c4d2bd1290 GCTaskThread "GC Thread#4" [stack: 0x00000023e5700000,0x00000023e5800000] [id=11744]
  0x000001c4d2bcf910 GCTaskThread "GC Thread#5" [stack: 0x00000023e5800000,0x00000023e5900000] [id=5464]
  0x000001c4d2bd2c10 GCTaskThread "GC Thread#6" [stack: 0x00000023e5e00000,0x00000023e5f00000] [id=10808]
  0x000001c4d2bd15c0 GCTaskThread "GC Thread#7" [stack: 0x00000023e5f00000,0x00000023e6000000] [id=17528]
  0x000001c4b6a3bc40 ConcurrentGCThread "G1 Main Marker" [stack: 0x00000023e4300000,0x00000023e4400000] [id=2360]
  0x000001c4b6a3c740 ConcurrentGCThread "G1 Conc#0" [stack: 0x00000023e4400000,0x00000023e4500000] [id=11736]
  0x000001c4d2bd2280 ConcurrentGCThread "G1 Conc#1" [stack: 0x00000023e6700000,0x00000023e6800000] [id=8456]
  0x000001c4d2bd25b0 ConcurrentGCThread "G1 Conc#2" [stack: 0x00000023e6800000,0x00000023e6900000] [id=19316]
  0x000001c4b6accf20 ConcurrentGCThread "G1 Refine#0" [stack: 0x00000023e4500000,0x00000023e4600000] [id=3924]
  0x000001c4b6acda30 ConcurrentGCThread "G1 Young RemSet Sampling" [stack: 0x00000023e4600000,0x00000023e4700000] [id=4296]

Threads with active compile tasks:

VM state: not at safepoint (normal execution)

VM Mutex/Monitor currently owned by a thread: None

Heap address: 0x00000000e0000000, size: 512 MB, Compressed Oops mode: 32-bit
CDS archive(s) mapped at: [0x0000000800000000-0x0000000800b50000-0x0000000800b50000), size 11862016, SharedBaseAddress: 0x0000000800000000, ArchiveRelocationMode: 0.
Compressed class space mapped at: 0x0000000800b50000-0x0000000840b50000, size: 1073741824
Narrow klass base: 0x0000000800000000, Narrow klass shift: 3, Narrow klass range: 0x100000000

GC Precious Log:
 CPUs: 12 total, 12 available
 Memory: 16229M
 Large Page Support: Disabled
 NUMA Support: Disabled
 Compressed Oops: Enabled (32-bit)
 Heap Region Size: 1M
 Heap Min Capacity: 8M
 Heap Initial Capacity: 254M
 Heap Max Capacity: 512M
 Pre-touch: Disabled
 Parallel Workers: 10
 Concurrent Workers: 3
 Concurrent Refinement Workers: 10
 Periodic GC: Disabled

Heap:
 garbage-first heap   total 65536K, used 33313K [0x00000000e0000000, 0x0000000100000000)
  region size 1024K, 3 young (3072K), 2 survivors (2048K)
 Metaspace       used 30465K, capacity 30896K, committed 30976K, reserved 1077248K
  class space    used 3942K, capacity 4063K, committed 4096K, reserved 1048576K

Heap Regions: E=young(eden), S=young(survivor), O=old, HS=humongous(starts), HC=humongous(continues), CS=collection set, F=free, OA=open archive, CA=closed archive, TAMS=top-at-mark-start (previous, next)
|   0|0x00000000e0000000, 0x00000000e0100000, 0x00000000e0100000|100%| O|  |TAMS 0x00000000e0100000, 0x00000000e0000000| Untracked 
|   1|0x00000000e0100000, 0x00000000e0200000, 0x00000000e0200000|100%| O|  |TAMS 0x00000000e0200000, 0x00000000e0100000| Untracked 
|   2|0x00000000e0200000, 0x00000000e0300000, 0x00000000e0300000|100%| O|  |TAMS 0x00000000e0300000, 0x00000000e0200000| Untracked 
|   3|0x00000000e0300000, 0x00000000e0400000, 0x00000000e0400000|100%| O|  |TAMS 0x00000000e0400000, 0x00000000e0300000| Untracked 
|   4|0x00000000e0400000, 0x00000000e04f8200, 0x00000000e0500000| 96%| O|  |TAMS 0x00000000e04f8200, 0x00000000e0400000| Untracked 
|   5|0x00000000e0500000, 0x00000000e0600000, 0x00000000e0600000|100%|HS|  |TAMS 0x00000000e0600000, 0x00000000e0500000| Complete 
|   6|0x00000000e0600000, 0x00000000e0700000, 0x00000000e0700000|100%|HC|  |TAMS 0x00000000e0700000, 0x00000000e0600000| Complete 
|   7|0x00000000e0700000, 0x00000000e0800000, 0x00000000e0800000|100%|HC|  |TAMS 0x00000000e0800000, 0x00000000e0700000| Complete 
|   8|0x00000000e0800000, 0x00000000e0900000, 0x00000000e0900000|100%|HC|  |TAMS 0x00000000e0900000, 0x00000000e0800000| Complete 
|   9|0x00000000e0900000, 0x00000000e0a00000, 0x00000000e0a00000|100%| O|  |TAMS 0x00000000e0a00000, 0x00000000e0900000| Untracked 
|  10|0x00000000e0a00000, 0x00000000e0b00000, 0x00000000e0b00000|100%|HS|  |TAMS 0x00000000e0b00000, 0x00000000e0a00000| Complete 
|  11|0x00000000e0b00000, 0x00000000e0c00000, 0x00000000e0c00000|100%|HC|  |TAMS 0x00000000e0c00000, 0x00000000e0b00000| Complete 
|  12|0x00000000e0c00000, 0x00000000e0d00000, 0x00000000e0d00000|100%|HC|  |TAMS 0x00000000e0d00000, 0x00000000e0c00000| Complete 
|  13|0x00000000e0d00000, 0x00000000e0e00000, 0x00000000e0e00000|100%|HC|  |TAMS 0x00000000e0e00000, 0x00000000e0d00000| Complete 
|  14|0x00000000e0e00000, 0x00000000e0f00000, 0x00000000e0f00000|100%|HC|  |TAMS 0x00000000e0f00000, 0x00000000e0e00000| Complete 
|  15|0x00000000e0f00000, 0x00000000e1000000, 0x00000000e1000000|100%|HC|  |TAMS 0x00000000e1000000, 0x00000000e0f00000| Complete 
|  16|0x00000000e1000000, 0x00000000e1100000, 0x00000000e1100000|100%|HC|  |TAMS 0x00000000e1100000, 0x00000000e1000000| Complete 
|  17|0x00000000e1100000, 0x00000000e1200000, 0x00000000e1200000|100%|HC|  |TAMS 0x00000000e1200000, 0x00000000e1100000| Complete 
|  18|0x00000000e1200000, 0x00000000e1300000, 0x00000000e1300000|100%|HC|  |TAMS 0x00000000e1300000, 0x00000000e1200000| Complete 
|  19|0x00000000e1300000, 0x00000000e1400000, 0x00000000e1400000|100%| O|  |TAMS 0x00000000e136aa00, 0x00000000e1300000| Untracked 
|  20|0x00000000e1400000, 0x00000000e1500000, 0x00000000e1500000|100%| O|  |TAMS 0x00000000e1500000, 0x00000000e1400000| Untracked 
|  21|0x00000000e1500000, 0x00000000e1600000, 0x00000000e1600000|100%| O|  |TAMS 0x00000000e1600000, 0x00000000e1500000| Untracked 
|  22|0x00000000e1600000, 0x00000000e1700000, 0x00000000e1700000|100%|HS|  |TAMS 0x00000000e1700000, 0x00000000e1600000| Complete 
|  23|0x00000000e1700000, 0x00000000e1800000, 0x00000000e1800000|100%|HC|  |TAMS 0x00000000e1800000, 0x00000000e1700000| Complete 
|  24|0x00000000e1800000, 0x00000000e1900000, 0x00000000e1900000|100%| O|  |TAMS 0x00000000e1900000, 0x00000000e1800000| Untracked 
|  25|0x00000000e1900000, 0x00000000e1a00000, 0x00000000e1a00000|100%| O|  |TAMS 0x00000000e1a00000, 0x00000000e1900000| Untracked 
|  26|0x00000000e1a00000, 0x00000000e1b00000, 0x00000000e1b00000|100%| O|  |TAMS 0x00000000e1a00000, 0x00000000e1a00000| Untracked 
|  27|0x00000000e1b00000, 0x00000000e1b1b600, 0x00000000e1c00000| 10%| O|  |TAMS 0x00000000e1b00000, 0x00000000e1b00000| Untracked 
|  28|0x00000000e1c00000, 0x00000000e1d00000, 0x00000000e1d00000|100%|HS|  |TAMS 0x00000000e1c00000, 0x00000000e1c00000| Complete 
|  29|0x00000000e1d00000, 0x00000000e1e00000, 0x00000000e1e00000|100%|HC|  |TAMS 0x00000000e1d00000, 0x00000000e1d00000| Complete 
|  30|0x00000000e1e00000, 0x00000000e1e00000, 0x00000000e1f00000|  0%| F|  |TAMS 0x00000000e1e00000, 0x00000000e1e00000| Untracked 
|  31|0x00000000e1f00000, 0x00000000e1f00000, 0x00000000e2000000|  0%| F|  |TAMS 0x00000000e1f00000, 0x00000000e1f00000| Untracked 
|  32|0x00000000e2000000, 0x00000000e2000000, 0x00000000e2100000|  0%| F|  |TAMS 0x00000000e2000000, 0x00000000e2000000| Untracked 
|  33|0x00000000e2100000, 0x00000000e2100000, 0x00000000e2200000|  0%| F|  |TAMS 0x00000000e2100000, 0x00000000e2100000| Untracked 
|  34|0x00000000e2200000, 0x00000000e2200000, 0x00000000e2300000|  0%| F|  |TAMS 0x00000000e2200000, 0x00000000e2200000| Untracked 
|  35|0x00000000e2300000, 0x00000000e2300000, 0x00000000e2400000|  0%| F|  |TAMS 0x00000000e2300000, 0x00000000e2300000| Untracked 
|  36|0x00000000e2400000, 0x00000000e2400000, 0x00000000e2500000|  0%| F|  |TAMS 0x00000000e2400000, 0x00000000e2400000| Untracked 
|  37|0x00000000e2500000, 0x00000000e2500000, 0x00000000e2600000|  0%| F|  |TAMS 0x00000000e2500000, 0x00000000e2500000| Untracked 
|  38|0x00000000e2600000, 0x00000000e2600000, 0x00000000e2700000|  0%| F|  |TAMS 0x00000000e2600000, 0x00000000e2600000| Untracked 
|  39|0x00000000e2700000, 0x00000000e2700000, 0x00000000e2800000|  0%| F|  |TAMS 0x00000000e2700000, 0x00000000e2700000| Untracked 
|  40|0x00000000e2800000, 0x00000000e2800000, 0x00000000e2900000|  0%| F|  |TAMS 0x00000000e2800000, 0x00000000e2800000| Untracked 
|  41|0x00000000e2900000, 0x00000000e2900000, 0x00000000e2a00000|  0%| F|  |TAMS 0x00000000e2900000, 0x00000000e2900000| Untracked 
|  42|0x00000000e2a00000, 0x00000000e2a00000, 0x00000000e2b00000|  0%| F|  |TAMS 0x00000000e2a00000, 0x00000000e2a00000| Untracked 
|  43|0x00000000e2b00000, 0x00000000e2b00000, 0x00000000e2c00000|  0%| F|  |TAMS 0x00000000e2b00000, 0x00000000e2b00000| Untracked 
|  44|0x00000000e2c00000, 0x00000000e2c00000, 0x00000000e2d00000|  0%| F|  |TAMS 0x00000000e2c00000, 0x00000000e2c00000| Untracked 
|  45|0x00000000e2d00000, 0x00000000e2d00000, 0x00000000e2e00000|  0%| F|  |TAMS 0x00000000e2d00000, 0x00000000e2d00000| Untracked 
|  46|0x00000000e2e00000, 0x00000000e2e00000, 0x00000000e2f00000|  0%| F|  |TAMS 0x00000000e2e00000, 0x00000000e2e00000| Untracked 
|  47|0x00000000e2f00000, 0x00000000e2f00000, 0x00000000e3000000|  0%| F|  |TAMS 0x00000000e2f00000, 0x00000000e2f00000| Untracked 
|  48|0x00000000e3000000, 0x00000000e3000000, 0x00000000e3100000|  0%| F|  |TAMS 0x00000000e3000000, 0x00000000e3000000| Untracked 
|  49|0x00000000e3100000, 0x00000000e3100000, 0x00000000e3200000|  0%| F|  |TAMS 0x00000000e3100000, 0x00000000e3100000| Untracked 
|  50|0x00000000e3200000, 0x00000000e3200000, 0x00000000e3300000|  0%| F|  |TAMS 0x00000000e3200000, 0x00000000e3200000| Untracked 
|  51|0x00000000e3300000, 0x00000000e3300000, 0x00000000e3400000|  0%| F|  |TAMS 0x00000000e3300000, 0x00000000e3300000| Untracked 
|  52|0x00000000e3400000, 0x00000000e3400000, 0x00000000e3500000|  0%| F|  |TAMS 0x00000000e3400000, 0x00000000e3400000| Untracked 
|  53|0x00000000e3500000, 0x00000000e3500000, 0x00000000e3600000|  0%| F|  |TAMS 0x00000000e3500000, 0x00000000e3500000| Untracked 
| 163|0x00000000ea300000, 0x00000000ea300000, 0x00000000ea400000|  0%| F|  |TAMS 0x00000000ea300000, 0x00000000ea300000| Untracked 
| 164|0x00000000ea400000, 0x00000000ea400000, 0x00000000ea500000|  0%| F|  |TAMS 0x00000000ea400000, 0x00000000ea400000| Untracked 
| 165|0x00000000ea500000, 0x00000000ea500000, 0x00000000ea600000|  0%| F|  |TAMS 0x00000000ea500000, 0x00000000ea500000| Untracked 
| 166|0x00000000ea600000, 0x00000000ea674ec0, 0x00000000ea700000| 45%| S|CS|TAMS 0x00000000ea600000, 0x00000000ea600000| Complete 
| 167|0x00000000ea700000, 0x00000000ea800000, 0x00000000ea800000|100%| S|CS|TAMS 0x00000000ea700000, 0x00000000ea700000| Complete 
| 168|0x00000000ea800000, 0x00000000ea800000, 0x00000000ea900000|  0%| F|  |TAMS 0x00000000ea800000, 0x00000000ea800000| Untracked 
| 252|0x00000000efc00000, 0x00000000efc00000, 0x00000000efd00000|  0%| F|  |TAMS 0x00000000efc00000, 0x00000000efc00000| Untracked 
| 253|0x00000000efd00000, 0x00000000efd1dcb0, 0x00000000efe00000| 11%| E|  |TAMS 0x00000000efd00000, 0x00000000efd00000| Complete 
| 510|0x00000000ffe00000, 0x00000000fff00000, 0x00000000fff00000|100%| O|  |TAMS 0x00000000fff00000, 0x00000000ffe00000| Untracked 
| 511|0x00000000fff00000, 0x0000000100000000, 0x0000000100000000|100%| O|  |TAMS 0x0000000100000000, 0x00000000fff00000| Untracked 

Card table byte_map: [0x000001c4ce270000,0x000001c4ce370000] _byte_map_base: 0x000001c4cdb70000

Marking Bits (Prev, Next): (CMBitMap*) 0x000001c4b6a37320, (CMBitMap*) 0x000001c4b6a372e0
 Prev Bits: [0x000001c4cec70000, 0x000001c4cf470000)
 Next Bits: [0x000001c4ce470000, 0x000001c4cec70000)

Polling page: 0x000001c4b4980000

Metaspace:

Usage:
  Non-class:     26.20 MB capacity,    25.90 MB ( 99%) used,   269.82 KB (  1%) free+waste,    39.81 KB ( <1%) overhead. 
      Class:      3.97 MB capacity,     3.85 MB ( 97%) used,   104.64 KB (  3%) free+waste,    15.88 KB ( <1%) overhead. 
       Both:     30.17 MB capacity,    29.75 MB ( 99%) used,   374.46 KB (  1%) free+waste,    55.69 KB ( <1%) overhead. 

Virtual space:
  Non-class space:       28.00 MB reserved,      26.25 MB ( 94%) committed 
      Class space:        1.00 GB reserved,       4.00 MB ( <1%) committed 
             Both:        1.03 GB reserved,      30.25 MB (  3%) committed 

Chunk freelists:
   Non-Class:  47.00 KB
       Class:  1.00 KB
        Both:  48.00 KB

MaxMetaspaceSize: 17179869184.00 GB
CompressedClassSpaceSize: 1.00 GB

CodeHeap 'non-profiled nmethods': size=120000Kb used=2831Kb max_used=2831Kb free=117168Kb
 bounds [0x000001c4c66f0000, 0x000001c4c69c0000, 0x000001c4cdc20000]
CodeHeap 'profiled nmethods': size=120000Kb used=9197Kb max_used=9197Kb free=110802Kb
 bounds [0x000001c4bf1c0000, 0x000001c4bfad0000, 0x000001c4c66f0000]
CodeHeap 'non-nmethods': size=5760Kb used=1429Kb max_used=1507Kb free=4330Kb
 bounds [0x000001c4bec20000, 0x000001c4bee90000, 0x000001c4bf1c0000]
 total_blobs=5523 nmethods=4773 adapters=662
 compilation: enabled
              stopped_count=0, restarted_count=0
 full_count=0

Compilation events (20 events):
Event: 7.174 Thread 0x000001c4d2a25d90 5627       3       sun.security.provider.ByteArrayAccess::b2iLittle64 (614 bytes)
Event: 7.174 Thread 0x000001c4d2a25d90 nmethod 5627 0x000001c4bfab6310 code [0x000001c4bfab64e0, 0x000001c4bfab6a68]
Event: 7.175 Thread 0x000001c4d2a25d90 5629       3       java.security.MessageDigest$Delegate::engineUpdate (11 bytes)
Event: 7.175 Thread 0x000001c4d2a25d90 nmethod 5629 0x000001c4bfab6d10 code [0x000001c4bfab6ec0, 0x000001c4bfab7088]
Event: 7.175 Thread 0x000001c4d2a25d90 5628       3       java.io.FilterInputStream::read (9 bytes)
Event: 7.175 Thread 0x000001c4d2a25d90 nmethod 5628 0x000001c4bfab7190 code [0x000001c4bfab7340, 0x000001c4bfab7508]
Event: 7.175 Thread 0x000001c4d2a25d90 5630       3       java.io.FileInputStream::read (8 bytes)
Event: 7.175 Thread 0x000001c4d2a25d90 nmethod 5630 0x000001c4bfab7610 code [0x000001c4bfab77c0, 0x000001c4bfab78e8]
Event: 7.175 Thread 0x000001c4d2a25d90 5632       3       sun.security.provider.MD5::implCompress (1508 bytes)
Event: 7.177 Thread 0x000001c4d2a25d90 nmethod 5632 0x000001c4bfab7990 code [0x000001c4bfab7ee0, 0x000001c4bfaba668]
Event: 7.178 Thread 0x000001c4d2a25d90 5633 %     3       jdk.internal.org.objectweb.asm.ClassReader::<init> @ 110 (371 bytes)
Event: 7.181 Thread 0x000001c4d2a25d90 nmethod 5633% 0x000001c4bfabc110 code [0x000001c4bfabc400, 0x000001c4bfabd958]
Event: 7.181 Thread 0x000001c4d2a25d90 5634       3       com.sun.javafx.geom.Rectangle::$jacocoInit (53 bytes)
Event: 7.181 Thread 0x000001c4d2a25d90 nmethod 5634 0x000001c4bfabdf10 code [0x000001c4bfabe140, 0x000001c4bfabec78]
Event: 7.182 Thread 0x000001c4d2a25d90 5635       3       com.sun.prism.sw.SWGraphics::$jacocoInit (54 bytes)
Event: 7.182 Thread 0x000001c4d2a25d90 nmethod 5635 0x000001c4bfabef10 code [0x000001c4bfabf140, 0x000001c4bfabfc78]
Event: 7.182 Thread 0x000001c4d2a25d90 5636       3       com.sun.javafx.geom.transform.AffineBase::getMyx (14 bytes)
Event: 7.182 Thread 0x000001c4d2a25d90 nmethod 5636 0x000001c4bfabff10 code [0x000001c4bfac00c0, 0x000001c4bfac0228]
Event: 7.182 Thread 0x000001c4d2a25d90 5637       3       com.sun.javafx.geom.transform.AffineBase::getMxy (14 bytes)
Event: 7.182 Thread 0x000001c4d2a25d90 nmethod 5637 0x000001c4bfac0310 code [0x000001c4bfac04c0, 0x000001c4bfac0628]

GC Heap History (20 events):
Event: 0.722 GC heap before
{Heap before GC invocations=1 (full 0):
 garbage-first heap   total 260096K, used 34915K [0x00000000e0000000, 0x0000000100000000)
  region size 1024K, 32 young (32768K), 3 survivors (3072K)
 Metaspace       used 6902K, capacity 7754K, committed 8064K, reserved 1056768K
  class space    used 765K, capacity 808K, committed 896K, reserved 1048576K
}
Event: 0.725 GC heap after
{Heap after GC invocations=2 (full 0):
 garbage-first heap   total 260096K, used 6859K [0x00000000e0000000, 0x0000000100000000)
  region size 1024K, 2 young (2048K), 2 survivors (2048K)
 Metaspace       used 6902K, capacity 7754K, committed 8064K, reserved 1056768K
  class space    used 765K, capacity 808K, committed 896K, reserved 1048576K
}
Event: 1.886 GC heap before
{Heap before GC invocations=2 (full 0):
 garbage-first heap   total 260096K, used 164555K [0x00000000e0000000, 0x0000000100000000)
  region size 1024K, 152 young (155648K), 2 survivors (2048K)
 Metaspace       used 15178K, capacity 15475K, committed 15744K, reserved 1062912K
  class space    used 1736K, capacity 1822K, committed 1920K, reserved 1048576K
}
Event: 1.889 GC heap after
{Heap after GC invocations=3 (full 0):
 garbage-first heap   total 260096K, used 13782K [0x00000000e0000000, 0x0000000100000000)
  region size 1024K, 5 young (5120K), 5 survivors (5120K)
 Metaspace       used 15178K, capacity 15475K, committed 15744K, reserved 1062912K
  class space    used 1736K, capacity 1822K, committed 1920K, reserved 1048576K
}
Event: 2.526 GC heap before
{Heap before GC invocations=3 (full 0):
 garbage-first heap   total 260096K, used 100822K [0x00000000e0000000, 0x0000000100000000)
  region size 1024K, 90 young (92160K), 5 survivors (5120K)
 Metaspace       used 20827K, capacity 21153K, committed 21248K, reserved 1067008K
  class space    used 2592K, capacity 2731K, committed 2816K, reserved 1048576K
}
Event: 2.529 GC heap after
{Heap after GC invocations=4 (full 0):
 garbage-first heap   total 260096K, used 16195K [0x00000000e0000000, 0x0000000100000000)
  region size 1024K, 6 young (6144K), 6 survivors (6144K)
 Metaspace       used 20827K, capacity 21153K, committed 21248K, reserved 1067008K
  class space    used 2592K, capacity 2731K, committed 2816K, reserved 1048576K
}
Event: 3.270 GC heap before
{Heap before GC invocations=5 (full 0):
 garbage-first heap   total 61440K, used 57155K [0x00000000e0000000, 0x0000000100000000)
  region size 1024K, 36 young (36864K), 6 survivors (6144K)
 Metaspace       used 22751K, capacity 23100K, committed 23168K, reserved 1069056K
  class space    used 2817K, capacity 2931K, committed 2944K, reserved 1048576K
}
Event: 3.276 GC heap after
{Heap after GC invocations=6 (full 0):
 garbage-first heap   total 65536K, used 27879K [0x00000000e0000000, 0x0000000100000000)
  region size 1024K, 4 young (4096K), 4 survivors (4096K)
 Metaspace       used 22751K, capacity 23100K, committed 23168K, reserved 1069056K
  class space    used 2817K, capacity 2931K, committed 2944K, reserved 1048576K
}
Event: 3.474 GC heap before
{Heap before GC invocations=6 (full 0):
 garbage-first heap   total 65536K, used 50407K [0x00000000e0000000, 0x0000000100000000)
  region size 1024K, 26 young (26624K), 4 survivors (4096K)
 Metaspace       used 24554K, capacity 24919K, committed 25088K, reserved 1071104K
  class space    used 3137K, capacity 3257K, committed 3328K, reserved 1048576K
}
Event: 3.476 GC heap after
{Heap after GC invocations=7 (full 0):
 garbage-first heap   total 65536K, used 26306K [0x00000000e0000000, 0x0000000100000000)
  region size 1024K, 3 young (3072K), 3 survivors (3072K)
 Metaspace       used 24554K, capacity 24919K, committed 25088K, reserved 1071104K
  class space    used 3137K, capacity 3257K, committed 3328K, reserved 1048576K
}
Event: 3.657 GC heap before
{Heap before GC invocations=7 (full 0):
 garbage-first heap   total 65536K, used 50882K [0x00000000e0000000, 0x0000000100000000)
  region size 1024K, 27 young (27648K), 3 survivors (3072K)
 Metaspace       used 26159K, capacity 26526K, committed 26624K, reserved 1073152K
  class space    used 3392K, capacity 3489K, committed 3584K, reserved 1048576K
}
Event: 3.659 GC heap after
{Heap after GC invocations=8 (full 0):
 garbage-first heap   total 65536K, used 26529K [0x00000000e0000000, 0x0000000100000000)
  region size 1024K, 3 young (3072K), 3 survivors (3072K)
 Metaspace       used 26159K, capacity 26526K, committed 26624K, reserved 1073152K
  class space    used 3392K, capacity 3489K, committed 3584K, reserved 1048576K
}
Event: 5.549 GC heap before
{Heap before GC invocations=8 (full 0):
 garbage-first heap   total 65536K, used 52129K [0x00000000e0000000, 0x0000000100000000)
  region size 1024K, 28 young (28672K), 3 survivors (3072K)
 Metaspace       used 27832K, capacity 28203K, committed 28416K, reserved 1073152K
  class space    used 3602K, capacity 3723K, committed 3840K, reserved 1048576K
}
Event: 5.556 GC heap after
{Heap after GC invocations=9 (full 0):
 garbage-first heap   total 65536K, used 27074K [0x00000000e0000000, 0x0000000100000000)
  region size 1024K, 2 young (2048K), 2 survivors (2048K)
 Metaspace       used 27832K, capacity 28203K, committed 28416K, reserved 1073152K
  class space    used 3602K, capacity 3723K, committed 3840K, reserved 1048576K
}
Event: 6.979 GC heap before
{Heap before GC invocations=9 (full 0):
 garbage-first heap   total 65536K, used 53698K [0x00000000e0000000, 0x0000000100000000)
  region size 1024K, 26 young (26624K), 2 survivors (2048K)
 Metaspace       used 29177K, capacity 29572K, committed 29824K, reserved 1075200K
  class space    used 3767K, capacity 3899K, committed 3968K, reserved 1048576K
}
Event: 6.982 GC heap after
{Heap after GC invocations=10 (full 0):
 garbage-first heap   total 65536K, used 29857K [0x00000000e0000000, 0x0000000100000000)
  region size 1024K, 3 young (3072K), 3 survivors (3072K)
 Metaspace       used 29177K, capacity 29572K, committed 29824K, reserved 1075200K
  class space    used 3767K, capacity 3899K, committed 3968K, reserved 1048576K
}
Event: 7.152 GC heap before
{Heap before GC invocations=10 (full 0):
 garbage-first heap   total 65536K, used 44193K [0x00000000e0000000, 0x0000000100000000)
  region size 1024K, 19 young (19456K), 3 survivors (3072K)
 Metaspace       used 30375K, capacity 30768K, committed 30976K, reserved 1077248K
  class space    used 3927K, capacity 4063K, committed 4096K, reserved 1048576K
}
Event: 7.154 GC heap after
{Heap after GC invocations=11 (full 0):
 garbage-first heap   total 65536K, used 29161K [0x00000000e0000000, 0x0000000100000000)
  region size 1024K, 4 young (4096K), 4 survivors (4096K)
 Metaspace       used 30375K, capacity 30768K, committed 30976K, reserved 1077248K
  class space    used 3927K, capacity 4063K, committed 4096K, reserved 1048576K
}
Event: 7.178 GC heap before
{Heap before GC invocations=12 (full 0):
 garbage-first heap   total 65536K, used 33257K [0x00000000e0000000, 0x0000000100000000)
  region size 1024K, 7 young (7168K), 4 survivors (4096K)
 Metaspace       used 30458K, capacity 30896K, committed 30976K, reserved 1077248K
  class space    used 3940K, capacity 4063K, committed 4096K, reserved 1048576K
}
Event: 7.180 GC heap after
{Heap after GC invocations=13 (full 0):
 garbage-first heap   total 65536K, used 31265K [0x00000000e0000000, 0x0000000100000000)
  region size 1024K, 2 young (2048K), 2 survivors (2048K)
 Metaspace       used 30458K, capacity 30896K, committed 30976K, reserved 1077248K
  class space    used 3940K, capacity 4063K, committed 4096K, reserved 1048576K
}

Deoptimization events (20 events):
Event: 7.048 Thread 0x000001c4d6b97fc0 Uncommon trap: trap_request=0xffffffd6 fr.pc=0x000001c4c6907300 relative=0x0000000000001d80
Event: 7.048 Thread 0x000001c4d6b97fc0 Uncommon trap: reason=array_check action=maybe_recompile pc=0x000001c4c6907300 method=javafx.css.SimpleSelector.applies(Ljavafx/css/Styleable;[Ljava/util/Set;I)Z @ 84 c2
Event: 7.048 Thread 0x000001c4d6b97fc0 DEOPT PACKING pc=0x000001c4c6907300 sp=0x00000023e63fbbf0
Event: 7.049 Thread 0x000001c4d6b97fc0 DEOPT UNPACKING pc=0x000001c4bec6e42f sp=0x00000023e63fbb70 mode 2
Event: 7.050 Thread 0x000001c4d6b97fc0 DEOPT PACKING pc=0x000001c4bf59bcc0 sp=0x00000023e63fb600
Event: 7.050 Thread 0x000001c4d6b97fc0 DEOPT UNPACKING pc=0x000001c4bec6e23f sp=0x00000023e63faa70 mode 0
Event: 7.113 Thread 0x000001c4d6b97fc0 DEOPT PACKING pc=0x000001c4bf5d15f7 sp=0x00000023e63f9500
Event: 7.113 Thread 0x000001c4d6b97fc0 DEOPT UNPACKING pc=0x000001c4bec6e23f sp=0x00000023e63f8a78 mode 0
Event: 7.113 Thread 0x000001c4d58fe880 DEOPT PACKING pc=0x000001c4bf5ef8d6 sp=0x00000023e5cfea60
Event: 7.113 Thread 0x000001c4d58fe880 DEOPT UNPACKING pc=0x000001c4bec6e23f sp=0x00000023e5cfdf18 mode 0
Event: 7.114 Thread 0x000001c4d6b97fc0 DEOPT PACKING pc=0x000001c4bf5f04a6 sp=0x00000023e63f9700
Event: 7.114 Thread 0x000001c4d6b97fc0 DEOPT UNPACKING pc=0x000001c4bec6e23f sp=0x00000023e63f8bf0 mode 0
Event: 7.114 Thread 0x000001c4d6b97fc0 DEOPT PACKING pc=0x000001c4bf5d15f7 sp=0x00000023e63f9500
Event: 7.114 Thread 0x000001c4d6b97fc0 DEOPT UNPACKING pc=0x000001c4bec6e23f sp=0x00000023e63f8a78 mode 0
Event: 7.114 Thread 0x000001c4d58fe880 DEOPT PACKING pc=0x000001c4bf5ef8d6 sp=0x00000023e5cfea60
Event: 7.114 Thread 0x000001c4d58fe880 DEOPT UNPACKING pc=0x000001c4bec6e23f sp=0x00000023e5cfdf18 mode 0
Event: 7.182 Thread 0x000001c4d3b82bd0 Uncommon trap: trap_request=0xffffffde fr.pc=0x000001c4c69375b0 relative=0x0000000000001090
Event: 7.182 Thread 0x000001c4d3b82bd0 Uncommon trap: reason=class_check action=maybe_recompile pc=0x000001c4c69375b0 method=java.util.concurrent.ConcurrentHashMap.putVal(Ljava/lang/Object;Ljava/lang/Object;Z)Ljava/lang/Object; @ 242 c2
Event: 7.182 Thread 0x000001c4d3b82bd0 DEOPT PACKING pc=0x000001c4c69375b0 sp=0x00000023e62fd320
Event: 7.182 Thread 0x000001c4d3b82bd0 DEOPT UNPACKING pc=0x000001c4bec6e42f sp=0x00000023e62fd290 mode 2

Classes unloaded (0 events):
No events

Classes redefined (0 events):
No events

Internal exceptions (20 events):
Event: 0.851 Thread 0x000001c4d4c41f20 Exception <a 'java/lang/NoSuchMethodError'{0x00000000eeb2a118}: 'java.lang.Object java.lang.invoke.Invokers$Holder.invoke_MT(java.lang.Object, java.lang.Object, java.lang.Object, java.lang.Object, java.lang.Object)'> (0x00000000eeb2a118) 
thrown [./open/src/hotspot/share/interpreter/linkResolver.cpp, line 782]
Event: 0.913 Thread 0x000001c4d4c41f20 Exception <a 'java/lang/NoSuchMethodError'{0x00000000ee002880}: 'void java.lang.invoke.DirectMethodHandle$Holder.invokeSpecial(java.lang.Object, java.lang.Object, java.lang.Object, java.lang.Object, java.lang.Object)'> (0x00000000ee002880) 
thrown [./open/src/hotspot/share/interpreter/linkResolver.cpp, line 782]
Event: 0.917 Thread 0x000001c4d4c41f20 Exception <a 'java/lang/NoSuchMethodError'{0x00000000ee083668}: 'void java.lang.invoke.DirectMethodHandle$Holder.invokeStaticInit(java.lang.Object, java.lang.Object, java.lang.Object)'> (0x00000000ee083668) 
thrown [./open/src/hotspot/share/interpreter/linkResolver.cpp, line 782]
Event: 1.167 Thread 0x000001c4d39728c0 Exception <a 'java/lang/NoSuchMethodError'{0x00000000ec611080}: 'int java.lang.invoke.DirectMethodHandle$Holder.invokeStaticInit(java.lang.Object, java.lang.Object, java.lang.Object)'> (0x00000000ec611080) 
thrown [./open/src/hotspot/share/interpreter/linkResolver.cpp, line 782]
Event: 1.250 Thread 0x000001c4d6b97fc0 Exception <a 'java/lang/NoSuchMethodError'{0x00000000ebcb5760}: 'void java.lang.invoke.DirectMethodHandle$Holder.invokeStaticInit(java.lang.Object)'> (0x00000000ebcb5760) 
thrown [./open/src/hotspot/share/interpreter/linkResolver.cpp, line 782]
Event: 1.623 Thread 0x000001c4d6b97fc0 Exception <a 'java/lang/NoSuchMethodError'{0x00000000e9027420}: 'java.lang.Object java.lang.invoke.DirectMethodHandle$Holder.invokeStaticInit(java.lang.Object, java.lang.Object, java.lang.Object, java.lang.Object)'> (0x00000000e9027420) 
thrown [./open/src/hotspot/share/interpreter/linkResolver.cpp, line 782]
Event: 1.624 Thread 0x000001c4d6b97fc0 Exception <a 'java/lang/NullPointerException'{0x00000000e903bd50}> (0x00000000e903bd50) 
thrown [./open/src/hotspot/share/interpreter/linkResolver.cpp, line 1374]
Event: 2.234 Thread 0x000001c4d6b97fc0 Exception <a 'java/lang/NoSuchMethodError'{0x00000000ecd76380}: 'java.lang.Object java.lang.invoke.DirectMethodHandle$Holder.invokeInterface(java.lang.Object, java.lang.Object, java.lang.Object)'> (0x00000000ecd76380) 
thrown [./open/src/hotspot/share/interpreter/linkResolver.cpp, line 782]
Event: 2.234 Thread 0x000001c4d6b97fc0 Exception <a 'java/lang/IncompatibleClassChangeError'{0x00000000ecd79f00}: Found class java.lang.Object, but interface was expected> (0x00000000ecd79f00) 
thrown [./open/src/hotspot/share/interpreter/linkResolver.cpp, line 848]
Event: 2.495 Thread 0x000001c4d6b97fc0 Exception <a 'java/lang/NoSuchMethodError'{0x00000000eae0a540}: 'java.lang.Object java.lang.invoke.DirectMethodHandle$Holder.newInvokeSpecial(java.lang.Object, java.lang.Object, int)'> (0x00000000eae0a540) 
thrown [./open/src/hotspot/share/interpreter/linkResolver.cpp, line 782]
Event: 2.498 Thread 0x000001c4d4c41f20 Exception <a 'java/lang/NoSuchMethodError'{0x00000000eaec16a0}: 'void java.lang.invoke.DirectMethodHandle$Holder.invokeVirtual(java.lang.Object, java.lang.Object)'> (0x00000000eaec16a0) 
thrown [./open/src/hotspot/share/interpreter/linkResolver.cpp, line 782]
Event: 2.512 Thread 0x000001c4d3b82bd0 Exception <a 'java/lang/NoSuchMethodError'{0x00000000eab19b40}: 'int java.lang.invoke.DirectMethodHandle$Holder.invokeStaticInit(java.lang.Object, java.lang.Object)'> (0x00000000eab19b40) 
thrown [./open/src/hotspot/share/interpreter/linkResolver.cpp, line 782]
Event: 2.581 Thread 0x000001c4d4c41f20 Exception <a 'java/lang/NoSuchMethodError'{0x00000000e30a5330}: 'int java.lang.invoke.DirectMethodHandle$Holder.invokeStatic(java.lang.Object, java.lang.Object, java.lang.Object, java.lang.Object)'> (0x00000000e30a5330) 
thrown [./open/src/hotspot/share/interpreter/linkResolver.cpp, line 782]
Event: 2.582 Thread 0x000001c4d4c41f20 Exception <a 'java/lang/NoSuchMethodError'{0x00000000e30a9130}: 'java.lang.Object java.lang.invoke.Invokers$Holder.invokeExact_MT(java.lang.Object, java.lang.Object, java.lang.Object, java.lang.Object, java.lang.Object, java.lang.Object)'> (0x00000000e30a9130) 
thrown [./open/src/hotspot/share/interpreter/linkResolver.cpp, line 782]
Event: 3.204 Thread 0x000001c4d4c41f20 Implicit null exception at 0x000001c4c67ba760 to 0x000001c4c67ba8f8
Event: 3.204 Thread 0x000001c4d4c41f20 Implicit null exception at 0x000001c4c67b9c50 to 0x000001c4c67b9df8
Event: 7.125 Thread 0x000001c4d6b97fc0 Exception <a 'java/lang/NoSuchMethodError'{0x00000000e32e63b0}: 'long java.lang.invoke.DirectMethodHandle$Holder.invokeStatic(java.lang.Object, java.lang.Object, java.lang.Object)'> (0x00000000e32e63b0) 
thrown [./open/src/hotspot/share/interpreter/linkResolver.cpp, line 782]
Event: 7.125 Thread 0x000001c4d6b97fc0 Exception <a 'java/lang/NoSuchMethodError'{0x00000000e32ea558}: 'long java.lang.invoke.DirectMethodHandle$Holder.invokeStaticInit(java.lang.Object, java.lang.Object, java.lang.Object)'> (0x00000000e32ea558) 
thrown [./open/src/hotspot/share/interpreter/linkResolver.cpp, line 782]
Event: 7.127 Thread 0x000001c4d6b97fc0 Exception <a 'java/lang/NoSuchMethodError'{0x00000000e3103270}: 'java.lang.Object java.lang.invoke.DirectMethodHandle$Holder.newInvokeSpecial(java.lang.Object, java.lang.Object, long)'> (0x00000000e3103270) 
thrown [./open/src/hotspot/share/interpreter/linkResolver.cpp, line 782]
Event: 7.127 Thread 0x000001c4d6b97fc0 Exception <a 'java/lang/NoSuchMethodError'{0x00000000e3107530}: 'java.lang.Object java.lang.invoke.Invokers$Holder.linkToTargetMethod(java.lang.Object, long, java.lang.Object)'> (0x00000000e3107530) 
thrown [./open/src/hotspot/share/interpreter/linkResolver.cpp, line 782]

Events (20 events):
Event: 7.117 loading class sun/text/CompactByteArray done
Event: 7.117 loading class sun/text/SupplementaryCharacterData
Event: 7.117 loading class sun/text/SupplementaryCharacterData done
Event: 7.117 loading class java/text/BreakIterator$BreakIteratorCache
Event: 7.117 loading class java/text/BreakIterator$BreakIteratorCache done
Event: 7.151 Executing VM operation: G1TryInitiateConcMark
Event: 7.154 Executing VM operation: G1TryInitiateConcMark done
Event: 7.161 Executing VM operation: G1Concurrent
Event: 7.162 Executing VM operation: G1Concurrent done
Event: 7.165 Executing VM operation: G1Concurrent
Event: 7.166 Executing VM operation: G1Concurrent done
Event: 7.176 Loaded shared library C:\Users\ylira\.openjfx\cache\11.0.2\decora_sse.dll
Event: 7.178 Executing VM operation: G1TryInitiateConcMark
Event: 7.181 Executing VM operation: G1TryInitiateConcMark done
Event: 7.187 Executing VM operation: G1Concurrent
Event: 7.189 Executing VM operation: G1Concurrent done
Event: 7.189 Executing VM operation: HandshakeAllThreads
Event: 7.189 Executing VM operation: HandshakeAllThreads done
Event: 7.194 Executing VM operation: G1Concurrent
Event: 7.194 Executing VM operation: G1Concurrent done


Dynamic libraries:
0x00007ff6cea40000 - 0x00007ff6cea4d000 	C:\Program Files\Java\jdk-15.0.1\bin\java.exe
0x00007ffb2f660000 - 0x00007ffb2f850000 	C:\WINDOWS\SYSTEM32\ntdll.dll
0x00007ffb2dce0000 - 0x00007ffb2dd92000 	C:\WINDOWS\System32\KERNEL32.DLL
0x00007ffb2c5d0000 - 0x00007ffb2c875000 	C:\WINDOWS\System32\KERNELBASE.dll
0x00007ffb2c900000 - 0x00007ffb2c9fa000 	C:\WINDOWS\System32\ucrtbase.dll
0x00007ffb1c6d0000 - 0x00007ffb1c6e8000 	C:\Program Files\Java\jdk-15.0.1\bin\jli.dll
0x00007ffb2a190000 - 0x00007ffb2a1a9000 	C:\Program Files\Java\jdk-15.0.1\bin\VCRUNTIME140.dll
0x00007ffb2dac0000 - 0x00007ffb2dc54000 	C:\WINDOWS\System32\USER32.dll
0x00007ffb2d190000 - 0x00007ffb2d1b1000 	C:\WINDOWS\System32\win32u.dll
0x00007ffb2f550000 - 0x00007ffb2f576000 	C:\WINDOWS\System32\GDI32.dll
0x00007ffb2d360000 - 0x00007ffb2d4f6000 	C:\WINDOWS\System32\gdi32full.dll
0x00007ffb1d5a0000 - 0x00007ffb1d824000 	C:\WINDOWS\WinSxS\amd64_microsoft.windows.common-controls_6595b64144ccf1df_6.0.18362.1256_none_9e7e379be45e40e2\COMCTL32.dll
0x00007ffb2d670000 - 0x00007ffb2d70e000 	C:\WINDOWS\System32\msvcp_win.dll
0x00007ffb2e2a0000 - 0x00007ffb2e33e000 	C:\WINDOWS\System32\msvcrt.dll
0x00007ffb2f0e0000 - 0x00007ffb2f416000 	C:\WINDOWS\System32\combase.dll
0x00007ffb2dda0000 - 0x00007ffb2dec0000 	C:\WINDOWS\System32\RPCRT4.dll
0x00007ffb2d500000 - 0x00007ffb2d581000 	C:\WINDOWS\System32\bcryptPrimitives.dll
0x00007ffb2f0b0000 - 0x00007ffb2f0de000 	C:\WINDOWS\System32\IMM32.DLL
0x00007ffb287d0000 - 0x00007ffb287dc000 	C:\Program Files\Java\jdk-15.0.1\bin\vcruntime140_1.dll
0x00007ffb15a60000 - 0x00007ffb15af1000 	C:\Program Files\Java\jdk-15.0.1\bin\msvcp140.dll
0x00007ffacaf80000 - 0x00007ffacbade000 	C:\Program Files\Java\jdk-15.0.1\bin\server\jvm.dll
0x00007ffb2d960000 - 0x00007ffb2da03000 	C:\WINDOWS\System32\ADVAPI32.dll
0x00007ffb2f580000 - 0x00007ffb2f617000 	C:\WINDOWS\System32\sechost.dll
0x00007ffb2d710000 - 0x00007ffb2d718000 	C:\WINDOWS\System32\PSAPI.DLL
0x00007ffb15630000 - 0x00007ffb15639000 	C:\WINDOWS\SYSTEM32\WSOCK32.dll
0x00007ffb29f80000 - 0x00007ffb29fa4000 	C:\WINDOWS\SYSTEM32\WINMM.dll
0x00007ffb25d00000 - 0x00007ffb25d0a000 	C:\WINDOWS\SYSTEM32\VERSION.dll
0x00007ffb2e080000 - 0x00007ffb2e0ef000 	C:\WINDOWS\System32\WS2_32.dll
0x00007ffb29f50000 - 0x00007ffb29f7d000 	C:\WINDOWS\SYSTEM32\winmmbase.dll
0x00007ffb2d310000 - 0x00007ffb2d35a000 	C:\WINDOWS\System32\cfgmgr32.dll
0x00007ffb2c510000 - 0x00007ffb2c521000 	C:\WINDOWS\System32\kernel.appcore.dll
0x00007ffb1c6c0000 - 0x00007ffb1c6ca000 	C:\Program Files\Java\jdk-15.0.1\bin\jimage.dll
0x00007ffb2ace0000 - 0x00007ffb2aed4000 	C:\WINDOWS\SYSTEM32\DBGHELP.DLL
0x00007ffb17dc0000 - 0x00007ffb17dea000 	C:\WINDOWS\SYSTEM32\dbgcore.DLL
0x00007ffb1c720000 - 0x00007ffb1c72e000 	C:\Program Files\Java\jdk-15.0.1\bin\instrument.dll
0x00007ffb1c690000 - 0x00007ffb1c6b5000 	C:\Program Files\Java\jdk-15.0.1\bin\java.dll
0x00007ffb2e960000 - 0x00007ffb2f047000 	C:\WINDOWS\System32\SHELL32.dll
0x00007ffb2f4a0000 - 0x00007ffb2f549000 	C:\WINDOWS\System32\shcore.dll
0x00007ffb2ca00000 - 0x00007ffb2d181000 	C:\WINDOWS\System32\windows.storage.dll
0x00007ffb2c5a0000 - 0x00007ffb2c5c3000 	C:\WINDOWS\System32\profapi.dll
0x00007ffb2c530000 - 0x00007ffb2c57a000 	C:\WINDOWS\System32\powrprof.dll
0x00007ffb2c500000 - 0x00007ffb2c510000 	C:\WINDOWS\System32\UMPDC.dll
0x00007ffb2e240000 - 0x00007ffb2e292000 	C:\WINDOWS\System32\shlwapi.dll
0x00007ffb2c8e0000 - 0x00007ffb2c8f7000 	C:\WINDOWS\System32\cryptsp.dll
0x00007ffb1c620000 - 0x00007ffb1c638000 	C:\Program Files\Java\jdk-15.0.1\bin\zip.dll
0x00007ffb1c670000 - 0x00007ffb1c689000 	C:\Program Files\Java\jdk-15.0.1\bin\net.dll
0x00007ffb24520000 - 0x00007ffb24610000 	C:\WINDOWS\SYSTEM32\WINHTTP.dll
0x00007ffb2bd00000 - 0x00007ffb2bd67000 	C:\WINDOWS\system32\mswsock.dll
0x00007ffb1c650000 - 0x00007ffb1c662000 	C:\Program Files\Java\jdk-15.0.1\bin\nio.dll
0x00007ffb1c610000 - 0x00007ffb1c620000 	C:\Program Files\Java\jdk-15.0.1\bin\verify.dll
0x00007ffb01720000 - 0x00007ffb01736000 	C:\WINDOWS\system32\napinsp.dll
0x00007ffb01700000 - 0x00007ffb0171a000 	C:\WINDOWS\system32\pnrpnsp.dll
0x00007ffb2ba60000 - 0x00007ffb2bb2b000 	C:\WINDOWS\SYSTEM32\DNSAPI.dll
0x00007ffb2f420000 - 0x00007ffb2f428000 	C:\WINDOWS\System32\NSI.dll
0x00007ffb2ba10000 - 0x00007ffb2ba4a000 	C:\WINDOWS\SYSTEM32\IPHLPAPI.DLL
0x00007ffb016e0000 - 0x00007ffb016ee000 	C:\WINDOWS\System32\winrnr.dll
0x00007ffb28780000 - 0x00007ffb2879c000 	C:\WINDOWS\system32\NLAapi.dll
0x00007ffb274c0000 - 0x00007ffb274d5000 	C:\WINDOWS\system32\wshbth.dll
0x00007ffb259a0000 - 0x00007ffb259aa000 	C:\Windows\System32\rasadhlp.dll
0x00007ffb24240000 - 0x00007ffb242b7000 	C:\WINDOWS\System32\fwpuclnt.dll
0x00007ffb2d640000 - 0x00007ffb2d666000 	C:\WINDOWS\System32\bcrypt.dll
0x00007ffb24ae0000 - 0x00007ffb24af6000 	C:\WINDOWS\SYSTEM32\dhcpcsvc6.DLL
0x00007ffb249b0000 - 0x00007ffb249cc000 	C:\WINDOWS\SYSTEM32\dhcpcsvc.DLL
0x00007ffb2b880000 - 0x00007ffb2b8b3000 	C:\WINDOWS\system32\rsaenh.dll
0x00007ffb2c420000 - 0x00007ffb2c445000 	C:\WINDOWS\SYSTEM32\USERENV.dll
0x00007ffb2be80000 - 0x00007ffb2be8c000 	C:\WINDOWS\SYSTEM32\CRYPTBASE.dll
0x000001c4b6950000 - 0x000001c4b6953000 	C:\Program Files\Java\jdk-15.0.1\bin\api-ms-win-core-console-l1-1-0.dll
0x000001c4b6960000 - 0x000001c4b6963000 	C:\Program Files\Java\jdk-15.0.1\bin\api-ms-win-core-datetime-l1-1-0.dll
0x000001c4b6970000 - 0x000001c4b6973000 	C:\Program Files\Java\jdk-15.0.1\bin\api-ms-win-core-debug-l1-1-0.dll
0x000001c4b6980000 - 0x000001c4b6983000 	C:\Program Files\Java\jdk-15.0.1\bin\api-ms-win-core-errorhandling-l1-1-0.dll
0x000001c4b6990000 - 0x000001c4b6994000 	C:\Program Files\Java\jdk-15.0.1\bin\api-ms-win-core-file-l1-1-0.dll
0x000001c4b69a0000 - 0x000001c4b69a3000 	C:\Program Files\Java\jdk-15.0.1\bin\api-ms-win-core-file-l1-2-0.dll
0x000001c4b69b0000 - 0x000001c4b69b3000 	C:\Program Files\Java\jdk-15.0.1\bin\api-ms-win-core-file-l2-1-0.dll
0x000001c4b69c0000 - 0x000001c4b69c3000 	C:\Program Files\Java\jdk-15.0.1\bin\api-ms-win-core-handle-l1-1-0.dll
0x000001c4d5b10000 - 0x000001c4d5b13000 	C:\Program Files\Java\jdk-15.0.1\bin\api-ms-win-core-heap-l1-1-0.dll
0x000001c4d5b20000 - 0x000001c4d5b23000 	C:\Program Files\Java\jdk-15.0.1\bin\api-ms-win-core-interlocked-l1-1-0.dll
0x000001c4d5b30000 - 0x000001c4d5b33000 	C:\Program Files\Java\jdk-15.0.1\bin\api-ms-win-core-libraryloader-l1-1-0.dll
0x000001c4d5b40000 - 0x000001c4d5b43000 	C:\Program Files\Java\jdk-15.0.1\bin\api-ms-win-core-localization-l1-2-0.dll
0x000001c4d5b50000 - 0x000001c4d5b53000 	C:\Program Files\Java\jdk-15.0.1\bin\api-ms-win-core-memory-l1-1-0.dll
0x000001c4d5b60000 - 0x000001c4d5b63000 	C:\Program Files\Java\jdk-15.0.1\bin\api-ms-win-core-namedpipe-l1-1-0.dll
0x000001c4d5b70000 - 0x000001c4d5b73000 	C:\Program Files\Java\jdk-15.0.1\bin\api-ms-win-core-processenvironment-l1-1-0.dll
0x000001c4d5b80000 - 0x000001c4d5b83000 	C:\Program Files\Java\jdk-15.0.1\bin\api-ms-win-core-processthreads-l1-1-0.dll
0x000001c4d5b90000 - 0x000001c4d5b93000 	C:\Program Files\Java\jdk-15.0.1\bin\api-ms-win-core-processthreads-l1-1-1.dll
0x000001c4d5ba0000 - 0x000001c4d5ba3000 	C:\Program Files\Java\jdk-15.0.1\bin\api-ms-win-core-profile-l1-1-0.dll
0x000001c4d5bb0000 - 0x000001c4d5bb3000 	C:\Program Files\Java\jdk-15.0.1\bin\api-ms-win-core-rtlsupport-l1-1-0.dll
0x000001c4d5bc0000 - 0x000001c4d5bc3000 	C:\Program Files\Java\jdk-15.0.1\bin\api-ms-win-core-string-l1-1-0.dll
0x000001c4d5bd0000 - 0x000001c4d5bd3000 	C:\Program Files\Java\jdk-15.0.1\bin\api-ms-win-core-synch-l1-1-0.dll
0x000001c4d5be0000 - 0x000001c4d5be3000 	C:\Program Files\Java\jdk-15.0.1\bin\api-ms-win-core-synch-l1-2-0.dll
0x000001c4d5bf0000 - 0x000001c4d5bf3000 	C:\Program Files\Java\jdk-15.0.1\bin\api-ms-win-core-sysinfo-l1-1-0.dll
0x000001c4d5c00000 - 0x000001c4d5c03000 	C:\Program Files\Java\jdk-15.0.1\bin\api-ms-win-core-timezone-l1-1-0.dll
0x000001c4d5c10000 - 0x000001c4d5c13000 	C:\Program Files\Java\jdk-15.0.1\bin\api-ms-win-core-util-l1-1-0.dll
0x000001c4d5c20000 - 0x000001c4d5c23000 	C:\Program Files\Java\jdk-15.0.1\bin\api-ms-win-crt-conio-l1-1-0.dll
0x000001c4d5c30000 - 0x000001c4d5c34000 	C:\Program Files\Java\jdk-15.0.1\bin\api-ms-win-crt-convert-l1-1-0.dll
0x000001c4d5c40000 - 0x000001c4d5c43000 	C:\Program Files\Java\jdk-15.0.1\bin\api-ms-win-crt-environment-l1-1-0.dll
0x000001c4d5c50000 - 0x000001c4d5c53000 	C:\Program Files\Java\jdk-15.0.1\bin\api-ms-win-crt-filesystem-l1-1-0.dll
0x000001c4d5c60000 - 0x000001c4d5c63000 	C:\Program Files\Java\jdk-15.0.1\bin\api-ms-win-crt-heap-l1-1-0.dll
0x000001c4d5c70000 - 0x000001c4d5c73000 	C:\Program Files\Java\jdk-15.0.1\bin\api-ms-win-crt-locale-l1-1-0.dll
0x000001c4d5c80000 - 0x000001c4d5c85000 	C:\Program Files\Java\jdk-15.0.1\bin\api-ms-win-crt-math-l1-1-0.dll
0x000001c4d5fb0000 - 0x000001c4d5fb5000 	C:\Program Files\Java\jdk-15.0.1\bin\api-ms-win-crt-multibyte-l1-1-0.dll
0x000001c4d5fc0000 - 0x000001c4d5fd0000 	C:\Program Files\Java\jdk-15.0.1\bin\api-ms-win-crt-private-l1-1-0.dll
0x000001c4d5fd0000 - 0x000001c4d5fd3000 	C:\Program Files\Java\jdk-15.0.1\bin\api-ms-win-crt-process-l1-1-0.dll
0x000001c4d5fe0000 - 0x000001c4d5fe4000 	C:\Program Files\Java\jdk-15.0.1\bin\api-ms-win-crt-runtime-l1-1-0.dll
0x000001c4d5ff0000 - 0x000001c4d5ff4000 	C:\Program Files\Java\jdk-15.0.1\bin\api-ms-win-crt-stdio-l1-1-0.dll
0x000001c4d6000000 - 0x000001c4d6004000 	C:\Program Files\Java\jdk-15.0.1\bin\api-ms-win-crt-string-l1-1-0.dll
0x000001c4d6010000 - 0x000001c4d6013000 	C:\Program Files\Java\jdk-15.0.1\bin\api-ms-win-crt-time-l1-1-0.dll
0x000001c4d6020000 - 0x000001c4d6023000 	C:\Program Files\Java\jdk-15.0.1\bin\api-ms-win-crt-utility-l1-1-0.dll
0x00007ffaf00c0000 - 0x00007ffaf01ba000 	C:\Program Files\Java\jdk-15.0.1\bin\ucrtbase.dll
0x00007ffb12f10000 - 0x00007ffb12f5d000 	C:\Windows\System32\concrt140.dll
0x00007ffb1c6f0000 - 0x00007ffb1c70c000 	C:\Users\ylira\.openjfx\cache\11.0.2\prism_sw.dll
0x0000000067780000 - 0x0000000067856000 	C:\Users\ylira\AppData\Local\Temp\sqlite-3.32.3.2-b9de144f-4c42-45fc-bc93-d643b797df1e-sqlitejdbc.dll
0x00007ffb19a80000 - 0x00007ffb19a94000 	C:\Users\ylira\.openjfx\cache\11.0.2\javafx_font.dll
0x00007ffb2d720000 - 0x00007ffb2d877000 	C:\WINDOWS\System32\ole32.dll
0x00007ffb2a390000 - 0x00007ffb2a429000 	C:\WINDOWS\system32\uxtheme.dll
0x00007ffb0e520000 - 0x00007ffb0e81e000 	C:\WINDOWS\SYSTEM32\dwrite.dll
0x00007ffb17e50000 - 0x00007ffb17e68000 	C:\Users\ylira\.openjfx\cache\11.0.2\decora_sse.dll
0x00007ffadbd70000 - 0x00007ffadbe6c000 	C:\ProgramData\A-Volute\A-Volute.Nahimic\Modules\Scheduled\x64\A-Volute.NahimicDevProps2.dll
0x00007ffb2da10000 - 0x00007ffb2dab2000 	C:\WINDOWS\System32\clbcatq.dll

dbghelp: loaded successfully - version: 4.0.5 - missing functions: none
symbol engine: initialized successfully - sym options: 0x614 - pdb path: .;C:\Program Files\Java\jdk-15.0.1\bin;C:\WINDOWS\SYSTEM32;C:\WINDOWS\WinSxS\amd64_microsoft.windows.common-controls_6595b64144ccf1df_6.0.18362.1256_none_9e7e379be45e40e2;C:\Program Files\Java\jdk-15.0.1\bin\server;C:\Users\ylira\.openjfx\cache\11.0.2;C:\Users\ylira\AppData\Local\Temp;C:\ProgramData\A-Volute\A-Volute.Nahimic\Modules\Scheduled\x64

VM Arguments:
jvm_args: -Djava.awt.headless=true -Dorg.gradle.native=false -Dprism.order=sw -Dprism.text=t2k -Dtestfx.headless=true -Dtestfx.robot=glass -javaagent:build/tmp/expandedArchives/org.jacoco.agent-0.8.5.jar_6a2df60c47de373ea127d14406367999/jacocoagent.jar=destfile=build/jacoco/test.exec,append=true,inclnolocationclasses=false,dumponexit=true,output=file,jmx=false -Xmx512m -Dfile.encoding=utf-8 -Duser.country=US -Duser.language=en -Duser.variant -ea 
java_command: worker.org.gradle.process.internal.worker.GradleWorkerMain 'Gradle Test Executor 10'
java_class_path (initial): C:\\Users\\ylira\\.gradle\\caches\\6.7\\workerMain\\gradle-worker.jar;C:\\Yliopisto\\Ohjelmistotuotanto\\miniprojekti\\ohtu-team13\\build\\classes\\java\\test;C:\\Yliopisto\\Ohjelmistotuotanto\\miniprojekti\\ohtu-team13\\build\\resources\\test;C:\\Yliopisto\\Ohjelmistotuotanto\\miniprojekti\\ohtu-team13\\build\\classes\\java\\main;C:\\Yliopisto\\Ohjelmistotuotanto\\miniprojekti\\ohtu-team13\\build\\resources\\main;C:\\Users\\ylira\\.gradle\\caches\\modules-2\\files-2.1\\org.xerial\\sqlite-jdbc\\3.32.3.2\\ee9912c1bdec16fe5978b0abd9f4063ce9eedf8b\\sqlite-jdbc-3.32.3.2.jar;C:\\Users\\ylira\\.gradle\\caches\\modules-2\\files-2.1\\org.testfx\\openjfx-monocle\\jdk-11+26\\7a988f4e2a6db0b3a17baacea6e102df86a3d375\\openjfx-monocle-jdk-11+26.jar;C:\\Users\\ylira\\.gradle\\caches\\modules-2\\files-2.1\\org.openjfx\\javafx-controls\\11\\af8d24de44e16a19ae959028eb23a48c145fb682\\javafx-controls-11-win.jar;C:\\Users\\ylira\\.gradle\\caches\\modules-2\\files-2.1\\org.openjfx\\javafx-graphics\\11.0.2\\20459ea2cf714942bcbeb78a7f70ba3531dc1a44\\javafx-graphics-11.0.2-win.jar;C:\\Users\\ylira\\.gradle\\caches\\modules-2\\files-2.1\\org.openjfx\\javafx-graphics\\11.0.2\\c1d99ae5bc48e7173f4514a941d27d8f8c972c71\\javafx-graphics-11.0.2-mac.jar;C:\\Users\\ylira\\.gradle\\caches\\modules-2\\files-2.1\\org.openjfx\\javafx-graphics\\11.0.2\\ef4c34f0ca77cd99100b76c2ccf1dce383572bb1\\javafx-graphics-11.0.2-linux.jar;C:\\Users\\ylira\\.gradle\\caches\\modules-2\\files-2.1\\org.openjfx\\javafx-graphics\\11.0.2\\e522eb4ea422eceeee207b1c266ba3db19b2343a\\javafx-graphics-11.0.2.jar;C:\\Users\\ylira\\.gradle\\caches\\modules-2\\files-2.1\\org.openjfx\\javafx-base\\11.0.2\\1852e57b8cf9a9b6488c33605bccd5d06ff210e1\\javafx-base-11.0.2-win.jar;C:\\Users\\ylira\\.gradle\\caches\\modules-2\\files-2.1\\org.openjfx\\javafx-base\\11.0.2\\7fb2e4a8528ec9e434a9ac9ee98b39af79e6dcb8\\javafx-base-11.0.2.jar;C:\\Users\\ylira\\.gradle\\caches\\modules-2\\files-2.1\\org.testfx\\testfx-jun
Launcher Type: SUN_STANDARD

[Global flags]
     intx CICompilerCount                          = 4                                         {product} {ergonomic}
     uint ConcGCThreads                            = 3                                         {product} {ergonomic}
     uint G1ConcRefinementThreads                  = 10                                        {product} {ergonomic}
   size_t G1HeapRegionSize                         = 1048576                                   {product} {ergonomic}
    uintx GCDrainStackTargetSize                   = 64                                        {product} {ergonomic}
   size_t InitialHeapSize                          = 266338304                                 {product} {ergonomic}
   size_t MarkStackSize                            = 4194304                                   {product} {ergonomic}
   size_t MaxHeapSize                              = 536870912                                 {product} {command line}
   size_t MaxNewSize                               = 321912832                                 {product} {ergonomic}
   size_t MinHeapDeltaBytes                        = 1048576                                   {product} {ergonomic}
   size_t MinHeapSize                              = 8388608                                   {product} {ergonomic}
    uintx NonNMethodCodeHeapSize                   = 5839372                                {pd product} {ergonomic}
    uintx NonProfiledCodeHeapSize                  = 122909434                              {pd product} {ergonomic}
    uintx ProfiledCodeHeapSize                     = 122909434                              {pd product} {ergonomic}
    uintx ReservedCodeCacheSize                    = 251658240                              {pd product} {ergonomic}
     bool SegmentedCodeCache                       = true                                      {product} {ergonomic}
   size_t SoftMaxHeapSize                          = 536870912                              {manageable} {ergonomic}
     bool UseCompressedClassPointers               = true                                 {lp64_product} {ergonomic}
     bool UseCompressedOops                        = true                                 {lp64_product} {ergonomic}
     bool UseG1GC                                  = true                                      {product} {ergonomic}
     bool UseLargePagesIndividualAllocation        = false                                  {pd product} {ergonomic}

Logging:
Log output configuration:
 #0: stdout all=warning uptime,level,tags
 #1: stderr all=off uptime,level,tags

Environment Variables:
JAVA_HOME=C:\Program Files\Java\jdk-15.0.1
PATH=C:\Users\ylira\bin;C:\Yliopisto\Sl ja muuta\Git\mingw64\bin;C:\Yliopisto\Sl ja muuta\Git\usr\local\bin;C:\Yliopisto\Sl ja muuta\Git\usr\bin;C:\Yliopisto\Sl ja muuta\Git\usr\bin;C:\Yliopisto\Sl ja muuta\Git\mingw64\bin;C:\Yliopisto\Sl ja muuta\Git\usr\bin;C:\Users\ylira\bin;C:\Program Files (x86)\Google\Chrome\Application;C:\Program Files\AdoptOpenJDK\jdk-11.0.6.10-hotspot\bin;C:\Program Files (x86)\Common Files\Oracle\Java\javapath;C:\Program Files (x86)\Intel\Intel(R) Management Engine Components\iCLS;C:\Program Files\Intel\Intel(R) Management Engine Components\iCLS;C:\Windows\system32;C:\Windows;C:\Windows\System32\Wbem;C:\Windows\System32\WindowsPowerShell\v1.0;C:\Windows\System32\OpenSSH;C:\Program Files (x86)\NVIDIA Corporation\PhysX\Common;C:\Program Files (x86)\Intel\Intel(R) Management Engine Components\DAL;C:\Program Files\Intel\Intel(R) Management Engine Components\DAL;C:\Program Files (x86)\Intel\Intel(R) Management Engine Components\IPT;C:\Program Files\Intel\Intel(R) Management Engine Components\IPT;C:\Program Files\Intel\WiFi\bin;C:\Program Files\Common Files\Intel\WirelessCommon;C:\WINDOWS\system32;C:\WINDOWS;C:\WINDOWS\System32\Wbem;C:\WINDOWS\System32\WindowsPowerShell\v1.0;C:\WINDOWS\System32\OpenSSH;C:\Program Files\NVIDIA Corporation\NVIDIA NvDLISR;C:\Program Files\nodejs;C:\ProgramData\chocolatey\bin;C:\Yliopisto\Sl ja muuta\Git\cmd;C:\Yliopisto\tietoturva\Chromedriver;C:\Program Files\PostgreSQL\13\bin;C:\Program Files\PostgreSQL\13\lib;C:\Program Files\Docker\Docker\resources\bin;C:\ProgramData\DockerDesktop\version-bin;C:\Program Files\TMC-cli;C:\Program Files\Sqlite3;C:\Users\ylira\AppData\Local\Programs\Python\Python39\Scripts;C:\Users\ylira\AppData\Local\Programs\Python\Python39;C:\Users\ylira\AppData\Local\Microsoft\WindowsApps;C:\Yliopisto\Microsoft VS Code\bin;C:\Users\ylira\AppData\Local\atom\bin;C:\Program Files\heroku\bin;C:\Users\ylira\AppData\Roaming\npm;C:\Yliopisto\Sl ja muuta\Git\usr\bin\vendor_perl;C:\
USERNAME=ylira
SHELL=C:\Yliopisto\Sl ja muuta\Git\usr\bin\bash.exe
DISPLAY=needs-to-be-defined
LANG=en_US.UTF-8
OS=Windows_NT
PROCESSOR_IDENTIFIER=Intel64 Family 6 Model 158 Stepping 10, GenuineIntel



---------------  S Y S T E M  ---------------

OS:
 Windows 10 , 64 bit Build 18362 (10.0.18362.1110)
OS uptime: 0 days 3:21 hours
HyperV virtualization detected

CPU: total 12 (initial active 12) (6 cores per cpu, 2 threads per core) family 6 model 158 stepping 10 microcode 0x96, cmov, cx8, fxsr, mmx, sse, sse2, sse3, ssse3, sse4.1, sse4.2, popcnt, vzeroupper, avx, avx2, aes, clmul, erms, 3dnowpref, lzcnt, ht, tsc, tscinvbit, bmi1, bmi2, adx, fma, clflush, clflushopt

Memory: 4k page, system-wide physical 16229M (7648M free)
TotalPageFile size 18661M (AvailPageFile size 4691M)
current process WorkingSet (physical memory assigned to process): 186M, peak: 307M
current process commit charge ("private bytes"): 226M, peak: 446M

vm_info: OpenJDK 64-Bit Server VM (15.0.1+9-18) for windows-amd64 JRE (15.0.1+9-18), built on Sep 15 2020 14:39:31 by "mach5one" with unknown MS VC++:1925

END.
